{"/Volumes/Dev/GitHub/homebridge-plugin-wrapper/index.js":{"path":"/Volumes/Dev/GitHub/homebridge-plugin-wrapper/index.js","s":{"1":1,"2":1,"3":1,"4":1,"5":1,"6":1,"7":1,"8":1,"9":1,"10":1,"11":0,"12":0,"13":0,"14":1,"15":0,"16":0,"17":1,"18":0,"19":0,"20":0,"21":0,"22":1,"23":0,"24":0,"25":0,"26":0,"27":0,"28":0,"29":0,"30":0,"31":0,"32":0,"33":1,"34":0,"35":0,"36":0,"37":0,"38":0,"39":0,"40":0,"41":0,"42":0,"43":0,"44":0,"45":0,"46":0,"47":0,"48":0,"49":0,"50":0,"51":0,"52":0,"53":0,"54":0,"55":0,"56":0,"57":0,"58":0,"59":0,"60":0,"61":0,"62":0,"63":0,"64":0,"65":0,"66":0,"67":0,"68":0,"69":0,"70":0,"71":0,"72":0,"73":0,"74":0,"75":0,"76":0,"77":0,"78":0,"79":0,"80":0,"81":0,"82":0,"83":0,"84":0,"85":0,"86":0,"87":0},"b":{"1":[0,0],"2":[0,0],"3":[0,0],"4":[0,0],"5":[0,0],"6":[0,0]},"f":{"1":0,"2":0,"3":0,"4":0,"5":0,"6":0,"7":0,"8":0,"9":0,"10":0,"11":0,"12":0,"13":0,"14":0,"15":0,"16":0,"17":0,"18":0,"19":0,"20":0,"21":0,"22":0},"fnMap":{"1":{"name":"(anonymous_1)","line":10,"loc":{"start":{"line":10,"column":35},"end":{"line":10,"column":46}}},"2":{"name":"override","line":23,"loc":{"start":{"line":23,"column":0},"end":{"line":23,"column":29}}},"3":{"name":"HomebridgeWrapper","line":29,"loc":{"start":{"line":29,"column":0},"end":{"line":29,"column":35}}},"4":{"name":"WrapperBridge","line":37,"loc":{"start":{"line":37,"column":4},"end":{"line":37,"column":54}}},"5":{"name":"publish","line":44,"loc":{"start":{"line":44,"column":28},"end":{"line":44,"column":73}}},"6":{"name":"addBridgedAccessory","line":51,"loc":{"start":{"line":51,"column":28},"end":{"line":51,"column":81}}},"7":{"name":"registerEventsForCharacteristic","line":59,"loc":{"start":{"line":59,"column":8},"end":{"line":59,"column":85}}},"8":{"name":"(anonymous_8)","line":60,"loc":{"start":{"line":60,"column":40},"end":{"line":60,"column":55}}},"9":{"name":"(anonymous_9)","line":63,"loc":{"start":{"line":63,"column":36},"end":{"line":63,"column":57}}},"10":{"name":"(anonymous_10)","line":81,"loc":{"start":{"line":81,"column":37},"end":{"line":81,"column":48}}},"11":{"name":"(anonymous_11)","line":90,"loc":{"start":{"line":90,"column":33},"end":{"line":90,"column":47}}},"12":{"name":"(anonymous_12)","line":92,"loc":{"start":{"line":92,"column":39},"end":{"line":92,"column":50}}},"13":{"name":"(anonymous_13)","line":94,"loc":{"start":{"line":94,"column":33},"end":{"line":94,"column":44}}},"14":{"name":"(anonymous_14)","line":98,"loc":{"start":{"line":98,"column":48},"end":{"line":98,"column":64}}},"15":{"name":"(anonymous_15)","line":106,"loc":{"start":{"line":106,"column":43},"end":{"line":106,"column":59}}},"16":{"name":"(anonymous_16)","line":114,"loc":{"start":{"line":114,"column":50},"end":{"line":114,"column":93}}},"17":{"name":"(anonymous_17)","line":118,"loc":{"start":{"line":118,"column":56},"end":{"line":118,"column":72}}},"18":{"name":"init","line":129,"loc":{"start":{"line":129,"column":35},"end":{"line":129,"column":51}}},"19":{"name":"finish","line":142,"loc":{"start":{"line":142,"column":37},"end":{"line":142,"column":55}}},"20":{"name":"getAccessoryByUUID","line":150,"loc":{"start":{"line":150,"column":49},"end":{"line":150,"column":83}}},"21":{"name":"getServiceByUUID","line":154,"loc":{"start":{"line":154,"column":47},"end":{"line":154,"column":101}}},"22":{"name":"getCharacteristicByUUID","line":158,"loc":{"start":{"line":158,"column":54},"end":{"line":158,"column":135}}}},"statementMap":{"1":{"start":{"line":6,"column":0},"end":{"line":6,"column":35}},"2":{"start":{"line":7,"column":0},"end":{"line":7,"column":35}},"3":{"start":{"line":8,"column":0},"end":{"line":8,"column":77}},"4":{"start":{"line":9,"column":0},"end":{"line":9,"column":63}},"5":{"start":{"line":10,"column":0},"end":{"line":10,"column":51}},"6":{"start":{"line":11,"column":0},"end":{"line":11,"column":24}},"7":{"start":{"line":14,"column":0},"end":{"line":14,"column":40}},"8":{"start":{"line":15,"column":0},"end":{"line":15,"column":50}},"9":{"start":{"line":17,"column":0},"end":{"line":17,"column":56}},"10":{"start":{"line":18,"column":0},"end":{"line":18,"column":34}},"11":{"start":{"line":19,"column":0},"end":{"line":19,"column":62}},"12":{"start":{"line":20,"column":0},"end":{"line":20,"column":26}},"13":{"start":{"line":21,"column":0},"end":{"line":21,"column":30}},"14":{"start":{"line":23,"column":0},"end":{"line":26,"column":1}},"15":{"start":{"line":24,"column":4},"end":{"line":24,"column":34}},"16":{"start":{"line":25,"column":4},"end":{"line":25,"column":51}},"17":{"start":{"line":29,"column":0},"end":{"line":125,"column":1}},"18":{"start":{"line":30,"column":4},"end":{"line":30,"column":32}},"19":{"start":{"line":31,"column":4},"end":{"line":31,"column":46}},"20":{"start":{"line":33,"column":4},"end":{"line":33,"column":20}},"21":{"start":{"line":35,"column":4},"end":{"line":35,"column":53}},"22":{"start":{"line":37,"column":4},"end":{"line":40,"column":5}},"23":{"start":{"line":38,"column":8},"end":{"line":38,"column":67}},"24":{"start":{"line":39,"column":8},"end":{"line":39,"column":67}},"25":{"start":{"line":42,"column":4},"end":{"line":42,"column":40}},"26":{"start":{"line":44,"column":4},"end":{"line":49,"column":7}},"27":{"start":{"line":45,"column":8},"end":{"line":45,"column":86}},"28":{"start":{"line":48,"column":8},"end":{"line":48,"column":65}},"29":{"start":{"line":51,"column":4},"end":{"line":79,"column":7}},"30":{"start":{"line":54,"column":8},"end":{"line":54,"column":85}},"31":{"start":{"line":55,"column":8},"end":{"line":55,"column":102}},"32":{"start":{"line":57,"column":8},"end":{"line":57,"column":45}},"33":{"start":{"line":59,"column":8},"end":{"line":66,"column":9}},"34":{"start":{"line":60,"column":12},"end":{"line":62,"column":15}},"35":{"start":{"line":61,"column":16},"end":{"line":61,"column":181}},"36":{"start":{"line":63,"column":12},"end":{"line":65,"column":15}},"37":{"start":{"line":64,"column":16},"end":{"line":64,"column":148}},"38":{"start":{"line":68,"column":8},"end":{"line":76,"column":9}},"39":{"start":{"line":69,"column":12},"end":{"line":69,"column":52}},"40":{"start":{"line":70,"column":12},"end":{"line":72,"column":13}},"41":{"start":{"line":71,"column":16},"end":{"line":71,"column":102}},"42":{"start":{"line":73,"column":12},"end":{"line":75,"column":13}},"43":{"start":{"line":74,"column":16},"end":{"line":74,"column":110}},"44":{"start":{"line":78,"column":8},"end":{"line":78,"column":25}},"45":{"start":{"line":81,"column":4},"end":{"line":88,"column":6}},"46":{"start":{"line":82,"column":8},"end":{"line":82,"column":63}},"47":{"start":{"line":84,"column":8},"end":{"line":84,"column":53}},"48":{"start":{"line":87,"column":8},"end":{"line":87,"column":101}},"49":{"start":{"line":90,"column":4},"end":{"line":91,"column":6}},"50":{"start":{"line":92,"column":4},"end":{"line":93,"column":6}},"51":{"start":{"line":94,"column":4},"end":{"line":96,"column":6}},"52":{"start":{"line":95,"column":8},"end":{"line":95,"column":28}},"53":{"start":{"line":98,"column":4},"end":{"line":104,"column":6}},"54":{"start":{"line":99,"column":6},"end":{"line":103,"column":7}},"55":{"start":{"line":100,"column":8},"end":{"line":100,"column":57}},"56":{"start":{"line":101,"column":8},"end":{"line":102,"column":32}},"57":{"start":{"line":102,"column":10},"end":{"line":102,"column":32}},"58":{"start":{"line":106,"column":4},"end":{"line":112,"column":6}},"59":{"start":{"line":107,"column":6},"end":{"line":111,"column":7}},"60":{"start":{"line":108,"column":8},"end":{"line":108,"column":43}},"61":{"start":{"line":109,"column":8},"end":{"line":110,"column":25}},"62":{"start":{"line":110,"column":10},"end":{"line":110,"column":25}},"63":{"start":{"line":114,"column":4},"end":{"line":116,"column":6}},"64":{"start":{"line":115,"column":6},"end":{"line":115,"column":92}},"65":{"start":{"line":118,"column":4},"end":{"line":124,"column":6}},"66":{"start":{"line":119,"column":6},"end":{"line":123,"column":7}},"67":{"start":{"line":120,"column":8},"end":{"line":120,"column":55}},"68":{"start":{"line":121,"column":8},"end":{"line":122,"column":27}},"69":{"start":{"line":122,"column":10},"end":{"line":122,"column":27}},"70":{"start":{"line":127,"column":0},"end":{"line":127,"column":42}},"71":{"start":{"line":129,"column":0},"end":{"line":140,"column":2}},"72":{"start":{"line":130,"column":4},"end":{"line":130,"column":31}},"73":{"start":{"line":132,"column":4},"end":{"line":132,"column":33}},"74":{"start":{"line":134,"column":4},"end":{"line":136,"column":6}},"75":{"start":{"line":137,"column":4},"end":{"line":137,"column":57}},"76":{"start":{"line":139,"column":4},"end":{"line":139,"column":22}},"77":{"start":{"line":142,"column":0},"end":{"line":148,"column":2}},"78":{"start":{"line":143,"column":4},"end":{"line":147,"column":5}},"79":{"start":{"line":144,"column":8},"end":{"line":144,"column":32}},"80":{"start":{"line":146,"column":8},"end":{"line":146,"column":47}},"81":{"start":{"line":150,"column":0},"end":{"line":152,"column":2}},"82":{"start":{"line":151,"column":4},"end":{"line":151,"column":62}},"83":{"start":{"line":154,"column":0},"end":{"line":156,"column":2}},"84":{"start":{"line":155,"column":4},"end":{"line":155,"column":80}},"85":{"start":{"line":158,"column":0},"end":{"line":160,"column":2}},"86":{"start":{"line":159,"column":4},"end":{"line":159,"column":107}},"87":{"start":{"line":162,"column":0},"end":{"line":162,"column":35}}},"branchMap":{"1":{"line":84,"type":"binary-expr","locations":[{"start":{"line":84,"column":27},"end":{"line":84,"column":46}},{"start":{"line":84,"column":50},"end":{"line":84,"column":52}}]},"2":{"line":87,"type":"binary-expr","locations":[{"start":{"line":87,"column":33},"end":{"line":87,"column":50}},{"start":{"line":87,"column":54},"end":{"line":87,"column":66}}]},"3":{"line":101,"type":"if","locations":[{"start":{"line":101,"column":8},"end":{"line":101,"column":8}},{"start":{"line":101,"column":8},"end":{"line":101,"column":8}}]},"4":{"line":109,"type":"if","locations":[{"start":{"line":109,"column":8},"end":{"line":109,"column":8}},{"start":{"line":109,"column":8},"end":{"line":109,"column":8}}]},"5":{"line":121,"type":"if","locations":[{"start":{"line":121,"column":8},"end":{"line":121,"column":8}},{"start":{"line":121,"column":8},"end":{"line":121,"column":8}}]},"6":{"line":143,"type":"if","locations":[{"start":{"line":143,"column":4},"end":{"line":143,"column":4}},{"start":{"line":143,"column":4},"end":{"line":143,"column":4}}]}}},"/Volumes/Dev/GitHub/homebridge-plugin-wrapper/homebridge/user.js":{"path":"/Volumes/Dev/GitHub/homebridge-plugin-wrapper/homebridge/user.js","s":{"1":1,"2":1,"3":1,"4":1,"5":1,"6":1,"7":1,"8":1,"9":1,"10":0,"11":1,"12":0,"13":0,"14":0,"15":1,"16":0,"17":1,"18":0,"19":1,"20":0,"21":1,"22":0},"b":{"1":[0,0],"2":[0,0]},"f":{"1":0,"2":0,"3":0,"4":0,"5":0,"6":0,"7":0},"fnMap":{"1":{"name":"User","line":21,"loc":{"start":{"line":21,"column":0},"end":{"line":21,"column":16}}},"2":{"name":"(anonymous_2)","line":24,"loc":{"start":{"line":24,"column":14},"end":{"line":24,"column":25}}},"3":{"name":"(anonymous_3)","line":28,"loc":{"start":{"line":28,"column":19},"end":{"line":28,"column":30}}},"4":{"name":"(anonymous_4)","line":33,"loc":{"start":{"line":33,"column":18},"end":{"line":33,"column":29}}},"5":{"name":"(anonymous_5)","line":37,"loc":{"start":{"line":37,"column":19},"end":{"line":37,"column":30}}},"6":{"name":"(anonymous_6)","line":41,"loc":{"start":{"line":41,"column":27},"end":{"line":41,"column":38}}},"7":{"name":"(anonymous_7)","line":45,"loc":{"start":{"line":45,"column":22},"end":{"line":45,"column":37}}}},"statementMap":{"1":{"start":{"line":1,"column":0},"end":{"line":1,"column":27}},"2":{"start":{"line":2,"column":0},"end":{"line":2,"column":23}},"3":{"start":{"line":3,"column":0},"end":{"line":3,"column":23}},"4":{"start":{"line":5,"column":0},"end":{"line":5,"column":13}},"5":{"start":{"line":7,"column":0},"end":{"line":9,"column":1}},"6":{"start":{"line":16,"column":0},"end":{"line":16,"column":11}},"7":{"start":{"line":19,"column":0},"end":{"line":19,"column":22}},"8":{"start":{"line":21,"column":0},"end":{"line":22,"column":1}},"9":{"start":{"line":24,"column":0},"end":{"line":26,"column":1}},"10":{"start":{"line":25,"column":2},"end":{"line":25,"column":61}},"11":{"start":{"line":28,"column":0},"end":{"line":31,"column":1}},"12":{"start":{"line":29,"column":2},"end":{"line":29,"column":50}},"13":{"start":{"line":29,"column":25},"end":{"line":29,"column":50}},"14":{"start":{"line":30,"column":2},"end":{"line":30,"column":48}},"15":{"start":{"line":33,"column":0},"end":{"line":35,"column":1}},"16":{"start":{"line":34,"column":2},"end":{"line":34,"column":54}},"17":{"start":{"line":37,"column":0},"end":{"line":39,"column":1}},"18":{"start":{"line":38,"column":2},"end":{"line":38,"column":50}},"19":{"start":{"line":41,"column":0},"end":{"line":43,"column":1}},"20":{"start":{"line":42,"column":2},"end":{"line":42,"column":54}},"21":{"start":{"line":45,"column":0},"end":{"line":47,"column":1}},"22":{"start":{"line":46,"column":2},"end":{"line":46,"column":27}}},"branchMap":{"1":{"line":25,"type":"binary-expr","locations":[{"start":{"line":25,"column":9},"end":{"line":25,"column":15}},{"start":{"line":25,"column":20},"end":{"line":25,"column":59}}]},"2":{"line":29,"type":"if","locations":[{"start":{"line":29,"column":2},"end":{"line":29,"column":2}},{"start":{"line":29,"column":2},"end":{"line":29,"column":2}}]}}},"/Volumes/Dev/GitHub/homebridge-plugin-wrapper/hap-nodejs/index.js":{"path":"/Volumes/Dev/GitHub/homebridge-plugin-wrapper/hap-nodejs/index.js","s":{"1":1,"2":1,"3":1,"4":0,"5":0,"6":0,"7":0,"8":0,"9":0,"10":0,"11":0,"12":0,"13":1,"14":0,"15":0,"16":0},"b":{"1":[0,0]},"f":{"1":0},"fnMap":{"1":{"name":"init","line":28,"loc":{"start":{"line":28,"column":0},"end":{"line":28,"column":27}}}},"statementMap":{"1":{"start":{"line":1,"column":0},"end":{"line":1,"column":56}},"2":{"start":{"line":2,"column":0},"end":{"line":2,"column":47}},"3":{"start":{"line":3,"column":0},"end":{"line":3,"column":47}},"4":{"start":{"line":4,"column":0},"end":{"line":4,"column":50}},"5":{"start":{"line":5,"column":0},"end":{"line":5,"column":71}},"6":{"start":{"line":6,"column":0},"end":{"line":6,"column":38}},"7":{"start":{"line":7,"column":0},"end":{"line":7,"column":58}},"8":{"start":{"line":8,"column":0},"end":{"line":8,"column":77}},"9":{"start":{"line":9,"column":0},"end":{"line":9,"column":38}},"10":{"start":{"line":10,"column":0},"end":{"line":10,"column":53}},"11":{"start":{"line":13,"column":0},"end":{"line":13,"column":53}},"12":{"start":{"line":15,"column":0},"end":{"line":26,"column":1}},"13":{"start":{"line":28,"column":0},"end":{"line":34,"column":1}},"14":{"start":{"line":30,"column":2},"end":{"line":33,"column":23}},"15":{"start":{"line":31,"column":4},"end":{"line":31,"column":43}},"16":{"start":{"line":33,"column":4},"end":{"line":33,"column":23}}},"branchMap":{"1":{"line":30,"type":"if","locations":[{"start":{"line":30,"column":2},"end":{"line":30,"column":2}},{"start":{"line":30,"column":2},"end":{"line":30,"column":2}}]}}},"/Volumes/Dev/GitHub/homebridge-plugin-wrapper/hap-nodejs/lib/Accessory.js":{"path":"/Volumes/Dev/GitHub/homebridge-plugin-wrapper/hap-nodejs/lib/Accessory.js","s":{"1":1,"2":1,"3":1,"4":1,"5":1,"6":1,"7":1,"8":1,"9":1,"10":1,"11":1,"12":1,"13":1,"14":1,"15":1,"16":1,"17":0,"18":0,"19":0,"20":0,"21":0,"22":0,"23":0,"24":0,"25":0,"26":0,"27":0,"28":0,"29":0,"30":0,"31":0,"32":0,"33":0,"34":0,"35":0,"36":0,"37":0,"38":0,"39":1,"40":1,"41":1,"42":0,"43":0,"44":0,"45":0,"46":0,"47":1,"48":0,"49":0,"50":0,"51":0,"52":0,"53":0,"54":0,"55":0,"56":0,"57":0,"58":0,"59":0,"60":0,"61":0,"62":0,"63":0,"64":0,"65":0,"66":0,"67":0,"68":0,"69":0,"70":1,"71":0,"72":0,"73":0,"74":0,"75":0,"76":0,"77":0,"78":0,"79":0,"80":0,"81":0,"82":0,"83":0,"84":1,"85":0,"86":0,"87":0,"88":0,"89":0,"90":0,"91":0,"92":0,"93":0,"94":0,"95":0,"96":0,"97":1,"98":0,"99":0,"100":0,"101":0,"102":0,"103":0,"104":1,"105":0,"106":0,"107":0,"108":0,"109":1,"110":0,"111":0,"112":0,"113":0,"114":0,"115":0,"116":0,"117":0,"118":0,"119":0,"120":0,"121":0,"122":0,"123":0,"124":0,"125":1,"126":0,"127":0,"128":0,"129":0,"130":1,"131":0,"132":0,"133":0,"134":0,"135":0,"136":0,"137":0,"138":0,"139":0,"140":0,"141":0,"142":0,"143":0,"144":0,"145":1,"146":0,"147":0,"148":0,"149":0,"150":1,"151":0,"152":0,"153":0,"154":1,"155":0,"156":0,"157":0,"158":0,"159":0,"160":1,"161":0,"162":0,"163":0,"164":0,"165":1,"166":0,"167":0,"168":1,"169":0,"170":0,"171":0,"172":0,"173":1,"174":0,"175":0,"176":0,"177":0,"178":0,"179":0,"180":0,"181":0,"182":0,"183":0,"184":0,"185":0,"186":0,"187":0,"188":0,"189":0,"190":0,"191":1,"192":0,"193":0,"194":0,"195":0,"196":0,"197":0,"198":0,"199":0,"200":0,"201":0,"202":0,"203":0,"204":0,"205":0,"206":0,"207":0,"208":0,"209":1,"210":0,"211":1,"212":0,"213":1,"214":0,"215":0,"216":0,"217":0,"218":1,"219":0,"220":0,"221":0,"222":0,"223":0,"224":0,"225":0,"226":0,"227":0,"228":0,"229":1,"230":0,"231":0,"232":0,"233":0,"234":0,"235":0,"236":0,"237":0,"238":0,"239":0,"240":0,"241":0,"242":0,"243":0,"244":0,"245":0,"246":0,"247":0,"248":0,"249":0,"250":0,"251":0,"252":0,"253":0,"254":0,"255":0,"256":0,"257":0,"258":0,"259":0,"260":0,"261":0,"262":0,"263":0,"264":0,"265":0,"266":0,"267":0,"268":0,"269":0,"270":0,"271":0,"272":0,"273":0,"274":1,"275":0,"276":0,"277":0,"278":0,"279":0,"280":0,"281":0,"282":1,"283":0,"284":0,"285":0,"286":0,"287":0,"288":0,"289":1,"290":0,"291":0,"292":0,"293":0,"294":0,"295":0,"296":0,"297":0,"298":0,"299":0,"300":1,"301":0,"302":0,"303":1,"304":0,"305":0,"306":1,"307":0,"308":0,"309":0,"310":0,"311":0,"312":1,"313":0,"314":0,"315":0,"316":0,"317":0,"318":1,"319":0,"320":0,"321":1,"322":0,"323":0,"324":0,"325":0,"326":0,"327":0,"328":0,"329":0,"330":0,"331":0,"332":0,"333":0,"334":0,"335":0,"336":0,"337":0,"338":0,"339":0,"340":0,"341":0,"342":0,"343":0,"344":0,"345":0,"346":0,"347":0,"348":0,"349":0,"350":0,"351":0,"352":0,"353":0,"354":0,"355":0,"356":1,"357":0,"358":0,"359":0,"360":0,"361":0,"362":0,"363":0,"364":0,"365":0,"366":0,"367":0,"368":0,"369":0,"370":0,"371":0,"372":0,"373":0,"374":0,"375":0,"376":0,"377":0,"378":0,"379":0,"380":0,"381":0,"382":0,"383":0,"384":0,"385":0,"386":0,"387":0,"388":0,"389":0,"390":0,"391":0,"392":0,"393":0,"394":0,"395":0,"396":0,"397":0,"398":0,"399":0,"400":0,"401":0,"402":0,"403":0,"404":0,"405":1,"406":0,"407":0,"408":0,"409":0,"410":0,"411":1,"412":0,"413":0,"414":0,"415":1,"416":0,"417":0,"418":0,"419":0,"420":0,"421":0,"422":0,"423":0,"424":0,"425":1,"426":0,"427":0,"428":0,"429":0,"430":0,"431":0,"432":1,"433":0,"434":0,"435":0,"436":0,"437":0,"438":0,"439":0,"440":0,"441":1,"442":0,"443":0,"444":0,"445":0,"446":0,"447":0,"448":0,"449":0,"450":1,"451":0,"452":0,"453":0,"454":0,"455":0,"456":0,"457":0,"458":1,"459":0,"460":0,"461":0,"462":0,"463":0,"464":0,"465":0,"466":0},"b":{"1":[0,0],"2":[0,0],"3":[0,0],"4":[0,0],"5":[0,0],"6":[0,0],"7":[0,0],"8":[0,0],"9":[0,0],"10":[0,0],"11":[0,0],"12":[0,0],"13":[0,0],"14":[0,0],"15":[0,0],"16":[0,0],"17":[0,0],"18":[0,0],"19":[0,0],"20":[0,0,0,0],"21":[0,0],"22":[0,0,0],"23":[0,0],"24":[0,0],"25":[0,0],"26":[0,0],"27":[0,0],"28":[0,0],"29":[0,0],"30":[0,0],"31":[0,0],"32":[0,0],"33":[0,0],"34":[0,0],"35":[0,0],"36":[0,0],"37":[0,0],"38":[0,0],"39":[0,0],"40":[0,0],"41":[0,0],"42":[0,0],"43":[0,0],"44":[0,0],"45":[0,0],"46":[0,0],"47":[0,0],"48":[0,0],"49":[0,0],"50":[0,0],"51":[0,0],"52":[0,0],"53":[0,0],"54":[0,0],"55":[0,0],"56":[0,0],"57":[0,0],"58":[0,0],"59":[0,0],"60":[0,0],"61":[0,0],"62":[0,0],"63":[0,0],"64":[0,0],"65":[0,0],"66":[0,0],"67":[0,0],"68":[0,0],"69":[0,0],"70":[0,0],"71":[0,0],"72":[0,0],"73":[0,0],"74":[0,0],"75":[0,0],"76":[0,0],"77":[0,0],"78":[0,0],"79":[0,0],"80":[0,0],"81":[0,0],"82":[0,0],"83":[0,0],"84":[0,0],"85":[0,0],"86":[0,0],"87":[0,0],"88":[0,0],"89":[0,0],"90":[0,0],"91":[0,0],"92":[0,0],"93":[0,0],"94":[0,0],"95":[0,0],"96":[0,0],"97":[0,0]},"f":{"1":0,"2":0,"3":0,"4":0,"5":0,"6":0,"7":0,"8":0,"9":0,"10":0,"11":0,"12":0,"13":0,"14":0,"15":0,"16":0,"17":0,"18":0,"19":0,"20":0,"21":0,"22":0,"23":0,"24":0,"25":0,"26":0,"27":0,"28":0,"29":0,"30":0,"31":0,"32":0,"33":0,"34":0,"35":0,"36":0,"37":0,"38":0,"39":0,"40":0,"41":0,"42":0,"43":0,"44":0,"45":0,"46":0,"47":0,"48":0,"49":0,"50":0,"51":0,"52":0,"53":0},"fnMap":{"1":{"name":"Accessory","line":45,"loc":{"start":{"line":45,"column":0},"end":{"line":45,"column":38}}},"2":{"name":"(anonymous_2)","line":77,"loc":{"start":{"line":77,"column":15},"end":{"line":77,"column":41}}},"3":{"name":"(anonymous_3)","line":122,"loc":{"start":{"line":122,"column":45},"end":{"line":122,"column":72}}},"4":{"name":"(anonymous_4)","line":136,"loc":{"start":{"line":136,"column":33},"end":{"line":136,"column":51}}},"5":{"name":"(anonymous_5)","line":163,"loc":{"start":{"line":163,"column":44},"end":{"line":163,"column":61}}},"6":{"name":"(anonymous_6)","line":172,"loc":{"start":{"line":172,"column":38},"end":{"line":172,"column":55}}},"7":{"name":"(anonymous_7)","line":184,"loc":{"start":{"line":184,"column":40},"end":{"line":184,"column":59}}},"8":{"name":"(anonymous_8)","line":212,"loc":{"start":{"line":212,"column":36},"end":{"line":212,"column":54}}},"9":{"name":"(anonymous_9)","line":237,"loc":{"start":{"line":237,"column":33},"end":{"line":237,"column":48}}},"10":{"name":"(anonymous_10)","line":248,"loc":{"start":{"line":248,"column":41},"end":{"line":248,"column":61}}},"11":{"name":"(anonymous_11)","line":256,"loc":{"start":{"line":256,"column":42},"end":{"line":256,"column":75}}},"12":{"name":"(anonymous_12)","line":268,"loc":{"start":{"line":268,"column":48},"end":{"line":268,"column":65}}},"13":{"name":"(anonymous_13)","line":272,"loc":{"start":{"line":272,"column":46},"end":{"line":272,"column":63}}},"14":{"name":"(anonymous_14)","line":287,"loc":{"start":{"line":287,"column":44},"end":{"line":287,"column":66}}},"15":{"name":"(anonymous_15)","line":296,"loc":{"start":{"line":296,"column":45},"end":{"line":296,"column":78}}},"16":{"name":"(anonymous_16)","line":321,"loc":{"start":{"line":321,"column":47},"end":{"line":321,"column":69}}},"17":{"name":"(anonymous_17)","line":330,"loc":{"start":{"line":330,"column":50},"end":{"line":330,"column":61}}},"18":{"name":"(anonymous_18)","line":337,"loc":{"start":{"line":337,"column":45},"end":{"line":337,"column":59}}},"19":{"name":"(anonymous_19)","line":345,"loc":{"start":{"line":345,"column":47},"end":{"line":345,"column":61}}},"20":{"name":"(anonymous_20)","line":352,"loc":{"start":{"line":352,"column":41},"end":{"line":352,"column":60}}},"21":{"name":"(anonymous_21)","line":361,"loc":{"start":{"line":361,"column":44},"end":{"line":361,"column":67}}},"22":{"name":"(anonymous_22)","line":369,"loc":{"start":{"line":369,"column":31},"end":{"line":369,"column":42}}},"23":{"name":"(anonymous_23)","line":406,"loc":{"start":{"line":406,"column":33},"end":{"line":406,"column":59}}},"24":{"name":"(anonymous_24)","line":452,"loc":{"start":{"line":452,"column":43},"end":{"line":452,"column":54}}},"25":{"name":"(anonymous_25)","line":456,"loc":{"start":{"line":456,"column":42},"end":{"line":456,"column":53}}},"26":{"name":"(anonymous_26)","line":464,"loc":{"start":{"line":464,"column":37},"end":{"line":464,"column":48}}},"27":{"name":"(anonymous_27)","line":479,"loc":{"start":{"line":479,"column":28},"end":{"line":479,"column":42}}},"28":{"name":"(anonymous_28)","line":519,"loc":{"start":{"line":519,"column":30},"end":{"line":519,"column":67}}},"29":{"name":"(anonymous_29)","line":615,"loc":{"start":{"line":615,"column":30},"end":{"line":615,"column":41}}},"30":{"name":"(anonymous_30)","line":627,"loc":{"start":{"line":627,"column":32},"end":{"line":627,"column":43}}},"31":{"name":"(anonymous_31)","line":638,"loc":{"start":{"line":638,"column":43},"end":{"line":638,"column":54}}},"32":{"name":"(anonymous_32)","line":663,"loc":{"start":{"line":663,"column":35},"end":{"line":663,"column":50}}},"33":{"name":"(anonymous_33)","line":670,"loc":{"start":{"line":670,"column":38},"end":{"line":670,"column":57}}},"34":{"name":"(anonymous_34)","line":676,"loc":{"start":{"line":676,"column":34},"end":{"line":676,"column":74}}},"35":{"name":"(anonymous_35)","line":690,"loc":{"start":{"line":690,"column":36},"end":{"line":690,"column":65}}},"36":{"name":"(anonymous_36)","line":705,"loc":{"start":{"line":705,"column":41},"end":{"line":705,"column":60}}},"37":{"name":"(anonymous_37)","line":717,"loc":{"start":{"line":717,"column":48},"end":{"line":717,"column":103}}},"38":{"name":"(anonymous_38)","line":724,"loc":{"start":{"line":724,"column":15},"end":{"line":724,"column":44}}},"39":{"name":"(anonymous_39)","line":760,"loc":{"start":{"line":760,"column":28},"end":{"line":760,"column":49}}},"40":{"name":"(anonymous_40)","line":801,"loc":{"start":{"line":801,"column":48},"end":{"line":801,"column":103}}},"41":{"name":"(anonymous_41)","line":811,"loc":{"start":{"line":811,"column":15},"end":{"line":811,"column":44}}},"42":{"name":"(anonymous_42)","line":871,"loc":{"start":{"line":871,"column":37},"end":{"line":871,"column":51}}},"43":{"name":"(anonymous_43)","line":920,"loc":{"start":{"line":920,"column":38},"end":{"line":920,"column":63}}},"44":{"name":"(anonymous_44)","line":934,"loc":{"start":{"line":934,"column":42},"end":{"line":934,"column":70}}},"45":{"name":"(anonymous_45)","line":942,"loc":{"start":{"line":942,"column":41},"end":{"line":942,"column":59}}},"46":{"name":"(anonymous_46)","line":962,"loc":{"start":{"line":962,"column":50},"end":{"line":962,"column":67}}},"47":{"name":"(anonymous_47)","line":985,"loc":{"start":{"line":985,"column":36},"end":{"line":985,"column":54}}},"48":{"name":"(anonymous_48)","line":986,"loc":{"start":{"line":986,"column":44},"end":{"line":986,"column":61}}},"49":{"name":"(anonymous_49)","line":995,"loc":{"start":{"line":995,"column":38},"end":{"line":995,"column":55}}},"50":{"name":"(anonymous_50)","line":1005,"loc":{"start":{"line":1005,"column":40},"end":{"line":1005,"column":65}}},"51":{"name":"(anonymous_51)","line":1017,"loc":{"start":{"line":1017,"column":15},"end":{"line":1017,"column":41}}},"52":{"name":"(anonymous_52)","line":1025,"loc":{"start":{"line":1025,"column":39},"end":{"line":1025,"column":50}}},"53":{"name":"hapStatus","line":1038,"loc":{"start":{"line":1038,"column":0},"end":{"line":1038,"column":24}}}},"statementMap":{"1":{"start":{"line":3,"column":0},"end":{"line":3,"column":42}},"2":{"start":{"line":4,"column":0},"end":{"line":4,"column":31}},"3":{"start":{"line":5,"column":0},"end":{"line":5,"column":40}},"4":{"start":{"line":6,"column":0},"end":{"line":6,"column":50}},"5":{"start":{"line":7,"column":0},"end":{"line":7,"column":42}},"6":{"start":{"line":8,"column":0},"end":{"line":8,"column":34}},"7":{"start":{"line":9,"column":0},"end":{"line":9,"column":43}},"8":{"start":{"line":10,"column":0},"end":{"line":10,"column":64}},"9":{"start":{"line":11,"column":0},"end":{"line":11,"column":49}},"10":{"start":{"line":12,"column":0},"end":{"line":12,"column":52}},"11":{"start":{"line":13,"column":0},"end":{"line":13,"column":49}},"12":{"start":{"line":14,"column":0},"end":{"line":14,"column":67}},"13":{"start":{"line":15,"column":0},"end":{"line":15,"column":73}},"14":{"start":{"line":16,"column":0},"end":{"line":16,"column":41}},"15":{"start":{"line":19,"column":0},"end":{"line":21,"column":2}},"16":{"start":{"line":45,"column":0},"end":{"line":83,"column":1}},"17":{"start":{"line":47,"column":2},"end":{"line":47,"column":97}},"18":{"start":{"line":47,"column":20},"end":{"line":47,"column":97}},"19":{"start":{"line":48,"column":2},"end":{"line":48,"column":79}},"20":{"start":{"line":48,"column":13},"end":{"line":48,"column":79}},"21":{"start":{"line":49,"column":2},"end":{"line":49,"column":206}},"22":{"start":{"line":49,"column":27},"end":{"line":49,"column":206}},"23":{"start":{"line":51,"column":2},"end":{"line":51,"column":33}},"24":{"start":{"line":52,"column":2},"end":{"line":52,"column":19}},"25":{"start":{"line":53,"column":2},"end":{"line":53,"column":18}},"26":{"start":{"line":54,"column":2},"end":{"line":54,"column":25}},"27":{"start":{"line":55,"column":2},"end":{"line":55,"column":23}},"28":{"start":{"line":56,"column":2},"end":{"line":56,"column":31}},"29":{"start":{"line":57,"column":2},"end":{"line":57,"column":24}},"30":{"start":{"line":58,"column":2},"end":{"line":58,"column":45}},"31":{"start":{"line":59,"column":2},"end":{"line":59,"column":21}},"32":{"start":{"line":60,"column":2},"end":{"line":60,"column":27}},"33":{"start":{"line":61,"column":2},"end":{"line":61,"column":35}},"34":{"start":{"line":64,"column":2},"end":{"line":70,"column":63}},"35":{"start":{"line":74,"column":2},"end":{"line":82,"column":18}},"36":{"start":{"line":78,"column":6},"end":{"line":81,"column":7}},"37":{"start":{"line":79,"column":8},"end":{"line":79,"column":26}},"38":{"start":{"line":80,"column":8},"end":{"line":80,"column":54}},"39":{"start":{"line":85,"column":0},"end":{"line":85,"column":34}},"40":{"start":{"line":88,"column":0},"end":{"line":120,"column":1}},"41":{"start":{"line":122,"column":0},"end":{"line":134,"column":1}},"42":{"start":{"line":123,"column":2},"end":{"line":123,"column":57}},"43":{"start":{"line":125,"column":2},"end":{"line":133,"column":3}},"44":{"start":{"line":128,"column":4},"end":{"line":128,"column":44}},"45":{"start":{"line":131,"column":4},"end":{"line":131,"column":101}},"46":{"start":{"line":132,"column":4},"end":{"line":132,"column":15}},"47":{"start":{"line":136,"column":0},"end":{"line":182,"column":1}},"48":{"start":{"line":139,"column":2},"end":{"line":140,"column":70}},"49":{"start":{"line":140,"column":4},"end":{"line":140,"column":70}},"50":{"start":{"line":143,"column":2},"end":{"line":153,"column":3}},"51":{"start":{"line":144,"column":4},"end":{"line":144,"column":40}},"52":{"start":{"line":145,"column":4},"end":{"line":152,"column":5}},"53":{"start":{"line":147,"column":6},"end":{"line":148,"column":179}},"54":{"start":{"line":148,"column":8},"end":{"line":148,"column":179}},"55":{"start":{"line":150,"column":6},"end":{"line":151,"column":168}},"56":{"start":{"line":151,"column":8},"end":{"line":151,"column":168}},"57":{"start":{"line":155,"column":2},"end":{"line":155,"column":30}},"58":{"start":{"line":157,"column":2},"end":{"line":161,"column":3}},"59":{"start":{"line":158,"column":4},"end":{"line":158,"column":32}},"60":{"start":{"line":160,"column":4},"end":{"line":160,"column":87}},"61":{"start":{"line":163,"column":2},"end":{"line":169,"column":16}},"62":{"start":{"line":164,"column":4},"end":{"line":168,"column":5}},"63":{"start":{"line":165,"column":6},"end":{"line":165,"column":34}},"64":{"start":{"line":167,"column":6},"end":{"line":167,"column":89}},"65":{"start":{"line":172,"column":2},"end":{"line":179,"column":16}},"66":{"start":{"line":173,"column":4},"end":{"line":173,"column":81}},"67":{"start":{"line":176,"column":4},"end":{"line":177,"column":89}},"68":{"start":{"line":177,"column":6},"end":{"line":177,"column":89}},"69":{"start":{"line":181,"column":2},"end":{"line":181,"column":17}},"70":{"start":{"line":184,"column":0},"end":{"line":210,"column":1}},"71":{"start":{"line":186,"column":4},"end":{"line":186,"column":27}},"72":{"start":{"line":187,"column":4},"end":{"line":194,"column":5}},"73":{"start":{"line":188,"column":8},"end":{"line":188,"column":51}},"74":{"start":{"line":190,"column":8},"end":{"line":193,"column":9}},"75":{"start":{"line":191,"column":12},"end":{"line":191,"column":39}},"76":{"start":{"line":192,"column":12},"end":{"line":192,"column":18}},"77":{"start":{"line":196,"column":4},"end":{"line":209,"column":5}},"78":{"start":{"line":198,"column":8},"end":{"line":199,"column":58}},"79":{"start":{"line":199,"column":12},"end":{"line":199,"column":58}},"80":{"start":{"line":202,"column":8},"end":{"line":202,"column":47}},"81":{"start":{"line":204,"column":8},"end":{"line":208,"column":9}},"82":{"start":{"line":205,"column":12},"end":{"line":205,"column":40}},"83":{"start":{"line":207,"column":12},"end":{"line":207,"column":99}},"84":{"start":{"line":212,"column":0},"end":{"line":235,"column":1}},"85":{"start":{"line":213,"column":2},"end":{"line":213,"column":25}},"86":{"start":{"line":215,"column":2},"end":{"line":222,"column":3}},"87":{"start":{"line":216,"column":4},"end":{"line":216,"column":47}},"88":{"start":{"line":218,"column":4},"end":{"line":221,"column":5}},"89":{"start":{"line":219,"column":6},"end":{"line":219,"column":33}},"90":{"start":{"line":220,"column":6},"end":{"line":220,"column":12}},"91":{"start":{"line":224,"column":2},"end":{"line":234,"column":3}},"92":{"start":{"line":225,"column":4},"end":{"line":225,"column":48}},"93":{"start":{"line":227,"column":4},"end":{"line":231,"column":5}},"94":{"start":{"line":228,"column":6},"end":{"line":228,"column":34}},"95":{"start":{"line":230,"column":6},"end":{"line":230,"column":89}},"96":{"start":{"line":233,"column":4},"end":{"line":233,"column":33}},"97":{"start":{"line":237,"column":0},"end":{"line":246,"column":1}},"98":{"start":{"line":238,"column":2},"end":{"line":245,"column":3}},"99":{"start":{"line":239,"column":4},"end":{"line":239,"column":39}},"100":{"start":{"line":241,"column":4},"end":{"line":244,"column":21}},"101":{"start":{"line":242,"column":6},"end":{"line":242,"column":21}},"102":{"start":{"line":243,"column":9},"end":{"line":244,"column":21}},"103":{"start":{"line":244,"column":6},"end":{"line":244,"column":21}},"104":{"start":{"line":248,"column":0},"end":{"line":254,"column":1}},"105":{"start":{"line":249,"column":2},"end":{"line":250,"column":76}},"106":{"start":{"line":250,"column":4},"end":{"line":250,"column":76}},"107":{"start":{"line":251,"column":2},"end":{"line":251,"column":29}},"108":{"start":{"line":253,"column":2},"end":{"line":253,"column":61}},"109":{"start":{"line":256,"column":0},"end":{"line":285,"column":1}},"110":{"start":{"line":257,"column":2},"end":{"line":258,"column":53}},"111":{"start":{"line":258,"column":4},"end":{"line":258,"column":53}},"112":{"start":{"line":261,"column":2},"end":{"line":265,"column":3}},"113":{"start":{"line":262,"column":4},"end":{"line":262,"column":50}},"114":{"start":{"line":263,"column":4},"end":{"line":264,"column":122}},"115":{"start":{"line":264,"column":6},"end":{"line":264,"column":122}},"116":{"start":{"line":268,"column":2},"end":{"line":270,"column":16}},"117":{"start":{"line":269,"column":4},"end":{"line":269,"column":75}},"118":{"start":{"line":272,"column":2},"end":{"line":274,"column":16}},"119":{"start":{"line":273,"column":4},"end":{"line":273,"column":32}},"120":{"start":{"line":276,"column":2},"end":{"line":276,"column":27}},"121":{"start":{"line":278,"column":2},"end":{"line":278,"column":42}},"122":{"start":{"line":280,"column":2},"end":{"line":282,"column":3}},"123":{"start":{"line":281,"column":4},"end":{"line":281,"column":32}},"124":{"start":{"line":284,"column":2},"end":{"line":284,"column":19}},"125":{"start":{"line":287,"column":0},"end":{"line":294,"column":1}},"126":{"start":{"line":288,"column":2},"end":{"line":291,"column":3}},"127":{"start":{"line":289,"column":4},"end":{"line":289,"column":39}},"128":{"start":{"line":290,"column":4},"end":{"line":290,"column":46}},"129":{"start":{"line":293,"column":2},"end":{"line":293,"column":30}},"130":{"start":{"line":296,"column":0},"end":{"line":319,"column":1}},"131":{"start":{"line":297,"column":2},"end":{"line":298,"column":53}},"132":{"start":{"line":298,"column":4},"end":{"line":298,"column":53}},"133":{"start":{"line":300,"column":2},"end":{"line":300,"column":34}},"134":{"start":{"line":302,"column":2},"end":{"line":309,"column":3}},"135":{"start":{"line":303,"column":4},"end":{"line":303,"column":50}},"136":{"start":{"line":304,"column":4},"end":{"line":308,"column":5}},"137":{"start":{"line":305,"column":6},"end":{"line":305,"column":33}},"138":{"start":{"line":306,"column":6},"end":{"line":306,"column":47}},"139":{"start":{"line":307,"column":6},"end":{"line":307,"column":12}},"140":{"start":{"line":311,"column":2},"end":{"line":312,"column":68}},"141":{"start":{"line":312,"column":4},"end":{"line":312,"column":68}},"142":{"start":{"line":314,"column":2},"end":{"line":314,"column":33}},"143":{"start":{"line":316,"column":2},"end":{"line":318,"column":3}},"144":{"start":{"line":317,"column":4},"end":{"line":317,"column":32}},"145":{"start":{"line":321,"column":0},"end":{"line":328,"column":1}},"146":{"start":{"line":322,"column":2},"end":{"line":325,"column":3}},"147":{"start":{"line":323,"column":4},"end":{"line":323,"column":39}},"148":{"start":{"line":324,"column":4},"end":{"line":324,"column":49}},"149":{"start":{"line":327,"column":2},"end":{"line":327,"column":30}},"150":{"start":{"line":330,"column":0},"end":{"line":335,"column":1}},"151":{"start":{"line":331,"column":2},"end":{"line":333,"column":3}},"152":{"start":{"line":332,"column":4},"end":{"line":332,"column":66}},"153":{"start":{"line":334,"column":2},"end":{"line":334,"column":30}},"154":{"start":{"line":337,"column":0},"end":{"line":343,"column":1}},"155":{"start":{"line":338,"column":2},"end":{"line":342,"column":3}},"156":{"start":{"line":339,"column":4},"end":{"line":339,"column":39}},"157":{"start":{"line":340,"column":4},"end":{"line":340,"column":61}},"158":{"start":{"line":341,"column":4},"end":{"line":341,"column":46}},"159":{"start":{"line":341,"column":24},"end":{"line":341,"column":46}},"160":{"start":{"line":345,"column":0},"end":{"line":350,"column":1}},"161":{"start":{"line":346,"column":2},"end":{"line":349,"column":3}},"162":{"start":{"line":347,"column":4},"end":{"line":347,"column":51}},"163":{"start":{"line":348,"column":4},"end":{"line":348,"column":48}},"164":{"start":{"line":348,"column":31},"end":{"line":348,"column":48}},"165":{"start":{"line":352,"column":0},"end":{"line":359,"column":1}},"166":{"start":{"line":356,"column":2},"end":{"line":356,"column":74}},"167":{"start":{"line":358,"column":2},"end":{"line":358,"column":60}},"168":{"start":{"line":361,"column":0},"end":{"line":367,"column":1}},"169":{"start":{"line":362,"column":2},"end":{"line":362,"column":35}},"170":{"start":{"line":363,"column":2},"end":{"line":366,"column":3}},"171":{"start":{"line":364,"column":4},"end":{"line":364,"column":47}},"172":{"start":{"line":365,"column":4},"end":{"line":365,"column":29}},"173":{"start":{"line":369,"column":0},"end":{"line":400,"column":1}},"174":{"start":{"line":370,"column":2},"end":{"line":372,"column":3}},"175":{"start":{"line":371,"column":4},"end":{"line":371,"column":26}},"176":{"start":{"line":374,"column":2},"end":{"line":374,"column":35}},"177":{"start":{"line":375,"column":2},"end":{"line":375,"column":78}},"178":{"start":{"line":377,"column":2},"end":{"line":377,"column":28}},"179":{"start":{"line":378,"column":2},"end":{"line":378,"column":53}},"180":{"start":{"line":380,"column":2},"end":{"line":380,"column":23}},"181":{"start":{"line":382,"column":2},"end":{"line":382,"column":37}},"182":{"start":{"line":384,"column":2},"end":{"line":386,"column":3}},"183":{"start":{"line":385,"column":4},"end":{"line":385,"column":35}},"184":{"start":{"line":388,"column":2},"end":{"line":388,"column":38}},"185":{"start":{"line":390,"column":2},"end":{"line":390,"column":120}},"186":{"start":{"line":392,"column":2},"end":{"line":396,"column":3}},"187":{"start":{"line":393,"column":4},"end":{"line":395,"column":5}},"188":{"start":{"line":394,"column":6},"end":{"line":394,"column":44}},"189":{"start":{"line":398,"column":2},"end":{"line":398,"column":62}},"190":{"start":{"line":399,"column":2},"end":{"line":399,"column":24}},"191":{"start":{"line":406,"column":0},"end":{"line":450,"column":1}},"192":{"start":{"line":410,"column":2},"end":{"line":412,"column":3}},"193":{"start":{"line":411,"column":4},"end":{"line":411,"column":47}},"194":{"start":{"line":414,"column":2},"end":{"line":423,"column":3}},"195":{"start":{"line":417,"column":4},"end":{"line":417,"column":48}},"196":{"start":{"line":422,"column":4},"end":{"line":422,"column":17}},"197":{"start":{"line":425,"column":2},"end":{"line":432,"column":3}},"198":{"start":{"line":426,"column":4},"end":{"line":426,"column":39}},"199":{"start":{"line":427,"column":4},"end":{"line":431,"column":5}},"200":{"start":{"line":428,"column":6},"end":{"line":428,"column":65}},"201":{"start":{"line":430,"column":6},"end":{"line":430,"column":53}},"202":{"start":{"line":435,"column":2},"end":{"line":439,"column":3}},"203":{"start":{"line":436,"column":4},"end":{"line":436,"column":51}},"204":{"start":{"line":438,"column":4},"end":{"line":438,"column":42}},"205":{"start":{"line":443,"column":2},"end":{"line":449,"column":3}},"206":{"start":{"line":445,"column":4},"end":{"line":446,"column":63}},"207":{"start":{"line":446,"column":6},"end":{"line":446,"column":63}},"208":{"start":{"line":448,"column":4},"end":{"line":448,"column":33}},"209":{"start":{"line":452,"column":0},"end":{"line":454,"column":1}},"210":{"start":{"line":453,"column":2},"end":{"line":453,"column":36}},"211":{"start":{"line":456,"column":0},"end":{"line":458,"column":1}},"212":{"start":{"line":457,"column":2},"end":{"line":457,"column":35}},"213":{"start":{"line":464,"column":0},"end":{"line":474,"column":1}},"214":{"start":{"line":466,"column":2},"end":{"line":466,"column":43}},"215":{"start":{"line":467,"column":2},"end":{"line":467,"column":35}},"216":{"start":{"line":470,"column":2},"end":{"line":470,"column":41}},"217":{"start":{"line":473,"column":2},"end":{"line":473,"column":39}},"218":{"start":{"line":479,"column":0},"end":{"line":504,"column":1}},"219":{"start":{"line":481,"column":2},"end":{"line":481,"column":23}},"220":{"start":{"line":483,"column":2},"end":{"line":486,"column":3}},"221":{"start":{"line":484,"column":4},"end":{"line":484,"column":39}},"222":{"start":{"line":485,"column":4},"end":{"line":485,"column":41}},"223":{"start":{"line":488,"column":2},"end":{"line":491,"column":5}},"224":{"start":{"line":494,"column":2},"end":{"line":501,"column":3}},"225":{"start":{"line":495,"column":4},"end":{"line":495,"column":51}},"226":{"start":{"line":496,"column":4},"end":{"line":496,"column":51}},"227":{"start":{"line":500,"column":4},"end":{"line":500,"column":47}},"228":{"start":{"line":503,"column":2},"end":{"line":503,"column":24}},"229":{"start":{"line":519,"column":0},"end":{"line":608,"column":1}},"230":{"start":{"line":521,"column":2},"end":{"line":521,"column":58}},"231":{"start":{"line":524,"column":2},"end":{"line":527,"column":3}},"232":{"start":{"line":525,"column":4},"end":{"line":525,"column":82}},"233":{"start":{"line":526,"column":4},"end":{"line":526,"column":62}},"234":{"start":{"line":529,"column":2},"end":{"line":535,"column":3}},"235":{"start":{"line":530,"column":4},"end":{"line":530,"column":33}},"236":{"start":{"line":531,"column":9},"end":{"line":535,"column":3}},"237":{"start":{"line":532,"column":4},"end":{"line":532,"column":44}},"238":{"start":{"line":534,"column":4},"end":{"line":534,"column":48}},"239":{"start":{"line":537,"column":2},"end":{"line":537,"column":46}},"240":{"start":{"line":540,"column":2},"end":{"line":540,"column":53}},"241":{"start":{"line":541,"column":2},"end":{"line":541,"column":77}},"242":{"start":{"line":542,"column":2},"end":{"line":542,"column":45}},"243":{"start":{"line":543,"column":2},"end":{"line":543,"column":29}},"244":{"start":{"line":551,"column":2},"end":{"line":551,"column":62}},"245":{"start":{"line":554,"column":2},"end":{"line":557,"column":3}},"246":{"start":{"line":555,"column":4},"end":{"line":555,"column":65}},"247":{"start":{"line":556,"column":4},"end":{"line":556,"column":63}},"248":{"start":{"line":563,"column":2},"end":{"line":564,"column":32}},"249":{"start":{"line":564,"column":4},"end":{"line":564,"column":32}},"250":{"start":{"line":567,"column":2},"end":{"line":567,"column":41}},"251":{"start":{"line":572,"column":2},"end":{"line":572,"column":45}},"252":{"start":{"line":575,"column":2},"end":{"line":575,"column":41}},"253":{"start":{"line":576,"column":2},"end":{"line":576,"column":40}},"254":{"start":{"line":577,"column":2},"end":{"line":577,"column":40}},"255":{"start":{"line":579,"column":2},"end":{"line":585,"column":3}},"256":{"start":{"line":582,"column":4},"end":{"line":582,"column":40}},"257":{"start":{"line":583,"column":4},"end":{"line":583,"column":48}},"258":{"start":{"line":584,"column":4},"end":{"line":584,"column":31}},"259":{"start":{"line":588,"column":2},"end":{"line":588,"column":57}},"260":{"start":{"line":591,"column":2},"end":{"line":591,"column":70}},"261":{"start":{"line":592,"column":2},"end":{"line":592,"column":58}},"262":{"start":{"line":593,"column":2},"end":{"line":593,"column":61}},"263":{"start":{"line":594,"column":2},"end":{"line":594,"column":63}},"264":{"start":{"line":595,"column":2},"end":{"line":595,"column":55}},"265":{"start":{"line":596,"column":2},"end":{"line":596,"column":59}},"266":{"start":{"line":597,"column":2},"end":{"line":597,"column":69}},"267":{"start":{"line":598,"column":2},"end":{"line":598,"column":84}},"268":{"start":{"line":599,"column":2},"end":{"line":599,"column":84}},"269":{"start":{"line":600,"column":2},"end":{"line":600,"column":72}},"270":{"start":{"line":602,"column":2},"end":{"line":604,"column":3}},"271":{"start":{"line":603,"column":6},"end":{"line":603,"column":75}},"272":{"start":{"line":606,"column":2},"end":{"line":606,"column":34}},"273":{"start":{"line":607,"column":2},"end":{"line":607,"column":34}},"274":{"start":{"line":615,"column":0},"end":{"line":625,"column":1}},"275":{"start":{"line":616,"column":2},"end":{"line":616,"column":19}},"276":{"start":{"line":617,"column":2},"end":{"line":620,"column":3}},"277":{"start":{"line":618,"column":6},"end":{"line":618,"column":35}},"278":{"start":{"line":619,"column":6},"end":{"line":619,"column":38}},"279":{"start":{"line":621,"column":2},"end":{"line":624,"column":3}},"280":{"start":{"line":622,"column":6},"end":{"line":622,"column":37}},"281":{"start":{"line":623,"column":6},"end":{"line":623,"column":40}},"282":{"start":{"line":627,"column":0},"end":{"line":636,"column":1}},"283":{"start":{"line":628,"column":2},"end":{"line":631,"column":3}},"284":{"start":{"line":629,"column":4},"end":{"line":629,"column":24}},"285":{"start":{"line":630,"column":4},"end":{"line":630,"column":29}},"286":{"start":{"line":632,"column":2},"end":{"line":635,"column":3}},"287":{"start":{"line":633,"column":4},"end":{"line":633,"column":39}},"288":{"start":{"line":634,"column":4},"end":{"line":634,"column":33}},"289":{"start":{"line":638,"column":0},"end":{"line":661,"column":1}},"290":{"start":{"line":639,"column":2},"end":{"line":660,"column":3}},"291":{"start":{"line":643,"column":4},"end":{"line":643,"column":47}},"292":{"start":{"line":646,"column":4},"end":{"line":646,"column":43}},"293":{"start":{"line":647,"column":4},"end":{"line":647,"column":42}},"294":{"start":{"line":648,"column":4},"end":{"line":648,"column":42}},"295":{"start":{"line":650,"column":4},"end":{"line":656,"column":5}},"296":{"start":{"line":653,"column":6},"end":{"line":653,"column":42}},"297":{"start":{"line":654,"column":6},"end":{"line":654,"column":50}},"298":{"start":{"line":655,"column":6},"end":{"line":655,"column":33}},"299":{"start":{"line":659,"column":4},"end":{"line":659,"column":43}},"300":{"start":{"line":663,"column":0},"end":{"line":667,"column":1}},"301":{"start":{"line":665,"column":2},"end":{"line":665,"column":42}},"302":{"start":{"line":666,"column":2},"end":{"line":666,"column":31}},"303":{"start":{"line":670,"column":0},"end":{"line":673,"column":1}},"304":{"start":{"line":671,"column":2},"end":{"line":671,"column":21}},"305":{"start":{"line":672,"column":2},"end":{"line":672,"column":48}},"306":{"start":{"line":676,"column":0},"end":{"line":687,"column":1}},"307":{"start":{"line":678,"column":2},"end":{"line":678,"column":66}},"308":{"start":{"line":680,"column":2},"end":{"line":680,"column":59}},"309":{"start":{"line":681,"column":2},"end":{"line":681,"column":29}},"310":{"start":{"line":684,"column":2},"end":{"line":684,"column":41}},"311":{"start":{"line":686,"column":2},"end":{"line":686,"column":13}},"312":{"start":{"line":690,"column":0},"end":{"line":702,"column":1}},"313":{"start":{"line":692,"column":2},"end":{"line":692,"column":69}},"314":{"start":{"line":695,"column":2},"end":{"line":695,"column":51}},"315":{"start":{"line":696,"column":2},"end":{"line":696,"column":29}},"316":{"start":{"line":699,"column":2},"end":{"line":699,"column":41}},"317":{"start":{"line":701,"column":2},"end":{"line":701,"column":13}},"318":{"start":{"line":705,"column":0},"end":{"line":714,"column":1}},"319":{"start":{"line":708,"column":2},"end":{"line":708,"column":41}},"320":{"start":{"line":711,"column":2},"end":{"line":713,"column":5}},"321":{"start":{"line":717,"column":0},"end":{"line":797,"column":1}},"322":{"start":{"line":720,"column":2},"end":{"line":720,"column":27}},"323":{"start":{"line":721,"column":2},"end":{"line":721,"column":42}},"324":{"start":{"line":722,"column":2},"end":{"line":722,"column":40}},"325":{"start":{"line":724,"column":2},"end":{"line":796,"column":16}},"326":{"start":{"line":725,"column":4},"end":{"line":725,"column":37}},"327":{"start":{"line":726,"column":4},"end":{"line":726,"column":37}},"328":{"start":{"line":728,"column":4},"end":{"line":728,"column":44}},"329":{"start":{"line":730,"column":4},"end":{"line":730,"column":97}},"330":{"start":{"line":732,"column":4},"end":{"line":746,"column":5}},"331":{"start":{"line":733,"column":6},"end":{"line":733,"column":147}},"332":{"start":{"line":734,"column":6},"end":{"line":737,"column":8}},"333":{"start":{"line":738,"column":6},"end":{"line":738,"column":75}},"334":{"start":{"line":739,"column":6},"end":{"line":739,"column":37}},"335":{"start":{"line":742,"column":6},"end":{"line":743,"column":40}},"336":{"start":{"line":743,"column":8},"end":{"line":743,"column":40}},"337":{"start":{"line":745,"column":6},"end":{"line":745,"column":13}},"338":{"start":{"line":749,"column":4},"end":{"line":749,"column":102}},"339":{"start":{"line":757,"column":4},"end":{"line":757,"column":25}},"340":{"start":{"line":760,"column":4},"end":{"line":794,"column":41}},"341":{"start":{"line":762,"column":6},"end":{"line":762,"column":107}},"342":{"start":{"line":764,"column":6},"end":{"line":788,"column":7}},"343":{"start":{"line":765,"column":8},"end":{"line":765,"column":129}},"344":{"start":{"line":766,"column":8},"end":{"line":769,"column":10}},"345":{"start":{"line":770,"column":8},"end":{"line":770,"column":45}},"346":{"start":{"line":771,"column":8},"end":{"line":771,"column":39}},"347":{"start":{"line":774,"column":8},"end":{"line":777,"column":10}},"348":{"start":{"line":778,"column":8},"end":{"line":778,"column":35}},"349":{"start":{"line":779,"column":8},"end":{"line":779,"column":32}},"350":{"start":{"line":781,"column":8},"end":{"line":784,"column":9}},"351":{"start":{"line":782,"column":10},"end":{"line":782,"column":42}},"352":{"start":{"line":783,"column":10},"end":{"line":783,"column":55}},"353":{"start":{"line":787,"column":8},"end":{"line":787,"column":39}},"354":{"start":{"line":791,"column":6},"end":{"line":792,"column":40}},"355":{"start":{"line":792,"column":8},"end":{"line":792,"column":40}},"356":{"start":{"line":801,"column":0},"end":{"line":918,"column":1}},"357":{"start":{"line":806,"column":2},"end":{"line":806,"column":90}},"358":{"start":{"line":809,"column":2},"end":{"line":809,"column":27}},"359":{"start":{"line":811,"column":2},"end":{"line":917,"column":16}},"360":{"start":{"line":812,"column":4},"end":{"line":812,"column":37}},"361":{"start":{"line":813,"column":4},"end":{"line":813,"column":37}},"362":{"start":{"line":814,"column":4},"end":{"line":814,"column":73}},"363":{"start":{"line":815,"column":4},"end":{"line":815,"column":67}},"364":{"start":{"line":816,"column":4},"end":{"line":816,"column":53}},"365":{"start":{"line":818,"column":4},"end":{"line":818,"column":44}},"366":{"start":{"line":820,"column":4},"end":{"line":820,"column":59}},"367":{"start":{"line":822,"column":4},"end":{"line":836,"column":5}},"368":{"start":{"line":823,"column":6},"end":{"line":823,"column":147}},"369":{"start":{"line":824,"column":6},"end":{"line":827,"column":8}},"370":{"start":{"line":828,"column":6},"end":{"line":828,"column":75}},"371":{"start":{"line":829,"column":6},"end":{"line":829,"column":37}},"372":{"start":{"line":832,"column":6},"end":{"line":833,"column":40}},"373":{"start":{"line":833,"column":8},"end":{"line":833,"column":40}},"374":{"start":{"line":835,"column":6},"end":{"line":835,"column":13}},"375":{"start":{"line":843,"column":4},"end":{"line":843,"column":25}},"376":{"start":{"line":847,"column":4},"end":{"line":863,"column":5}},"377":{"start":{"line":848,"column":6},"end":{"line":848,"column":138}},"378":{"start":{"line":852,"column":6},"end":{"line":852,"column":38}},"379":{"start":{"line":854,"column":6},"end":{"line":857,"column":7}},"380":{"start":{"line":855,"column":8},"end":{"line":855,"column":33}},"381":{"start":{"line":856,"column":8},"end":{"line":856,"column":35}},"382":{"start":{"line":859,"column":6},"end":{"line":862,"column":7}},"383":{"start":{"line":860,"column":8},"end":{"line":860,"column":37}},"384":{"start":{"line":861,"column":8},"end":{"line":861,"column":33}},"385":{"start":{"line":866,"column":4},"end":{"line":915,"column":5}},"386":{"start":{"line":868,"column":6},"end":{"line":868,"column":113}},"387":{"start":{"line":871,"column":6},"end":{"line":900,"column":43}},"388":{"start":{"line":873,"column":8},"end":{"line":894,"column":9}},"389":{"start":{"line":874,"column":10},"end":{"line":874,"column":138}},"390":{"start":{"line":876,"column":10},"end":{"line":879,"column":12}},"391":{"start":{"line":880,"column":10},"end":{"line":880,"column":47}},"392":{"start":{"line":881,"column":10},"end":{"line":881,"column":41}},"393":{"start":{"line":884,"column":10},"end":{"line":887,"column":12}},"394":{"start":{"line":888,"column":10},"end":{"line":888,"column":34}},"395":{"start":{"line":890,"column":10},"end":{"line":891,"column":49}},"396":{"start":{"line":891,"column":12},"end":{"line":891,"column":49}},"397":{"start":{"line":893,"column":10},"end":{"line":893,"column":41}},"398":{"start":{"line":897,"column":8},"end":{"line":898,"column":42}},"399":{"start":{"line":898,"column":10},"end":{"line":898,"column":42}},"400":{"start":{"line":905,"column":6},"end":{"line":908,"column":8}},"401":{"start":{"line":909,"column":6},"end":{"line":909,"column":30}},"402":{"start":{"line":910,"column":6},"end":{"line":910,"column":37}},"403":{"start":{"line":913,"column":6},"end":{"line":914,"column":40}},"404":{"start":{"line":914,"column":8},"end":{"line":914,"column":40}},"405":{"start":{"line":920,"column":0},"end":{"line":932,"column":1}},"406":{"start":{"line":921,"column":2},"end":{"line":929,"column":3}},"407":{"start":{"line":922,"column":4},"end":{"line":928,"column":5}},"408":{"start":{"line":923,"column":6},"end":{"line":926,"column":19}},"409":{"start":{"line":927,"column":6},"end":{"line":927,"column":13}},"410":{"start":{"line":931,"column":2},"end":{"line":931,"column":33}},"411":{"start":{"line":934,"column":0},"end":{"line":940,"column":1}},"412":{"start":{"line":935,"column":2},"end":{"line":937,"column":3}},"413":{"start":{"line":936,"column":6},"end":{"line":936,"column":57}},"414":{"start":{"line":939,"column":2},"end":{"line":939,"column":34}},"415":{"start":{"line":942,"column":0},"end":{"line":959,"column":1}},"416":{"start":{"line":943,"column":2},"end":{"line":958,"column":3}},"417":{"start":{"line":944,"column":4},"end":{"line":957,"column":5}},"418":{"start":{"line":945,"column":6},"end":{"line":956,"column":7}},"419":{"start":{"line":946,"column":8},"end":{"line":946,"column":32}},"420":{"start":{"line":947,"column":8},"end":{"line":947,"column":41}},"421":{"start":{"line":948,"column":8},"end":{"line":948,"column":41}},"422":{"start":{"line":950,"column":8},"end":{"line":950,"column":63}},"423":{"start":{"line":951,"column":8},"end":{"line":953,"column":9}},"424":{"start":{"line":952,"column":10},"end":{"line":952,"column":39}},"425":{"start":{"line":962,"column":0},"end":{"line":983,"column":1}},"426":{"start":{"line":963,"column":2},"end":{"line":964,"column":11}},"427":{"start":{"line":964,"column":4},"end":{"line":964,"column":11}},"428":{"start":{"line":966,"column":2},"end":{"line":972,"column":4}},"429":{"start":{"line":975,"column":2},"end":{"line":975,"column":73}},"430":{"start":{"line":979,"column":2},"end":{"line":979,"column":37}},"431":{"start":{"line":982,"column":2},"end":{"line":982,"column":61}},"432":{"start":{"line":985,"column":0},"end":{"line":1003,"column":1}},"433":{"start":{"line":986,"column":2},"end":{"line":992,"column":16}},"434":{"start":{"line":987,"column":4},"end":{"line":991,"column":5}},"435":{"start":{"line":988,"column":6},"end":{"line":988,"column":34}},"436":{"start":{"line":990,"column":6},"end":{"line":990,"column":89}},"437":{"start":{"line":995,"column":2},"end":{"line":1002,"column":16}},"438":{"start":{"line":996,"column":4},"end":{"line":996,"column":81}},"439":{"start":{"line":999,"column":4},"end":{"line":1000,"column":89}},"440":{"start":{"line":1000,"column":6},"end":{"line":1000,"column":89}},"441":{"start":{"line":1005,"column":0},"end":{"line":1023,"column":1}},"442":{"start":{"line":1006,"column":2},"end":{"line":1009,"column":3}},"443":{"start":{"line":1007,"column":4},"end":{"line":1007,"column":39}},"444":{"start":{"line":1008,"column":4},"end":{"line":1008,"column":31}},"445":{"start":{"line":1011,"column":2},"end":{"line":1011,"column":41}},"446":{"start":{"line":1014,"column":2},"end":{"line":1022,"column":18}},"447":{"start":{"line":1018,"column":6},"end":{"line":1021,"column":7}},"448":{"start":{"line":1019,"column":8},"end":{"line":1019,"column":26}},"449":{"start":{"line":1020,"column":8},"end":{"line":1020,"column":54}},"450":{"start":{"line":1025,"column":0},"end":{"line":1036,"column":1}},"451":{"start":{"line":1026,"column":2},"end":{"line":1026,"column":53}},"452":{"start":{"line":1027,"column":2},"end":{"line":1027,"column":36}},"453":{"start":{"line":1028,"column":2},"end":{"line":1028,"column":19}},"454":{"start":{"line":1030,"column":2},"end":{"line":1033,"column":3}},"455":{"start":{"line":1031,"column":4},"end":{"line":1031,"column":40}},"456":{"start":{"line":1032,"column":4},"end":{"line":1032,"column":35}},"457":{"start":{"line":1035,"column":2},"end":{"line":1035,"column":17}},"458":{"start":{"line":1038,"column":0},"end":{"line":1055,"column":1}},"459":{"start":{"line":1041,"column":2},"end":{"line":1041,"column":16}},"460":{"start":{"line":1043,"column":2},"end":{"line":1049,"column":3}},"461":{"start":{"line":1044,"column":4},"end":{"line":1048,"column":5}},"462":{"start":{"line":1046,"column":6},"end":{"line":1046,"column":26}},"463":{"start":{"line":1047,"column":6},"end":{"line":1047,"column":12}},"464":{"start":{"line":1051,"column":2},"end":{"line":1052,"column":59}},"465":{"start":{"line":1052,"column":4},"end":{"line":1052,"column":59}},"466":{"start":{"line":1054,"column":2},"end":{"line":1054,"column":26}}},"branchMap":{"1":{"line":47,"type":"if","locations":[{"start":{"line":47,"column":2},"end":{"line":47,"column":2}},{"start":{"line":47,"column":2},"end":{"line":47,"column":2}}]},"2":{"line":48,"type":"if","locations":[{"start":{"line":48,"column":2},"end":{"line":48,"column":2}},{"start":{"line":48,"column":2},"end":{"line":48,"column":2}}]},"3":{"line":49,"type":"if","locations":[{"start":{"line":49,"column":2},"end":{"line":49,"column":2}},{"start":{"line":49,"column":2},"end":{"line":49,"column":2}}]},"4":{"line":78,"type":"if","locations":[{"start":{"line":78,"column":6},"end":{"line":78,"column":6}},{"start":{"line":78,"column":6},"end":{"line":78,"column":6}}]},"5":{"line":125,"type":"if","locations":[{"start":{"line":125,"column":2},"end":{"line":125,"column":2}},{"start":{"line":125,"column":2},"end":{"line":125,"column":2}}]},"6":{"line":139,"type":"if","locations":[{"start":{"line":139,"column":2},"end":{"line":139,"column":2}},{"start":{"line":139,"column":2},"end":{"line":139,"column":2}}]},"7":{"line":145,"type":"if","locations":[{"start":{"line":145,"column":4},"end":{"line":145,"column":4}},{"start":{"line":145,"column":4},"end":{"line":145,"column":4}}]},"8":{"line":147,"type":"if","locations":[{"start":{"line":147,"column":6},"end":{"line":147,"column":6}},{"start":{"line":147,"column":6},"end":{"line":147,"column":6}}]},"9":{"line":150,"type":"if","locations":[{"start":{"line":150,"column":6},"end":{"line":150,"column":6}},{"start":{"line":150,"column":6},"end":{"line":150,"column":6}}]},"10":{"line":157,"type":"if","locations":[{"start":{"line":157,"column":2},"end":{"line":157,"column":2}},{"start":{"line":157,"column":2},"end":{"line":157,"column":2}}]},"11":{"line":164,"type":"if","locations":[{"start":{"line":164,"column":4},"end":{"line":164,"column":4}},{"start":{"line":164,"column":4},"end":{"line":164,"column":4}}]},"12":{"line":176,"type":"if","locations":[{"start":{"line":176,"column":4},"end":{"line":176,"column":4}},{"start":{"line":176,"column":4},"end":{"line":176,"column":4}}]},"13":{"line":190,"type":"if","locations":[{"start":{"line":190,"column":8},"end":{"line":190,"column":8}},{"start":{"line":190,"column":8},"end":{"line":190,"column":8}}]},"14":{"line":196,"type":"if","locations":[{"start":{"line":196,"column":4},"end":{"line":196,"column":4}},{"start":{"line":196,"column":4},"end":{"line":196,"column":4}}]},"15":{"line":204,"type":"if","locations":[{"start":{"line":204,"column":8},"end":{"line":204,"column":8}},{"start":{"line":204,"column":8},"end":{"line":204,"column":8}}]},"16":{"line":218,"type":"if","locations":[{"start":{"line":218,"column":4},"end":{"line":218,"column":4}},{"start":{"line":218,"column":4},"end":{"line":218,"column":4}}]},"17":{"line":224,"type":"if","locations":[{"start":{"line":224,"column":2},"end":{"line":224,"column":2}},{"start":{"line":224,"column":2},"end":{"line":224,"column":2}}]},"18":{"line":227,"type":"if","locations":[{"start":{"line":227,"column":4},"end":{"line":227,"column":4}},{"start":{"line":227,"column":4},"end":{"line":227,"column":4}}]},"19":{"line":241,"type":"if","locations":[{"start":{"line":241,"column":4},"end":{"line":241,"column":4}},{"start":{"line":241,"column":4},"end":{"line":241,"column":4}}]},"20":{"line":241,"type":"binary-expr","locations":[{"start":{"line":241,"column":8},"end":{"line":241,"column":32}},{"start":{"line":241,"column":37},"end":{"line":241,"column":65}},{"start":{"line":241,"column":69},"end":{"line":241,"column":90}},{"start":{"line":241,"column":94},"end":{"line":241,"column":118}}]},"21":{"line":243,"type":"if","locations":[{"start":{"line":243,"column":9},"end":{"line":243,"column":9}},{"start":{"line":243,"column":9},"end":{"line":243,"column":9}}]},"22":{"line":243,"type":"binary-expr","locations":[{"start":{"line":243,"column":13},"end":{"line":243,"column":39}},{"start":{"line":243,"column":45},"end":{"line":243,"column":68}},{"start":{"line":243,"column":74},"end":{"line":243,"column":100}}]},"23":{"line":249,"type":"if","locations":[{"start":{"line":249,"column":2},"end":{"line":249,"column":2}},{"start":{"line":249,"column":2},"end":{"line":249,"column":2}}]},"24":{"line":257,"type":"if","locations":[{"start":{"line":257,"column":2},"end":{"line":257,"column":2}},{"start":{"line":257,"column":2},"end":{"line":257,"column":2}}]},"25":{"line":263,"type":"if","locations":[{"start":{"line":263,"column":4},"end":{"line":263,"column":4}},{"start":{"line":263,"column":4},"end":{"line":263,"column":4}}]},"26":{"line":280,"type":"if","locations":[{"start":{"line":280,"column":2},"end":{"line":280,"column":2}},{"start":{"line":280,"column":2},"end":{"line":280,"column":2}}]},"27":{"line":297,"type":"if","locations":[{"start":{"line":297,"column":2},"end":{"line":297,"column":2}},{"start":{"line":297,"column":2},"end":{"line":297,"column":2}}]},"28":{"line":304,"type":"if","locations":[{"start":{"line":304,"column":4},"end":{"line":304,"column":4}},{"start":{"line":304,"column":4},"end":{"line":304,"column":4}}]},"29":{"line":311,"type":"if","locations":[{"start":{"line":311,"column":2},"end":{"line":311,"column":2}},{"start":{"line":311,"column":2},"end":{"line":311,"column":2}}]},"30":{"line":316,"type":"if","locations":[{"start":{"line":316,"column":2},"end":{"line":316,"column":2}},{"start":{"line":316,"column":2},"end":{"line":316,"column":2}}]},"31":{"line":341,"type":"if","locations":[{"start":{"line":341,"column":4},"end":{"line":341,"column":4}},{"start":{"line":341,"column":4},"end":{"line":341,"column":4}}]},"32":{"line":348,"type":"if","locations":[{"start":{"line":348,"column":4},"end":{"line":348,"column":4}},{"start":{"line":348,"column":4},"end":{"line":348,"column":4}}]},"33":{"line":356,"type":"cond-expr","locations":[{"start":{"line":356,"column":32},"end":{"line":356,"column":36}},{"start":{"line":356,"column":39},"end":{"line":356,"column":73}}]},"34":{"line":358,"type":"binary-expr","locations":[{"start":{"line":358,"column":9},"end":{"line":358,"column":18}},{"start":{"line":358,"column":22},"end":{"line":358,"column":59}}]},"35":{"line":370,"type":"if","locations":[{"start":{"line":370,"column":2},"end":{"line":370,"column":2}},{"start":{"line":370,"column":2},"end":{"line":370,"column":2}}]},"36":{"line":384,"type":"if","locations":[{"start":{"line":384,"column":2},"end":{"line":384,"column":2}},{"start":{"line":384,"column":2},"end":{"line":384,"column":2}}]},"37":{"line":392,"type":"if","locations":[{"start":{"line":392,"column":2},"end":{"line":392,"column":2}},{"start":{"line":392,"column":2},"end":{"line":392,"column":2}}]},"38":{"line":410,"type":"if","locations":[{"start":{"line":410,"column":2},"end":{"line":410,"column":2}},{"start":{"line":410,"column":2},"end":{"line":410,"column":2}}]},"39":{"line":410,"type":"binary-expr","locations":[{"start":{"line":410,"column":6},"end":{"line":410,"column":27}},{"start":{"line":410,"column":31},"end":{"line":410,"column":56}}]},"40":{"line":414,"type":"if","locations":[{"start":{"line":414,"column":2},"end":{"line":414,"column":2}},{"start":{"line":414,"column":2},"end":{"line":414,"column":2}}]},"41":{"line":427,"type":"if","locations":[{"start":{"line":427,"column":4},"end":{"line":427,"column":4}},{"start":{"line":427,"column":4},"end":{"line":427,"column":4}}]},"42":{"line":443,"type":"if","locations":[{"start":{"line":443,"column":2},"end":{"line":443,"column":2}},{"start":{"line":443,"column":2},"end":{"line":443,"column":2}}]},"43":{"line":445,"type":"if","locations":[{"start":{"line":445,"column":4},"end":{"line":445,"column":4}},{"start":{"line":445,"column":4},"end":{"line":445,"column":4}}]},"44":{"line":524,"type":"if","locations":[{"start":{"line":524,"column":2},"end":{"line":524,"column":2}},{"start":{"line":524,"column":2},"end":{"line":524,"column":2}}]},"45":{"line":529,"type":"if","locations":[{"start":{"line":529,"column":2},"end":{"line":529,"column":2}},{"start":{"line":529,"column":2},"end":{"line":529,"column":2}}]},"46":{"line":531,"type":"if","locations":[{"start":{"line":531,"column":9},"end":{"line":531,"column":9}},{"start":{"line":531,"column":9},"end":{"line":531,"column":9}}]},"47":{"line":531,"type":"binary-expr","locations":[{"start":{"line":531,"column":13},"end":{"line":531,"column":54}},{"start":{"line":531,"column":58},"end":{"line":531,"column":92}}]},"48":{"line":541,"type":"binary-expr","locations":[{"start":{"line":541,"column":33},"end":{"line":541,"column":46}},{"start":{"line":541,"column":50},"end":{"line":541,"column":76}}]},"49":{"line":554,"type":"if","locations":[{"start":{"line":554,"column":2},"end":{"line":554,"column":2}},{"start":{"line":554,"column":2},"end":{"line":554,"column":2}}]},"50":{"line":563,"type":"if","locations":[{"start":{"line":563,"column":2},"end":{"line":563,"column":2}},{"start":{"line":563,"column":2},"end":{"line":563,"column":2}}]},"51":{"line":563,"type":"binary-expr","locations":[{"start":{"line":563,"column":6},"end":{"line":563,"column":20}},{"start":{"line":563,"column":24},"end":{"line":563,"column":59}}]},"52":{"line":579,"type":"if","locations":[{"start":{"line":579,"column":2},"end":{"line":579,"column":2}},{"start":{"line":579,"column":2},"end":{"line":579,"column":2}}]},"53":{"line":602,"type":"if","locations":[{"start":{"line":602,"column":2},"end":{"line":602,"column":2}},{"start":{"line":602,"column":2},"end":{"line":602,"column":2}}]},"54":{"line":606,"type":"binary-expr","locations":[{"start":{"line":606,"column":19},"end":{"line":606,"column":28}},{"start":{"line":606,"column":32},"end":{"line":606,"column":33}}]},"55":{"line":617,"type":"if","locations":[{"start":{"line":617,"column":2},"end":{"line":617,"column":2}},{"start":{"line":617,"column":2},"end":{"line":617,"column":2}}]},"56":{"line":621,"type":"if","locations":[{"start":{"line":621,"column":2},"end":{"line":621,"column":2}},{"start":{"line":621,"column":2},"end":{"line":621,"column":2}}]},"57":{"line":628,"type":"if","locations":[{"start":{"line":628,"column":2},"end":{"line":628,"column":2}},{"start":{"line":628,"column":2},"end":{"line":628,"column":2}}]},"58":{"line":632,"type":"if","locations":[{"start":{"line":632,"column":2},"end":{"line":632,"column":2}},{"start":{"line":632,"column":2},"end":{"line":632,"column":2}}]},"59":{"line":639,"type":"if","locations":[{"start":{"line":639,"column":2},"end":{"line":639,"column":2}},{"start":{"line":639,"column":2},"end":{"line":639,"column":2}}]},"60":{"line":639,"type":"binary-expr","locations":[{"start":{"line":639,"column":6},"end":{"line":639,"column":22}},{"start":{"line":639,"column":26},"end":{"line":639,"column":58}}]},"61":{"line":650,"type":"if","locations":[{"start":{"line":650,"column":4},"end":{"line":650,"column":4}},{"start":{"line":650,"column":4},"end":{"line":650,"column":4}}]},"62":{"line":721,"type":"cond-expr","locations":[{"start":{"line":721,"column":27},"end":{"line":721,"column":30}},{"start":{"line":721,"column":33},"end":{"line":721,"column":41}}]},"63":{"line":722,"type":"cond-expr","locations":[{"start":{"line":722,"column":26},"end":{"line":722,"column":29}},{"start":{"line":722,"column":32},"end":{"line":722,"column":39}}]},"64":{"line":732,"type":"if","locations":[{"start":{"line":732,"column":4},"end":{"line":732,"column":4}},{"start":{"line":732,"column":4},"end":{"line":732,"column":4}}]},"65":{"line":742,"type":"if","locations":[{"start":{"line":742,"column":6},"end":{"line":742,"column":6}},{"start":{"line":742,"column":6},"end":{"line":742,"column":6}}]},"66":{"line":764,"type":"if","locations":[{"start":{"line":764,"column":6},"end":{"line":764,"column":6}},{"start":{"line":764,"column":6},"end":{"line":764,"column":6}}]},"67":{"line":781,"type":"if","locations":[{"start":{"line":781,"column":8},"end":{"line":781,"column":8}},{"start":{"line":781,"column":8},"end":{"line":781,"column":8}}]},"68":{"line":791,"type":"if","locations":[{"start":{"line":791,"column":6},"end":{"line":791,"column":6}},{"start":{"line":791,"column":6},"end":{"line":791,"column":6}}]},"69":{"line":814,"type":"cond-expr","locations":[{"start":{"line":814,"column":25},"end":{"line":814,"column":45}},{"start":{"line":814,"column":48},"end":{"line":814,"column":72}}]},"70":{"line":815,"type":"cond-expr","locations":[{"start":{"line":815,"column":22},"end":{"line":815,"column":42}},{"start":{"line":815,"column":45},"end":{"line":815,"column":66}}]},"71":{"line":816,"type":"binary-expr","locations":[{"start":{"line":816,"column":23},"end":{"line":816,"column":43}},{"start":{"line":816,"column":47},"end":{"line":816,"column":52}}]},"72":{"line":818,"type":"cond-expr","locations":[{"start":{"line":818,"column":29},"end":{"line":818,"column":32}},{"start":{"line":818,"column":35},"end":{"line":818,"column":43}}]},"73":{"line":822,"type":"if","locations":[{"start":{"line":822,"column":4},"end":{"line":822,"column":4}},{"start":{"line":822,"column":4},"end":{"line":822,"column":4}}]},"74":{"line":832,"type":"if","locations":[{"start":{"line":832,"column":6},"end":{"line":832,"column":6}},{"start":{"line":832,"column":6},"end":{"line":832,"column":6}}]},"75":{"line":847,"type":"if","locations":[{"start":{"line":847,"column":4},"end":{"line":847,"column":4}},{"start":{"line":847,"column":4},"end":{"line":847,"column":4}}]},"76":{"line":848,"type":"cond-expr","locations":[{"start":{"line":848,"column":77},"end":{"line":848,"column":90}},{"start":{"line":848,"column":93},"end":{"line":848,"column":108}}]},"77":{"line":854,"type":"if","locations":[{"start":{"line":854,"column":6},"end":{"line":854,"column":6}},{"start":{"line":854,"column":6},"end":{"line":854,"column":6}}]},"78":{"line":854,"type":"binary-expr","locations":[{"start":{"line":854,"column":10},"end":{"line":854,"column":21}},{"start":{"line":854,"column":25},"end":{"line":854,"column":50}}]},"79":{"line":859,"type":"if","locations":[{"start":{"line":859,"column":6},"end":{"line":859,"column":6}},{"start":{"line":859,"column":6},"end":{"line":859,"column":6}}]},"80":{"line":859,"type":"binary-expr","locations":[{"start":{"line":859,"column":10},"end":{"line":859,"column":22}},{"start":{"line":859,"column":26},"end":{"line":859,"column":56}}]},"81":{"line":866,"type":"if","locations":[{"start":{"line":866,"column":4},"end":{"line":866,"column":4}},{"start":{"line":866,"column":4},"end":{"line":866,"column":4}}]},"82":{"line":873,"type":"if","locations":[{"start":{"line":873,"column":8},"end":{"line":873,"column":8}},{"start":{"line":873,"column":8},"end":{"line":873,"column":8}}]},"83":{"line":890,"type":"if","locations":[{"start":{"line":890,"column":10},"end":{"line":890,"column":10}},{"start":{"line":890,"column":10},"end":{"line":890,"column":10}}]},"84":{"line":897,"type":"if","locations":[{"start":{"line":897,"column":8},"end":{"line":897,"column":8}},{"start":{"line":897,"column":8},"end":{"line":897,"column":8}}]},"85":{"line":913,"type":"if","locations":[{"start":{"line":913,"column":6},"end":{"line":913,"column":6}},{"start":{"line":913,"column":6},"end":{"line":913,"column":6}}]},"86":{"line":921,"type":"if","locations":[{"start":{"line":921,"column":2},"end":{"line":921,"column":2}},{"start":{"line":921,"column":2},"end":{"line":921,"column":2}}]},"87":{"line":922,"type":"if","locations":[{"start":{"line":922,"column":4},"end":{"line":922,"column":4}},{"start":{"line":922,"column":4},"end":{"line":922,"column":4}}]},"88":{"line":935,"type":"if","locations":[{"start":{"line":935,"column":2},"end":{"line":935,"column":2}},{"start":{"line":935,"column":2},"end":{"line":935,"column":2}}]},"89":{"line":935,"type":"binary-expr","locations":[{"start":{"line":935,"column":6},"end":{"line":935,"column":23}},{"start":{"line":935,"column":27},"end":{"line":935,"column":66}}]},"90":{"line":944,"type":"if","locations":[{"start":{"line":944,"column":4},"end":{"line":944,"column":4}},{"start":{"line":944,"column":4},"end":{"line":944,"column":4}}]},"91":{"line":951,"type":"if","locations":[{"start":{"line":951,"column":8},"end":{"line":951,"column":8}},{"start":{"line":951,"column":8},"end":{"line":951,"column":8}}]},"92":{"line":963,"type":"if","locations":[{"start":{"line":963,"column":2},"end":{"line":963,"column":2}},{"start":{"line":963,"column":2},"end":{"line":963,"column":2}}]},"93":{"line":987,"type":"if","locations":[{"start":{"line":987,"column":4},"end":{"line":987,"column":4}},{"start":{"line":987,"column":4},"end":{"line":987,"column":4}}]},"94":{"line":999,"type":"if","locations":[{"start":{"line":999,"column":4},"end":{"line":999,"column":4}},{"start":{"line":999,"column":4},"end":{"line":999,"column":4}}]},"95":{"line":1018,"type":"if","locations":[{"start":{"line":1018,"column":6},"end":{"line":1018,"column":6}},{"start":{"line":1018,"column":6},"end":{"line":1018,"column":6}}]},"96":{"line":1044,"type":"if","locations":[{"start":{"line":1044,"column":4},"end":{"line":1044,"column":4}},{"start":{"line":1044,"column":4},"end":{"line":1044,"column":4}}]},"97":{"line":1051,"type":"if","locations":[{"start":{"line":1051,"column":2},"end":{"line":1051,"column":2}},{"start":{"line":1051,"column":2},"end":{"line":1051,"column":2}}]}}},"/Volumes/Dev/GitHub/homebridge-plugin-wrapper/hap-nodejs/lib/util/clone.js":{"path":"/Volumes/Dev/GitHub/homebridge-plugin-wrapper/hap-nodejs/lib/util/clone.js","s":{"1":1,"2":1,"3":0,"4":0,"5":0,"6":0,"7":0,"8":0},"b":{},"f":{"1":0},"fnMap":{"1":{"name":"clone","line":12,"loc":{"start":{"line":12,"column":0},"end":{"line":12,"column":31}}}},"statementMap":{"1":{"start":{"line":3,"column":0},"end":{"line":5,"column":2}},"2":{"start":{"line":12,"column":0},"end":{"line":25,"column":1}},"3":{"start":{"line":14,"column":2},"end":{"line":14,"column":18}},"4":{"start":{"line":16,"column":2},"end":{"line":18,"column":3}},"5":{"start":{"line":17,"column":4},"end":{"line":17,"column":30}},"6":{"start":{"line":20,"column":2},"end":{"line":22,"column":3}},"7":{"start":{"line":21,"column":4},"end":{"line":21,"column":30}},"8":{"start":{"line":24,"column":2},"end":{"line":24,"column":16}}},"branchMap":{}},"/Volumes/Dev/GitHub/homebridge-plugin-wrapper/hap-nodejs/lib/util/uuid.js":{"path":"/Volumes/Dev/GitHub/homebridge-plugin-wrapper/hap-nodejs/lib/util/uuid.js","s":{"1":1,"2":1,"3":1,"4":0,"5":0,"6":0,"7":0,"8":0,"9":0,"10":0,"11":0,"12":0,"13":1,"14":1,"15":0,"16":1,"17":1,"18":0,"19":0},"b":{"1":[0,0],"2":[0,0]},"f":{"1":0,"2":0,"3":0,"4":0},"fnMap":{"1":{"name":"generate","line":12,"loc":{"start":{"line":12,"column":0},"end":{"line":12,"column":24}}},"2":{"name":"(anonymous_2)","line":17,"loc":{"start":{"line":17,"column":65},"end":{"line":17,"column":77}}},"3":{"name":"isValid","line":30,"loc":{"start":{"line":30,"column":0},"end":{"line":30,"column":23}}},"4":{"name":"unparse","line":36,"loc":{"start":{"line":36,"column":0},"end":{"line":36,"column":30}}}},"statementMap":{"1":{"start":{"line":3,"column":0},"end":{"line":3,"column":31}},"2":{"start":{"line":5,"column":0},"end":{"line":9,"column":2}},"3":{"start":{"line":12,"column":0},"end":{"line":26,"column":1}},"4":{"start":{"line":13,"column":2},"end":{"line":13,"column":42}},"5":{"start":{"line":14,"column":2},"end":{"line":14,"column":23}},"6":{"start":{"line":15,"column":2},"end":{"line":15,"column":32}},"7":{"start":{"line":16,"column":2},"end":{"line":16,"column":13}},"8":{"start":{"line":17,"column":2},"end":{"line":25,"column":5}},"9":{"start":{"line":18,"column":4},"end":{"line":18,"column":11}},"10":{"start":{"line":19,"column":4},"end":{"line":24,"column":5}},"11":{"start":{"line":21,"column":8},"end":{"line":21,"column":20}},"12":{"start":{"line":23,"column":8},"end":{"line":23,"column":70}},"13":{"start":{"line":28,"column":0},"end":{"line":28,"column":97}},"14":{"start":{"line":30,"column":0},"end":{"line":32,"column":1}},"15":{"start":{"line":31,"column":2},"end":{"line":31,"column":35}},"16":{"start":{"line":34,"column":0},"end":{"line":34,"column":20}},"17":{"start":{"line":36,"column":0},"end":{"line":46,"column":1}},"18":{"start":{"line":37,"column":2},"end":{"line":37,"column":22}},"19":{"start":{"line":38,"column":2},"end":{"line":45,"column":55}}},"branchMap":{"1":{"line":19,"type":"switch","locations":[{"start":{"line":20,"column":6},"end":{"line":21,"column":20}},{"start":{"line":22,"column":6},"end":{"line":23,"column":70}}]},"2":{"line":37,"type":"binary-expr","locations":[{"start":{"line":37,"column":10},"end":{"line":37,"column":16}},{"start":{"line":37,"column":20},"end":{"line":37,"column":21}}]}}},"/Volumes/Dev/GitHub/homebridge-plugin-wrapper/hap-nodejs/lib/Service.js":{"path":"/Volumes/Dev/GitHub/homebridge-plugin-wrapper/hap-nodejs/lib/Service.js","s":{"1":1,"2":1,"3":1,"4":1,"5":1,"6":1,"7":0,"8":0,"9":0,"10":0,"11":0,"12":0,"13":0,"14":0,"15":0,"16":0,"17":0,"18":0,"19":0,"20":0,"21":1,"22":1,"23":0,"24":0,"25":
[...]
ous_2)","line":25,"loc":{"start":{"line":25,"column":7},"end":{"line":25,"column":10}}},"3":{"name":"(anonymous_3)","line":28,"loc":{"start":{"line":28,"column":12},"end":{"line":28,"column":30}}},"4":{"name":"(anonymous_4)","line":33,"loc":{"start":{"line":33,"column":12},"end":{"line":33,"column":29}}},"5":{"name":"(anonymous_5)","line":39,"loc":{"start":{"line":39,"column":9},"end":{"line":39,"column":12}}},"6":{"name":"(anonymous_6)","line":54,"loc":{"start":{"line":54,"column":17},"end":{"line":54,"column":20}}},"7":{"name":"(anonymous_7)","line":59,"loc":{"start":{"line":59,"column":18},"end":{"line":59,"column":21}}},"8":{"name":"(anonymous_8)","line":64,"loc":{"start":{"line":64,"column":19},"end":{"line":64,"column":22}}},"9":{"name":"(anonymous_9)","line":69,"loc":{"start":{"line":69,"column":18},"end":{"line":69,"column":28}}},"10":{"name":"(anonymous_10)","line":74,"loc":{"start":{"line":74,"column":18},"end":{"line":74,"column":25}}},"11":{"name":"(anonymous_11)","line":79,"loc":{"start":{"line":79,"column":19},"end":{"line":79,"column":26}}},"12":{"name":"(anonymous_12)","line":84,"loc":{"start":{"line":84,"column":24},"end":{"line":84,"column":29}}},"13":{"name":"(anonymous_13)","line":89,"loc":{"start":{"line":89,"column":24},"end":{"line":89,"column":29}}},"14":{"name":"(anonymous_14)","line":94,"loc":{"start":{"line":94,"column":9},"end":{"line":94,"column":15}}},"15":{"name":"(anonymous_15)","line":103,"loc":{"start":{"line":103,"column":10},"end":{"line":103,"column":16}}},"16":{"name":"(anonymous_16)","line":112,"loc":{"start":{"line":112,"column":9},"end":{"line":112,"column":12}}},"17":{"name":"(anonymous_17)","line":117,"loc":{"start":{"line":117,"column":41},"end":{"line":117,"column":62}}},"18":{"name":"(anonymous_18)","line":121,"loc":{"start":{"line":121,"column":42},"end":{"line":121,"column":63}}},"19":{"name":"(anonymous_19)","line":125,"loc":{"start":{"line":125,"column":38},"end":{"line":125,"column":59}}},"20":{"name":"(anonymous_20)","line":130,"loc":{"start":{"line":130,"column":12},"end":{"line":130,"column":18}}},"21":{"name":"(anonymous_21)","line":153,"loc":{"start":{"line":153,"column":20},"end":{"line":153,"column":37}}},"22":{"name":"(anonymous_22)","line":178,"loc":{"start":{"line":178,"column":13},"end":{"line":178,"column":19}}},"23":{"name":"(anonymous_23)","line":181,"loc":{"start":{"line":181,"column":49},"end":{"line":181,"column":70}}},"24":{"name":"(anonymous_24)","line":195,"loc":{"start":{"line":195,"column":11},"end":{"line":195,"column":17}}},"25":{"name":"(anonymous_25)","line":198,"loc":{"start":{"line":198,"column":49},"end":{"line":198,"column":70}}},"26":{"name":"(anonymous_26)","line":212,"loc":{"start":{"line":212,"column":14},"end":{"line":212,"column":21}}},"27":{"name":"(anonymous_27)","line":214,"loc":{"start":{"line":214,"column":23},"end":{"line":214,"column":49}}},"28":{"name":"(anonymous_28)","line":215,"loc":{"start":{"line":215,"column":18},"end":{"line":215,"column":29}}},"29":{"name":"(anonymous_29)","line":218,"loc":{"start":{"line":218,"column":31},"end":{"line":218,"column":42}}},"30":{"name":"(anonymous_30)","line":230,"loc":{"start":{"line":230,"column":31},"end":{"line":230,"column":42}}},"31":{"name":"(anonymous_31)","line":241,"loc":{"start":{"line":241,"column":18},"end":{"line":241,"column":25}}},"32":{"name":"(anonymous_32)","line":243,"loc":{"start":{"line":243,"column":23},"end":{"line":243,"column":49}}},"33":{"name":"(anonymous_33)","line":244,"loc":{"start":{"line":244,"column":18},"end":{"line":244,"column":29}}},"34":{"name":"(anonymous_34)","line":249,"loc":{"start":{"line":249,"column":22},"end":{"line":249,"column":33}}},"35":{"name":"(anonymous_35)","line":269,"loc":{"start":{"line":269,"column":30},"end":{"line":269,"column":41}}},"36":{"name":"(anonymous_36)","line":274,"loc":{"start":{"line":274,"column":30},"end":{"line":274,"column":41}}},"37":{"name":"(anonymous_37)","line":279,"loc":{"start":{"line":279,"column":34},"end":{"line":279,"column":45}}},"38":{"name":"(anonymous_38)","line":284,"loc":{"start":{"line":284,"column":34},"end":{"line":284,"column":45}}}},"statementMap":{"1":{"start":{"line":3,"column":0},"end":{"line":3,"column":31}},"2":{"start":{"line":4,"column":0},"end":{"line":4,"column":52}},"3":{"start":{"line":8,"column":4},"end":{"line":8,"column":12}},"4":{"start":{"line":10,"column":4},"end":{"line":10,"column":20}},"5":{"start":{"line":11,"column":4},"end":{"line":11,"column":49}},"6":{"start":{"line":13,"column":4},"end":{"line":13,"column":27}},"7":{"start":{"line":14,"column":4},"end":{"line":14,"column":30}},"8":{"start":{"line":16,"column":4},"end":{"line":16,"column":51}},"9":{"start":{"line":17,"column":4},"end":{"line":17,"column":45}},"10":{"start":{"line":18,"column":4},"end":{"line":18,"column":33}},"11":{"start":{"line":19,"column":4},"end":{"line":19,"column":45}},"12":{"start":{"line":20,"column":4},"end":{"line":20,"column":37}},"13":{"start":{"line":21,"column":4},"end":{"line":21,"column":29}},"14":{"start":{"line":22,"column":4},"end":{"line":22,"column":36}},"15":{"start":{"line":26,"column":4},"end":{"line":26,"column":20}},"16":{"start":{"line":27,"column":4},"end":{"line":36,"column":7}},"17":{"start":{"line":29,"column":8},"end":{"line":29,"column":44}},"18":{"start":{"line":30,"column":8},"end":{"line":30,"column":45}},"19":{"start":{"line":32,"column":6},"end":{"line":32,"column":42}},"20":{"start":{"line":34,"column":8},"end":{"line":34,"column":37}},"21":{"start":{"line":35,"column":8},"end":{"line":35,"column":23}},"22":{"start":{"line":40,"column":4},"end":{"line":40,"column":20}},"23":{"start":{"line":41,"column":4},"end":{"line":43,"column":5}},"24":{"start":{"line":42,"column":6},"end":{"line":42,"column":37}},"25":{"start":{"line":45,"column":4},"end":{"line":47,"column":5}},"26":{"start":{"line":46,"column":6},"end":{"line":46,"column":38}},"27":{"start":{"line":49,"column":4},"end":{"line":51,"column":5}},"28":{"start":{"line":50,"column":6},"end":{"line":50,"column":34}},"29":{"start":{"line":55,"column":4},"end":{"line":55,"column":20}},"30":{"start":{"line":56,"column":4},"end":{"line":56,"column":49}},"31":{"start":{"line":60,"column":4},"end":{"line":60,"column":20}},"32":{"start":{"line":61,"column":4},"end":{"line":61,"column":50}},"33":{"start":{"line":65,"column":4},"end":{"line":65,"column":20}},"34":{"start":{"line":66,"column":4},"end":{"line":66,"column":46}},"35":{"start":{"line":70,"column":4},"end":{"line":70,"column":20}},"36":{"start":{"line":71,"column":4},"end":{"line":71,"column":33}},"37":{"start":{"line":75,"column":4},"end":{"line":75,"column":20}},"38":{"start":{"line":76,"column":4},"end":{"line":76,"column":30}},"39":{"start":{"line":80,"column":4},"end":{"line":80,"column":20}},"40":{"start":{"line":81,"column":4},"end":{"line":81,"column":31}},"41":{"start":{"line":85,"column":4},"end":{"line":85,"column":20}},"42":{"start":{"line":86,"column":4},"end":{"line":86,"column":34}},"43":{"start":{"line":90,"column":4},"end":{"line":90,"column":20}},"44":{"start":{"line":91,"column":4},"end":{"line":91,"column":34}},"45":{"start":{"line":95,"column":4},"end":{"line":95,"column":20}},"46":{"start":{"line":97,"column":4},"end":{"line":98,"column":13}},"47":{"start":{"line":98,"column":6},"end":{"line":98,"column":13}},"48":{"start":{"line":100,"column":4},"end":{"line":100,"column":75}},"49":{"start":{"line":104,"column":4},"end":{"line":104,"column":20}},"50":{"start":{"line":106,"column":4},"end":{"line":107,"column":13}},"51":{"start":{"line":107,"column":6},"end":{"line":107,"column":13}},"52":{"start":{"line":109,"column":4},"end":{"line":109,"column":75}},"53":{"start":{"line":113,"column":4},"end":{"line":113,"column":20}},"54":{"start":{"line":114,"column":4},"end":{"line":115,"column":13}},"55":{"start":{"line":115,"column":6},"end":{"line":115,"column":13}},"56":{"start":{"line":117,"column":4},"end":{"line":119,"column":11}},"57":{"start":{"line":118,"column":8},"end":{"line":118,"column":29}},"58":{"start":{"line":121,"column":4},"end":{"line":123,"column":11}},"59":{"start":{"line":122,"column":8},"end":{"line":122,"column":30}},"60":{"start":{"line":125,"column":4},"end":{"line":127,"column":11}},"61":{"start":{"line":126,"column":8},"end":{"line":126,"column":28}},"62":{"start":{"line":131,"column":4},"end":{"line":131,"column":20}},"63":{"start":{"line":133,"column":4},"end":{"line":137,"column":5}},"64":{"start":{"line":135,"column":6},"end":{"line":135,"column":24}},"65":{"start":{"line":136,"column":6},"end":{"line":136,"column":13}},"66":{"start":{"line":139,"column":4},"end":{"line":139,"column":31}},"67":{"start":{"line":140,"column":4},"end":{"line":140,"column":24}},"68":{"start":{"line":141,"column":4},"end":{"line":144,"column":5}},"69":{"start":{"line":142,"column":6},"end":{"line":142,"column":52}},"70":{"start":{"line":143,"column":6},"end":{"line":143,"column":29}},"71":{"start":{"line":146,"column":4},"end":{"line":147,"column":46}},"72":{"start":{"line":147,"column":6},"end":{"line":147,"column":46}},"73":{"start":{"line":149,"column":4},"end":{"line":149,"column":44}},"74":{"start":{"line":150,"column":4},"end":{"line":150,"column":22}},"75":{"start":{"line":154,"column":4},"end":{"line":154,"column":20}},"76":{"start":{"line":155,"column":4},"end":{"line":155,"column":25}},"77":{"start":{"line":156,"column":4},"end":{"line":156,"column":19}},"78":{"start":{"line":157,"column":4},"end":{"line":170,"column":5}},"79":{"start":{"line":158,"column":6},"end":{"line":158,"column":41}},"80":{"start":{"line":159,"column":6},"end":{"line":159,"column":49}},"81":{"start":{"line":160,"column":6},"end":{"line":161,"column":14}},"82":{"start":{"line":161,"column":8},"end":{"line":161,"column":14}},"83":{"start":{"line":162,"column":6},"end":{"line":162,"column":55}},"84":{"start":{"line":164,"column":6},"end":{"line":164,"column":37}},"85":{"start":{"line":166,"column":6},"end":{"line":167,"column":33}},"86":{"start":{"line":167,"column":8},"end":{"line":167,"column":33}},"87":{"start":{"line":169,"column":6},"end":{"line":169,"column":24}},"88":{"start":{"line":172,"column":4},"end":{"line":173,"column":40}},"89":{"start":{"line":173,"column":6},"end":{"line":173,"column":40}},"90":{"start":{"line":175,"column":4},"end":{"line":175,"column":16}},"91":{"start":{"line":179,"column":4},"end":{"line":179,"column":20}},"92":{"start":{"line":181,"column":4},"end":{"line":189,"column":7}},"93":{"start":{"line":182,"column":6},"end":{"line":183,"column":22}},"94":{"start":{"line":183,"column":8},"end":{"line":183,"column":22}},"95":{"start":{"line":185,"column":6},"end":{"line":186,"column":51}},"96":{"start":{"line":186,"column":8},"end":{"line":186,"column":51}},"97":{"start":{"line":187,"column":6},"end":{"line":187,"column":49}},"98":{"start":{"line":188,"column":6},"end":{"line":188,"column":20}},"99":{"start":{"line":191,"column":4},"end":{"line":192,"column":30}},"100":{"start":{"line":192,"column":6},"end":{"line":192,"column":30}},"101":{"start":{"line":196,"column":4},"end":{"line":196,"column":20}},"102":{"start":{"line":198,"column":4},"end":{"line":205,"column":7}},"103":{"start":{"line":199,"column":6},"end":{"line":200,"column":22}},"104":{"start":{"line":200,"column":8},"end":{"line":200,"column":22}},"105":{"start":{"line":203,"column":6},"end":{"line":203,"column":49}},"106":{"start":{"line":204,"column":6},"end":{"line":204,"column":20}},"107":{"start":{"line":208,"column":4},"end":{"line":209,"column":30}},"108":{"start":{"line":209,"column":6},"end":{"line":209,"column":30}},"109":{"start":{"line":213,"column":4},"end":{"line":213,"column":20}},"110":{"start":{"line":214,"column":4},"end":{"line":238,"column":7}},"111":{"start":{"line":215,"column":6},"end":{"line":235,"column":8}},"112":{"start":{"line":216,"column":8},"end":{"line":216,"column":46}},"113":{"start":{"line":218,"column":8},"end":{"line":226,"column":10}},"114":{"start":{"line":219,"column":10},"end":{"line":222,"column":32}},"115":{"start":{"line":220,"column":12},"end":{"line":220,"column":38}},"116":{"start":{"line":222,"column":12},"end":{"line":222,"column":32}},"117":{"start":{"line":224,"column":10},"end":{"line":224,"column":25}},"118":{"start":{"line":225,"column":10},"end":{"line":225,"column":18}},"119":{"start":{"line":228,"column":8},"end":{"line":228,"column":47}},"120":{"start":{"line":230,"column":8},"end":{"line":232,"column":11}},"121":{"start":{"line":231,"column":10},"end":{"line":231,"column":26}},"122":{"start":{"line":234,"column":8},"end":{"line":234,"column":39}},"123":{"start":{"line":237,"column":6},"end":{"line":237,"column":14}},"124":{"start":{"line":242,"column":4},"end":{"line":242,"column":20}},"125":{"start":{"line":243,"column":4},"end":{"line":294,"column":7}},"126":{"start":{"line":244,"column":6},"end":{"line":291,"column":7}},"127":{"start":{"line":245,"column":8},"end":{"line":245,"column":47}},"128":{"start":{"line":246,"column":8},"end":{"line":246,"column":47}},"129":{"start":{"line":247,"column":8},"end":{"line":247,"column":45}},"130":{"start":{"line":249,"column":8},"end":{"line":267,"column":9}},"131":{"start":{"line":250,"column":10},"end":{"line":251,"column":19}},"132":{"start":{"line":251,"column":12},"end":{"line":251,"column":19}},"133":{"start":{"line":253,"column":10},"end":{"line":256,"column":11}},"134":{"start":{"line":254,"column":12},"end":{"line":254,"column":40}},"135":{"start":{"line":255,"column":12},"end":{"line":255,"column":19}},"136":{"start":{"line":258,"column":10},"end":{"line":261,"column":32}},"137":{"start":{"line":259,"column":12},"end":{"line":259,"column":38}},"138":{"start":{"line":261,"column":12},"end":{"line":261,"column":32}},"139":{"start":{"line":263,"column":10},"end":{"line":263,"column":26}},"140":{"start":{"line":264,"column":10},"end":{"line":264,"column":26}},"141":{"start":{"line":266,"column":10},"end":{"line":266,"column":35}},"142":{"start":{"line":269,"column":8},"end":{"line":272,"column":11}},"143":{"start":{"line":270,"column":10},"end":{"line":270,"column":28}},"144":{"start":{"line":271,"column":10},"end":{"line":271,"column":20}},"145":{"start":{"line":274,"column":8},"end":{"line":277,"column":11}},"146":{"start":{"line":275,"column":10},"end":{"line":275,"column":28}},"147":{"start":{"line":276,"column":10},"end":{"line":276,"column":20}},"148":{"start":{"line":279,"column":8},"end":{"line":282,"column":11}},"149":{"start":{"line":280,"column":10},"end":{"line":280,"column":28}},"150":{"start":{"line":281,"column":10},"end":{"line":281,"column":20}},"151":{"start":{"line":284,"column":8},"end":{"line":287,"column":11}},"152":{"start":{"line":285,"column":10},"end":{"line":285,"column":28}},"153":{"start":{"line":286,"column":10},"end":{"line":286,"column":20}},"154":{"start":{"line":289,"column":8},"end":{"line":289,"column":40}},"155":{"start":{"line":290,"column":8},"end":{"line":290,"column":44}},"156":{"start":{"line":293,"column":6},"end":{"line":293,"column":14}},"157":{"start":{"line":298,"column":0},"end":{"line":298,"column":26}}},"branchMap":{"1":{"line":11,"type":"cond-expr","locations":[{"start":{"line":11,"column":33},"end":{"line":11,"column":39}},{"start":{"line":11,"column":42},"end":{"line":11,"column":48}}]},"2":{"line":41,"type":"if","locations":[{"start":{"line":41,"column":4},"end":{"line":41,"column":4}},{"start":{"line":41,"column":4},"end":{"line":41,"column":4}}]},"3":{"line":45,"type":"if","locations":[{"start":{"line":45,"column":4},"end":{"line":45,"column":4}},{"start":{"line":45,"column":4},"end":{"line":45,"column":4}}]},"4":{"line":49,"type":"if","locations":[{"start":{"line":49,"column":4},"end":{"line":49,"column":4}},{"start":{"line":49,"column":4},"end":{"line":49,"column":4}}]},"5":{"line":97,"type":"if","locations":[{"start":{"line":97,"column":4},"end":{"line":97,"column":4}},{"start":{"line":97,"column":4},"end":{"line":97,"column":4}}]},"6":{"line":97,"type":"binary-expr","locations":[{"start":{"line":97,"column":7},"end":{"line":97,"column":28}},{"start":{"line":97,"column":32},"end":{"line":97,"column":50}}]},"7":{"line":106,"type":"if","locations":[{"start":{"line":106,"column":4},"end":{"line":106,"column":4}},{"start":{"line":106,"column":4},"end":{"line":106,"column":4}}]},"8":{"line":106,"type":"binary-expr","locations":[{"start":{"line":106,"column":7},"end":{"line":106,"column":26}},{"start":{"line":106,"column":30},"end":{"line":106,"column":50}}]},"9":{"line":114,"type":"if","locations":[{"start":{"line":114,"column":4},"end":{"line":114,"column":4}},{"start":{"line":114,"column":4},"end":{"line":114,"column":4}}]},"10":{"line":133,"type":"if","locations":[{"start":{"line":133,"column":4},"end":{"line":133,"column":4}},{"start":{"line":133,"column":4},"end":{"line":133,"column":4}}]},"11":{"line":141,"type":"if","locations":[{"start":{"line":141,"column":4},"end":{"line":141,"column":4}},{"start":{"line":141,"column":4},"end":{"line":141,"column":4}}]},"12":{"line":146,"type":"if","locations":[{"start":{"line":146,"column":4},"end":{"line":146,"column":4}},{"start":{"line":146,"column":4},"end":{"line":146,"column":4}}]},"13":{"line":160,"type":"if","locations":[{"start":{"line":160,"column":6},"end":{"line":160,"column":6}},{"start":{"line":160,"column":6},"end":{"line":160,"column":6}}]},"14":{"line":166,"type":"if","locations":[{"start":{"line":166,"column":6},"end":{"line":166,"column":6}},{"start":{"line":166,"column":6},"end":{"line":166,"column":6}}]},"15":{"line":172,"type":"if","locations":[{"start":{"line":172,"column":4},"end":{"line":172,"column":4}},{"start":{"line":172,"column":4},"end":{"line":172,"column":4}}]},"16":{"line":182,"type":"if","locations":[{"start":{"line":182,"column":6},"end":{"line":182,"column":6}},{"start":{"line":182,"column":6},"end":{"line":182,"column":6}}]},"17":{"line":182,"type":"binary-expr","locations":[{"start":{"line":182,"column":9},"end":{"line":182,"column":18}},{"start":{"line":182,"column":22},"end":{"line":182,"column":39}}]},"18":{"line":185,"type":"if","locations":[{"start":{"line":185,"column":6},"end":{"line":185,"column":6}},{"start":{"line":185,"column":6},"end":{"line":185,"column":6}}]},"19":{"line":191,"type":"if","locations":[{"start":{"line":191,"column":4},"end":{"line":191,"column":4}},{"start":{"line":191,"column":4},"end":{"line":191,"column":4}}]},"20":{"line":199,"type":"if","locations":[{"start":{"line":199,"column":6},"end":{"line":199,"column":6}},{"start":{"line":199,"column":6},"end":{"line":199,"column":6}}]},"21":{"line":199,"type":"binary-expr","locations":[{"start":{"line":199,"column":9},"end":{"line":199,"column":18}},{"start":{"line":199,"column":22},"end":{"line":199,"column":40}}]},"22":{"line":208,"type":"if","locations":[{"start":{"line":208,"column":4},"end":{"line":208,"column":4}},{"start":{"line":208,"column":4},"end":{"line":208,"column":4}}]},"23":{"line":219,"type":"if","locations":[{"start":{"line":219,"column":10},"end":{"line":219,"column":10}},{"start":{"line":219,"column":10},"end":{"line":219,"column":10}}]},"24":{"line":250,"type":"if","locations":[{"start":{"line":250,"column":10},"end":{"line":250,"column":10}},{"start":{"line":250,"column":10},"end":{"line":250,"column":10}}]},"25":{"line":250,"type":"binary-expr","locations":[{"start":{"line":250,"column":13},"end":{"line":250,"column":31}},{"start":{"line":250,"column":35},"end":{"line":250,"column":53}}]},"26":{"line":253,"type":"if","locations":[{"start":{"line":253,"column":10},"end":{"line":253,"column":10}},{"start":{"line":253,"column":10},"end":{"line":253,"column":10}}]},"27":{"line":253,"type":"binary-expr","locations":[{"start":{"line":253,"column":13},"end":{"line":253,"column":31}},{"start":{"line":253,"column":35},"end":{"line":253,"column":53}}]},"28":{"line":258,"type":"if","locations":[{"start":{"line":258,"column":10},"end":{"line":258,"column":10}},{"start":{"line":258,"column":10},"end":{"line":258,"column":10}}]}}}}