TN:
SF:/Volumes/Dev/GitHub/homebridge-plugin-wrapper/index.js
FN:10,(anonymous_1)
FN:23,override
FN:29,HomebridgeWrapper
FN:37,WrapperBridge
FN:44,publish
FN:51,addBridgedAccessory
FN:59,registerEventsForCharacteristic
FN:60,(anonymous_8)
FN:63,(anonymous_9)
FN:81,(anonymous_10)
FN:90,(anonymous_11)
FN:92,(anonymous_12)
FN:94,(anonymous_13)
FN:98,(anonymous_14)
FN:106,(anonymous_15)
FN:114,(anonymous_16)
FN:118,(anonymous_17)
FN:129,init
FN:142,finish
FN:150,getAccessoryByUUID
FN:154,getServiceByUUID
FN:158,getCharacteristicByUUID
FNF:22
FNH:0
FNDA:0,(anonymous_1)
FNDA:0,override
FNDA:0,HomebridgeWrapper
FNDA:0,WrapperBridge
FNDA:0,publish
FNDA:0,addBridgedAccessory
FNDA:0,registerEventsForCharacteristic
FNDA:0,(anonymous_8)
FNDA:0,(anonymous_9)
FNDA:0,(anonymous_10)
FNDA:0,(anonymous_11)
FNDA:0,(anonymous_12)
FNDA:0,(anonymous_13)
FNDA:0,(anonymous_14)
FNDA:0,(anonymous_15)
FNDA:0,(anonymous_16)
FNDA:0,(anonymous_17)
FNDA:0,init
FNDA:0,finish
FNDA:0,getAccessoryByUUID
FNDA:0,getServiceByUUID
FNDA:0,getCharacteristicByUUID
DA:6,1
DA:7,1
DA:8,1
DA:9,1
DA:10,1
DA:11,1
DA:14,1
DA:15,1
DA:17,1
DA:18,1
DA:19,0
DA:20,0
DA:21,0
DA:23,1
DA:24,0
DA:25,0
DA:29,1
DA:30,0
DA:31,0
DA:33,0
DA:35,0
DA:37,1
DA:38,0
DA:39,0
DA:42,0
DA:44,0
DA:45,0
DA:48,0
DA:51,0
DA:54,0
DA:55,0
DA:57,0
DA:59,1
DA:60,0
DA:61,0
DA:63,0
DA:64,0
DA:68,0
DA:69,0
DA:70,0
DA:71,0
DA:73,0
DA:74,0
DA:78,0
DA:81,0
DA:82,0
DA:84,0
DA:87,0
DA:90,0
DA:92,0
DA:94,0
DA:95,0
DA:98,0
DA:99,0
DA:100,0
DA:101,0
DA:102,0
DA:106,0
DA:107,0
DA:108,0
DA:109,0
DA:110,0
DA:114,0
DA:115,0
DA:118,0
DA:119,0
DA:120,0
DA:121,0
DA:122,0
DA:127,0
DA:129,0
DA:130,0
DA:132,0
DA:134,0
DA:137,0
DA:139,0
DA:142,0
DA:143,0
DA:144,0
DA:146,0
DA:150,0
DA:151,0
DA:154,0
DA:155,0
DA:158,0
DA:159,0
DA:162,0
LF:87
LH:14
BRDA:84,1,0,0
BRDA:84,1,1,0
BRDA:87,2,0,0
BRDA:87,2,1,0
BRDA:101,3,0,0
BRDA:101,3,1,0
BRDA:109,4,0,0
BRDA:109,4,1,0
BRDA:121,5,0,0
BRDA:121,5,1,0
BRDA:143,6,0,0
BRDA:143,6,1,0
BRF:12
BRH:0
end_of_record
TN:
SF:/Volumes/Dev/GitHub/homebridge-plugin-wrapper/homebridge/user.js
FN:21,User
FN:24,(anonymous_2)
FN:28,(anonymous_3)
FN:33,(anonymous_4)
FN:37,(anonymous_5)
FN:41,(anonymous_6)
FN:45,(anonymous_7)
FNF:7
FNH:0
FNDA:0,User
FNDA:0,(anonymous_2)
FNDA:0,(anonymous_3)
FNDA:0,(anonymous_4)
FNDA:0,(anonymous_5)
FNDA:0,(anonymous_6)
FNDA:0,(anonymous_7)
DA:1,1
DA:2,1
DA:3,1
DA:5,1
DA:7,1
DA:16,1
DA:19,1
DA:21,1
DA:24,1
DA:25,0
DA:28,1
DA:29,0
DA:30,0
DA:33,1
DA:34,0
DA:37,1
DA:38,0
DA:41,1
DA:42,0
DA:45,1
DA:46,0
LF:21
LH:14
BRDA:25,1,0,0
BRDA:25,1,1,0
BRDA:29,2,0,0
BRDA:29,2,1,0
BRF:4
BRH:0
end_of_record
TN:
SF:/Volumes/Dev/GitHub/homebridge-plugin-wrapper/hap-nodejs/index.js
FN:28,init
FNF:1
FNH:0
FNDA:0,init
DA:1,1
DA:2,1
DA:3,1
DA:4,0
DA:5,0
DA:6,0
DA:7,0
DA:8,0
DA:9,0
DA:10,0
DA:13,0
DA:15,0
DA:28,1
DA:30,0
DA:31,0
DA:33,0
LF:16
LH:4
BRDA:30,1,0,0
BRDA:30,1,1,0
BRF:2
BRH:0
end_of_record
TN:
SF:/Volumes/Dev/GitHub/homebridge-plugin-wrapper/hap-nodejs/lib/Accessory.js
FN:45,Accessory
FN:77,(anonymous_2)
FN:122,(anonymous_3)
FN:136,(anonymous_4)
FN:163,(anonymous_5)
FN:172,(anonymous_6)
FN:184,(anonymous_7)
FN:212,(anonymous_8)
FN:237,(anonymous_9)
FN:248,(anonymous_10)
FN:256,(anonymous_11)
FN:268,(anonymous_12)
FN:272,(anonymous_13)
FN:287,(anonymous_14)
FN:296,(anonymous_15)
FN:321,(anonymous_16)
FN:330,(anonymous_17)
FN:337,(anonymous_18)
FN:345,(anonymous_19)
FN:352,(anonymous_20)
FN:361,(anonymous_21)
FN:369,(anonymous_22)
FN:406,(anonymous_23)
FN:452,(anonymous_24)
FN:456,(anonymous_25)
FN:464,(anonymous_26)
FN:479,(anonymous_27)
FN:519,(anonymous_28)
FN:615,(anonymous_29)
FN:627,(anonymous_30)
FN:638,(anonymous_31)
FN:663,(anonymous_32)
FN:670,(anonymous_33)
FN:676,(anonymous_34)
FN:690,(anonymous_35)
FN:705,(anonymous_36)
FN:717,(anonymous_37)
FN:724,(anonymous_38)
FN:760,(anonymous_39)
FN:801,(anonymous_40)
FN:811,(anonymous_41)
FN:871,(anonymous_42)
FN:920,(anonymous_43)
FN:934,(anonymous_44)
FN:942,(anonymous_45)
FN:962,(anonymous_46)
FN:985,(anonymous_47)
FN:986,(anonymous_48)
FN:995,(anonymous_49)
FN:1005,(anonymous_50)
FN:1017,(anonymous_51)
FN:1025,(anonymous_52)
FN:1038,hapStatus
FNF:53
FNH:0
FNDA:0,Accessory
FNDA:0,(anonymous_2)
FNDA:0,(anonymous_3)
FNDA:0,(anonymous_4)
FNDA:0,(anonymous_5)
FNDA:0,(anonymous_6)
FNDA:0,(anonymous_7)
FNDA:0,(anonymous_8)
FNDA:0,(anonymous_9)
FNDA:0,(anonymous_10)
FNDA:0,(anonymous_11)
FNDA:0,(anonymous_12)
FNDA:0,(anonymous_13)
FNDA:0,(anonymous_14)
FNDA:0,(anonymous_15)
FNDA:0,(anonymous_16)
FNDA:0,(anonymous_17)
FNDA:0,(anonymous_18)
FNDA:0,(anonymous_19)
FNDA:0,(anonymous_20)
FNDA:0,(anonymous_21)
FNDA:0,(anonymous_22)
FNDA:0,(anonymous_23)
FNDA:0,(anonymous_24)
FNDA:0,(anonymous_25)
FNDA:0,(anonymous_26)
FNDA:0,(anonymous_27)
FNDA:0,(anonymous_28)
FNDA:0,(anonymous_29)
FNDA:0,(anonymous_30)
FNDA:0,(anonymous_31)
FNDA:0,(anonymous_32)
FNDA:0,(anonymous_33)
FNDA:0,(anonymous_34)
FNDA:0,(anonymous_35)
FNDA:0,(anonymous_36)
FNDA:0,(anonymous_37)
FNDA:0,(anonymous_38)
FNDA:0,(anonymous_39)
FNDA:0,(anonymous_40)
FNDA:0,(anonymous_41)
FNDA:0,(anonymous_42)
FNDA:0,(anonymous_43)
FNDA:0,(anonymous_44)
FNDA:0,(anonymous_45)
FNDA:0,(anonymous_46)
FNDA:0,(anonymous_47)
FNDA:0,(anonymous_48)
FNDA:0,(anonymous_49)
FNDA:0,(anonymous_50)
FNDA:0,(anonymous_51)
FNDA:0,(anonymous_52)
FNDA:0,hapStatus
DA:3,1
DA:4,1
DA:5,1
DA:6,1
DA:7,1
DA:8,1
DA:9,1
DA:10,1
DA:11,1
DA:12,1
DA:13,1
DA:14,1
DA:15,1
DA:16,1
DA:19,1
DA:45,1
DA:47,0
DA:48,0
DA:49,0
DA:51,0
DA:52,0
DA:53,0
DA:54,0
DA:55,0
DA:56,0
DA:57,0
DA:58,0
DA:59,0
DA:60,0
DA:61,0
DA:64,0
DA:74,0
DA:78,0
DA:79,0
DA:80,0
DA:85,1
DA:88,1
DA:122,1
DA:123,0
DA:125,0
DA:128,0
DA:131,0
DA:132,0
DA:136,1
DA:139,0
DA:140,0
DA:143,0
DA:144,0
DA:145,0
DA:147,0
DA:148,0
DA:150,0
DA:151,0
DA:155,0
DA:157,0
DA:158,0
DA:160,0
DA:163,0
DA:164,0
DA:165,0
DA:167,0
DA:172,0
DA:173,0
DA:176,0
DA:177,0
DA:181,0
DA:184,1
DA:186,0
DA:187,0
DA:188,0
DA:190,0
DA:191,0
DA:192,0
DA:196,0
DA:198,0
DA:199,0
DA:202,0
DA:204,0
DA:205,0
DA:207,0
DA:212,1
DA:213,0
DA:215,0
DA:216,0
DA:218,0
DA:219,0
DA:220,0
DA:224,0
DA:225,0
DA:227,0
DA:228,0
DA:230,0
DA:233,0
DA:237,1
DA:238,0
DA:239,0
DA:241,0
DA:242,0
DA:243,0
DA:244,0
DA:248,1
DA:249,0
DA:250,0
DA:251,0
DA:253,0
DA:256,1
DA:257,0
DA:258,0
DA:261,0
DA:262,0
DA:263,0
DA:264,0
DA:268,0
DA:269,0
DA:272,0
DA:273,0
DA:276,0
DA:278,0
DA:280,0
DA:281,0
DA:284,0
DA:287,1
DA:288,0
DA:289,0
DA:290,0
DA:293,0
DA:296,1
DA:297,0
DA:298,0
DA:300,0
DA:302,0
DA:303,0
DA:304,0
DA:305,0
DA:306,0
DA:307,0
DA:311,0
DA:312,0
DA:314,0
DA:316,0
DA:317,0
DA:321,1
DA:322,0
DA:323,0
DA:324,0
DA:327,0
DA:330,1
DA:331,0
DA:332,0
DA:334,0
DA:337,1
DA:338,0
DA:339,0
DA:340,0
DA:341,0
DA:345,1
DA:346,0
DA:347,0
DA:348,0
DA:352,1
DA:356,0
DA:358,0
DA:361,1
DA:362,0
DA:363,0
DA:364,0
DA:365,0
DA:369,1
DA:370,0
DA:371,0
DA:374,0
DA:375,0
DA:377,0
DA:378,0
DA:380,0
DA:382,0
DA:384,0
DA:385,0
DA:388,0
DA:390,0
DA:392,0
DA:393,0
DA:394,0
DA:398,0
DA:399,0
DA:406,1
DA:410,0
DA:411,0
DA:414,0
DA:417,0
DA:422,0
DA:425,0
DA:426,0
DA:427,0
DA:428,0
DA:430,0
DA:435,0
DA:436,0
DA:438,0
DA:443,0
DA:445,0
DA:446,0
DA:448,0
DA:452,1
DA:453,0
DA:456,1
DA:457,0
DA:464,1
DA:466,0
DA:467,0
DA:470,0
DA:473,0
DA:479,1
DA:481,0
DA:483,0
DA:484,0
DA:485,0
DA:488,0
DA:494,0
DA:495,0
DA:496,0
DA:500,0
DA:503,0
DA:519,1
DA:521,0
DA:524,0
DA:525,0
DA:526,0
DA:529,0
DA:530,0
DA:531,0
DA:532,0
DA:534,0
DA:537,0
DA:540,0
DA:541,0
DA:542,0
DA:543,0
DA:551,0
DA:554,0
DA:555,0
DA:556,0
DA:563,0
DA:564,0
DA:567,0
DA:572,0
DA:575,0
DA:576,0
DA:577,0
DA:579,0
DA:582,0
DA:583,0
DA:584,0
DA:588,0
DA:591,0
DA:592,0
DA:593,0
DA:594,0
DA:595,0
DA:596,0
DA:597,0
DA:598,0
DA:599,0
DA:600,0
DA:602,0
DA:603,0
DA:606,0
DA:607,0
DA:615,1
DA:616,0
DA:617,0
DA:618,0
DA:619,0
DA:621,0
DA:622,0
DA:623,0
DA:627,1
DA:628,0
DA:629,0
DA:630,0
DA:632,0
DA:633,0
DA:634,0
DA:638,1
DA:639,0
DA:643,0
DA:646,0
DA:647,0
DA:648,0
DA:650,0
DA:653,0
DA:654,0
DA:655,0
DA:659,0
DA:663,1
DA:665,0
DA:666,0
DA:670,1
DA:671,0
DA:672,0
DA:676,1
DA:678,0
DA:680,0
DA:681,0
DA:684,0
DA:686,0
DA:690,1
DA:692,0
DA:695,0
DA:696,0
DA:699,0
DA:701,0
DA:705,1
DA:708,0
DA:711,0
DA:717,1
DA:720,0
DA:721,0
DA:722,0
DA:724,0
DA:725,0
DA:726,0
DA:728,0
DA:730,0
DA:732,0
DA:733,0
DA:734,0
DA:738,0
DA:739,0
DA:742,0
DA:743,0
DA:745,0
DA:749,0
DA:757,0
DA:760,0
DA:762,0
DA:764,0
DA:765,0
DA:766,0
DA:770,0
DA:771,0
DA:774,0
DA:778,0
DA:779,0
DA:781,0
DA:782,0
DA:783,0
DA:787,0
DA:791,0
DA:792,0
DA:801,1
DA:806,0
DA:809,0
DA:811,0
DA:812,0
DA:813,0
DA:814,0
DA:815,0
DA:816,0
DA:818,0
DA:820,0
DA:822,0
DA:823,0
DA:824,0
DA:828,0
DA:829,0
DA:832,0
DA:833,0
DA:835,0
DA:843,0
DA:847,0
DA:848,0
DA:852,0
DA:854,0
DA:855,0
DA:856,0
DA:859,0
DA:860,0
DA:861,0
DA:866,0
DA:868,0
DA:871,0
DA:873,0
DA:874,0
DA:876,0
DA:880,0
DA:881,0
DA:884,0
DA:888,0
DA:890,0
DA:891,0
DA:893,0
DA:897,0
DA:898,0
DA:905,0
DA:909,0
DA:910,0
DA:913,0
DA:914,0
DA:920,1
DA:921,0
DA:922,0
DA:923,0
DA:927,0
DA:931,0
DA:934,1
DA:935,0
DA:936,0
DA:939,0
DA:942,1
DA:943,0
DA:944,0
DA:945,0
DA:946,0
DA:947,0
DA:948,0
DA:950,0
DA:951,0
DA:952,0
DA:962,1
DA:963,0
DA:964,0
DA:966,0
DA:975,0
DA:979,0
DA:982,0
DA:985,1
DA:986,0
DA:987,0
DA:988,0
DA:990,0
DA:995,0
DA:996,0
DA:999,0
DA:1000,0
DA:1005,1
DA:1006,0
DA:1007,0
DA:1008,0
DA:1011,0
DA:1014,0
DA:1018,0
DA:1019,0
DA:1020,0
DA:1025,1
DA:1026,0
DA:1027,0
DA:1028,0
DA:1030,0
DA:1031,0
DA:1032,0
DA:1035,0
DA:1038,1
DA:1041,0
DA:1043,0
DA:1044,0
DA:1046,0
DA:1047,0
DA:1051,0
DA:1052,0
DA:1054,0
LF:461
LH:58
BRDA:47,1,0,0
BRDA:47,1,1,0
BRDA:48,2,0,0
BRDA:48,2,1,0
BRDA:49,3,0,0
BRDA:49,3,1,0
BRDA:78,4,0,0
BRDA:78,4,1,0
BRDA:125,5,0,0
BRDA:125,5,1,0
BRDA:139,6,0,0
BRDA:139,6,1,0
BRDA:145,7,0,0
BRDA:145,7,1,0
BRDA:147,8,0,0
BRDA:147,8,1,0
BRDA:150,9,0,0
BRDA:150,9,1,0
BRDA:157,10,0,0
BRDA:157,10,1,0
BRDA:164,11,0,0
BRDA:164,11,1,0
BRDA:176,12,0,0
BRDA:176,12,1,0
BRDA:190,13,0,0
BRDA:190,13,1,0
BRDA:196,14,0,0
BRDA:196,14,1,0
BRDA:204,15,0,0
BRDA:204,15,1,0
BRDA:218,16,0,0
BRDA:218,16,1,0
BRDA:224,17,0,0
BRDA:224,17,1,0
BRDA:227,18,0,0
BRDA:227,18,1,0
BRDA:241,19,0,0
BRDA:241,19,1,0
BRDA:241,20,0,0
BRDA:241,20,1,0
BRDA:241,20,2,0
BRDA:241,20,3,0
BRDA:243,21,0,0
BRDA:243,21,1,0
BRDA:243,22,0,0
BRDA:243,22,1,0
BRDA:243,22,2,0
BRDA:249,23,0,0
BRDA:249,23,1,0
BRDA:257,24,0,0
BRDA:257,24,1,0
BRDA:263,25,0,0
BRDA:263,25,1,0
BRDA:280,26,0,0
BRDA:280,26,1,0
BRDA:297,27,0,0
BRDA:297,27,1,0
BRDA:304,28,0,0
BRDA:304,28,1,0
BRDA:311,29,0,0
BRDA:311,29,1,0
BRDA:316,30,0,0
BRDA:316,30,1,0
BRDA:341,31,0,0
BRDA:341,31,1,0
BRDA:348,32,0,0
BRDA:348,32,1,0
BRDA:356,33,0,0
BRDA:356,33,1,0
BRDA:358,34,0,0
BRDA:358,34,1,0
BRDA:370,35,0,0
BRDA:370,35,1,0
BRDA:384,36,0,0
BRDA:384,36,1,0
BRDA:392,37,0,0
BRDA:392,37,1,0
BRDA:410,38,0,0
BRDA:410,38,1,0
BRDA:410,39,0,0
BRDA:410,39,1,0
BRDA:414,40,0,0
BRDA:414,40,1,0
BRDA:427,41,0,0
BRDA:427,41,1,0
BRDA:443,42,0,0
BRDA:443,42,1,0
BRDA:445,43,0,0
BRDA:445,43,1,0
BRDA:524,44,0,0
BRDA:524,44,1,0
BRDA:529,45,0,0
BRDA:529,45,1,0
BRDA:531,46,0,0
BRDA:531,46,1,0
BRDA:531,47,0,0
BRDA:531,47,1,0
BRDA:541,48,0,0
BRDA:541,48,1,0
BRDA:554,49,0,0
BRDA:554,49,1,0
BRDA:563,50,0,0
BRDA:563,50,1,0
BRDA:563,51,0,0
BRDA:563,51,1,0
BRDA:579,52,0,0
BRDA:579,52,1,0
BRDA:602,53,0,0
BRDA:602,53,1,0
BRDA:606,54,0,0
BRDA:606,54,1,0
BRDA:617,55,0,0
BRDA:617,55,1,0
BRDA:621,56,0,0
BRDA:621,56,1,0
BRDA:628,57,0,0
BRDA:628,57,1,0
BRDA:632,58,0,0
BRDA:632,58,1,0
BRDA:639,59,0,0
BRDA:639,59,1,0
BRDA:639,60,0,0
BRDA:639,60,1,0
BRDA:650,61,0,0
BRDA:650,61,1,0
BRDA:721,62,0,0
BRDA:721,62,1,0
BRDA:722,63,0,0
BRDA:722,63,1,0
BRDA:732,64,0,0
BRDA:732,64,1,0
BRDA:742,65,0,0
BRDA:742,65,1,0
BRDA:764,66,0,0
BRDA:764,66,1,0
BRDA:781,67,0,0
BRDA:781,67,1,0
BRDA:791,68,0,0
BRDA:791,68,1,0
BRDA:814,69,0,0
BRDA:814,69,1,0
BRDA:815,70,0,0
BRDA:815,70,1,0
BRDA:816,71,0,0
BRDA:816,71,1,0
BRDA:818,72,0,0
BRDA:818,72,1,0
BRDA:822,73,0,0
BRDA:822,73,1,0
BRDA:832,74,0,0
BRDA:832,74,1,0
BRDA:847,75,0,0
BRDA:847,75,1,0
BRDA:848,76,0,0
BRDA:848,76,1,0
BRDA:854,77,0,0
BRDA:854,77,1,0
BRDA:854,78,0,0
BRDA:854,78,1,0
BRDA:859,79,0,0
BRDA:859,79,1,0
BRDA:859,80,0,0
BRDA:859,80,1,0
BRDA:866,81,0,0
BRDA:866,81,1,0
BRDA:873,82,0,0
BRDA:873,82,1,0
BRDA:890,83,0,0
BRDA:890,83,1,0
BRDA:897,84,0,0
BRDA:897,84,1,0
BRDA:913,85,0,0
BRDA:913,85,1,0
BRDA:921,86,0,0
BRDA:921,86,1,0
BRDA:922,87,0,0
BRDA:922,87,1,0
BRDA:935,88,0,0
BRDA:935,88,1,0
BRDA:935,89,0,0
BRDA:935,89,1,0
BRDA:944,90,0,0
BRDA:944,90,1,0
BRDA:951,91,0,0
BRDA:951,91,1,0
BRDA:963,92,0,0
BRDA:963,92,1,0
BRDA:987,93,0,0
BRDA:987,93,1,0
BRDA:999,94,0,0
BRDA:999,94,1,0
BRDA:1018,95,0,0
BRDA:1018,95,1,0
BRDA:1044,96,0,0
BRDA:1044,96,1,0
BRDA:1051,97,0,0
BRDA:1051,97,1,0
BRF:197
BRH:0
end_of_record
TN:
SF:/Volumes/Dev/GitHub/homebridge-plugin-wrapper/hap-nodejs/lib/util/clone.js
FN:12,clone
FNF:1
FNH:0
FNDA:0,clone
DA:3,1
DA:12,1
DA:14,0
DA:16,0
DA:17,0
DA:20,0
DA:21,0
DA:24,0
LF:8
LH:2
BRF:0
BRH:0
end_of_record
TN:
SF:/Volumes/Dev/GitHub/homebridge-plugin-wrapper/hap-nodejs/lib/util/uuid.js
FN:12,generate
FN:17,(anonymous_2)
FN:30,isValid
FN:36,unparse
FNF:4
FNH:0
FNDA:0,generate
FNDA:0,(anonymous_2)
FNDA:0,isValid
FNDA:0,unparse
DA:3,1
DA:5,1
DA:12,1
DA:13,0
DA:14,0
DA:15,0
DA:16,0
DA:17,0
DA:18,0
DA:19,0
DA:21,0
DA:23,0
DA:28,1
DA:30,1
DA:31,0
DA:34,1
DA:36,1
DA:37,0
DA:38,0
LF:19
LH:7
BRDA:19,1,0,0
BRDA:19,1,1,0
BRDA:37,2,0,0
BRDA:37,2,1,0
BRF:4
BRH:0
end_of_record
TN:
SF:/Volumes/Dev/GitHub/homebridge-plugin-wrapper/hap-nodejs/lib/Service.js
FN:36,Service
FN:66,(anonymous_2)
FN:85,(anonymous_3)
FN:98,(anonymous_4)
FN:104,(anonymous_5)
FN:111,(anonymous_6)
FN:118,(anonymous_7)
FN:138,(anonymous_8)
FN:167,(anonymous_9)
FN:182,(anonymous_10)
FN:188,(anonymous_11)
FN:193,(anonymous_12)
FN:202,(anonymous_13)
FN:210,(anonymous_14)
FN:233,(anonymous_15)
FN:267,(anonymous_16)
FN:269,(anonymous_17)
FN:275,(anonymous_18)
FNF:18
FNH:0
FNDA:0,Service
FNDA:0,(anonymous_2)
FNDA:0,(anonymous_3)
FNDA:0,(anonymous_4)
FNDA:0,(anonymous_5)
FNDA:0,(anonymous_6)
FNDA:0,(anonymous_7)
FNDA:0,(anonymous_8)
FNDA:0,(anonymous_9)
FNDA:0,(anonymous_10)
FNDA:0,(anonymous_11)
FNDA:0,(anonymous_12)
FNDA:0,(anonymous_13)
FNDA:0,(anonymous_14)
FNDA:0,(anonymous_15)
FNDA:0,(anonymous_16)
FNDA:0,(anonymous_17)
FNDA:0,(anonymous_18)
DA:3,1
DA:4,1
DA:5,1
DA:6,1
DA:8,1
DA:36,1
DA:38,0
DA:40,0
DA:41,0
DA:42,0
DA:43,0
DA:44,0
DA:45,0
DA:47,0
DA:48,0
DA:49,0
DA:54,0
DA:56,0
DA:60,0
DA:64,1
DA:66,1
DA:69,0
DA:70,0
DA:73,0
DA:74,0
DA:75,0
DA:76,0
DA:78,0
DA:80,0
DA:85,0
DA:87,0
DA:90,0
DA:92,0
DA:94,0
DA:98,1
DA:99,0
DA:100,0
DA:104,1
DA:106,0
DA:107,0
DA:108,0
DA:111,1
DA:113,0
DA:114,0
DA:115,0
DA:118,1
DA:119,0
DA:121,0
DA:122,0
DA:124,0
DA:125,0
DA:126,0
DA:130,0
DA:131,0
DA:132,0
DA:134,0
DA:138,1
DA:142,0
DA:143,0
DA:144,0
DA:145,0
DA:146,0
DA:148,0
DA:149,0
DA:152,0
DA:153,0
DA:154,0
DA:155,0
DA:156,0
DA:160,0
DA:161,0
DA:162,0
DA:167,1
DA:169,0
DA:170,0
DA:171,0
DA:172,0
DA:173,0
DA:175,0
DA:176,0
DA:179,0
DA:182,1
DA:183,0
DA:184,0
DA:188,1
DA:189,0
DA:190,0
DA:193,1
DA:196,0
DA:197,0
DA:199,0
DA:202,1
DA:203,0
DA:204,0
DA:205,0
DA:206,0
DA:210,1
DA:211,0
DA:212,0
DA:215,0
DA:216,0
DA:220,0
DA:224,0
DA:225,0
DA:226,0
DA:233,1
DA:235,0
DA:237,0
DA:238,0
DA:239,0
DA:242,0
DA:248,0
DA:249,0
DA:252,0
DA:253,0
DA:256,0
DA:257,0
DA:258,0
DA:259,0
DA:260,0
DA:264,0
DA:267,1
DA:269,0
DA:271,0
DA:275,1
DA:276,0
DA:277,0
DA:278,0
DA:281,0
LF:129
LH:22
BRDA:38,1,0,0
BRDA:38,1,1,0
BRDA:54,2,0,0
BRDA:54,2,1,0
BRDA:57,3,0,0
BRDA:57,3,1,0
BRDA:69,4,0,0
BRDA:69,4,1,0
BRDA:75,5,0,0
BRDA:75,5,1,0
BRDA:76,6,0,0
BRDA:76,6,1,0
BRDA:106,7,0,0
BRDA:106,7,1,0
BRDA:113,8,0,0
BRDA:113,8,1,0
BRDA:124,9,0,0
BRDA:124,9,1,0
BRDA:130,10,0,0
BRDA:130,10,1,0
BRDA:145,11,0,0
BRDA:145,11,1,0
BRDA:145,12,0,0
BRDA:145,12,1,0
BRDA:148,13,0,0
BRDA:148,13,1,0
BRDA:148,14,0,0
BRDA:148,14,1,0
BRDA:148,14,2,0
BRDA:152,15,0,0
BRDA:152,15,1,0
BRDA:155,16,0,0
BRDA:155,16,1,0
BRDA:155,17,0,0
BRDA:155,17,1,0
BRDA:160,18,0,0
BRDA:160,18,1,0
BRDA:172,19,0,0
BRDA:172,19,1,0
BRDA:172,20,0,0
BRDA:172,20,1,0
BRDA:175,21,0,0
BRDA:175,21,1,0
BRDA:175,22,0,0
BRDA:175,22,1,0
BRDA:175,22,2,0
BRDA:196,23,0,0
BRDA:196,23,1,0
BRDA:205,24,0,0
BRDA:205,24,1,0
BRDA:211,25,0,0
BRDA:211,25,1,0
BRDA:215,26,0,0
BRDA:215,26,1,0
BRDA:248,27,0,0
BRDA:248,27,1,0
BRDA:252,28,0,0
BRDA:252,28,1,0
BRDA:256,29,0,0
BRDA:256,29,1,0
BRF:60
BRH:0
end_of_record
TN:
SF:/Volumes/Dev/GitHub/homebridge-plugin-wrapper/hap-nodejs/lib/Characteristic.js
FN:46,Characteristic
FN:126,(anonymous_2)
FN:134,(anonymous_3)
FN:141,(anonymous_4)
FN:150,(anonymous_5)
FN:163,(anonymous_6)
FN:194,(anonymous_7)
FN:307,(anonymous_8)
FN:320,(anonymous_9)
FN:356,(anonymous_10)
FN:378,(anonymous_11)
FN:390,(anonymous_12)
FN:399,(anonymous_13)
FN:482,decimalPlaces
FNF:14
FNH:0
FNDA:0,Characteristic
FNDA:0,(anonymous_2)
FNDA:0,(anonymous_3)
FNDA:0,(anonymous_4)
FNDA:0,(anonymous_5)
FNDA:0,(anonymous_6)
FNDA:0,(anonymous_7)
FNDA:0,(anonymous_8)
FNDA:0,(anonymous_9)
FNDA:0,(anonymous_10)
FNDA:0,(anonymous_11)
FNDA:0,(anonymous_12)
FNDA:0,(anonymous_13)
FNDA:0,decimalPlaces
DA:3,1
DA:4,1
DA:5,1
DA:6,1
DA:7,1
DA:9,1
DA:46,1
DA:47,0
DA:48,0
DA:49,0
DA:50,0
DA:51,0
DA:52,0
DA:53,0
DA:62,0
DA:65,1
DA:68,1
DA:84,1
DA:94,1
DA:126,1
DA:127,0
DA:128,0
DA:129,0
DA:130,0
DA:134,1
DA:135,0
DA:136,0
DA:138,0
DA:141,1
DA:142,0
DA:143,0
DA:144,0
DA:145,0
DA:146,0
DA:150,1
DA:152,0
DA:153,0
DA:154,0
DA:157,0
DA:160,0
DA:163,0
DA:164,0
DA:165,0
DA:167,0
DA:170,0
DA:171,0
DA:172,0
DA:175,0
DA:176,0
DA:177,0
DA:180,0
DA:181,0
DA:189,0
DA:190,0
DA:194,1
DA:196,0
DA:197,0
DA:198,0
DA:199,0
DA:200,0
DA:202,0
DA:204,0
DA:205,0
DA:206,0
DA:207,0
DA:208,0
DA:210,0
DA:211,0
DA:212,0
DA:213,0
DA:214,0
DA:216,0
DA:217,0
DA:218,0
DA:219,0
DA:220,0
DA:222,0
DA:223,0
DA:224,0
DA:225,0
DA:226,0
DA:228,0
DA:229,0
DA:230,0
DA:231,0
DA:232,0
DA:234,0
DA:235,0
DA:236,0
DA:237,0
DA:238,0
DA:241,0
DA:242,0
DA:244,0
DA:245,0
DA:246,0
DA:247,0
DA:248,0
DA:249,0
DA:250,0
DA:252,0
DA:253,0
DA:256,0
DA:257,0
DA:260,0
DA:262,0
DA:265,0
DA:266,0
DA:267,0
DA:268,0
DA:269,0
DA:270,0
DA:271,0
DA:273,0
DA:274,0
DA:275,0
DA:277,0
DA:278,0
DA:280,0
DA:283,0
DA:284,0
DA:285,0
DA:286,0
DA:287,0
DA:288,0
DA:290,0
DA:293,0
DA:297,0
DA:298,0
DA:299,0
DA:300,0
DA:301,0
DA:304,0
DA:307,1
DA:309,0
DA:310,0
DA:312,0
DA:315,0
DA:317,0
DA:320,0
DA:321,0
DA:322,0
DA:324,0
DA:327,0
DA:328,0
DA:330,0
DA:331,0
DA:332,0
DA:334,0
DA:335,0
DA:342,0
DA:343,0
DA:345,0
DA:346,0
DA:347,0
DA:349,0
DA:350,0
DA:353,0
DA:356,1
DA:358,0
DA:359,0
DA:361,0
DA:364,0
DA:366,0
DA:367,0
DA:369,0
DA:370,0
DA:371,0
DA:373,0
DA:374,0
DA:375,0
DA:378,1
DA:379,0
DA:380,0
DA:381,0
DA:382,0
DA:383,0
DA:384,0
DA:385,0
DA:386,0
DA:390,1
DA:393,0
DA:399,1
DA:402,0
DA:403,0
DA:404,0
DA:405,0
DA:406,0
DA:407,0
DA:408,0
DA:409,0
DA:410,0
DA:411,0
DA:412,0
DA:413,0
DA:414,0
DA:415,0
DA:416,0
DA:417,0
DA:418,0
DA:419,0
DA:420,0
DA:425,0
DA:426,0
DA:429,0
DA:443,0
DA:444,0
DA:447,0
DA:448,0
DA:452,0
DA:453,0
DA:454,0
DA:455,0
DA:458,0
DA:459,0
DA:461,0
DA:462,0
DA:463,0
DA:464,0
DA:465,0
DA:470,0
DA:471,0
DA:474,0
DA:475,0
DA:477,0
DA:482,1
DA:483,0
DA:484,0
DA:485,0
LF:229
LH:22
BRDA:53,1,0,0
BRDA:53,1,1,0
BRDA:127,2,0,0
BRDA:127,2,1,0
BRDA:128,3,0,0
BRDA:128,3,1,0
BRDA:135,4,0,0
BRDA:135,4,1,0
BRDA:145,5,0,0
BRDA:145,5,1,0
BRDA:152,6,0,0
BRDA:152,6,1,0
BRDA:153,7,0,0
BRDA:153,7,1,0
BRDA:160,8,0,0
BRDA:160,8,1,0
BRDA:165,9,0,0
BRDA:165,9,1,0
BRDA:167,10,0,0
BRDA:167,10,1,0
BRDA:171,11,0,0
BRDA:171,11,1,0
BRDA:171,12,0,0
BRDA:171,12,1,0
BRDA:177,13,0,0
BRDA:177,13,1,0
BRDA:180,14,0,0
BRDA:180,14,1,0
BRDA:189,15,0,0
BRDA:189,15,1,0
BRDA:202,16,0,0
BRDA:202,16,1,0
BRDA:202,16,2,0
BRDA:202,16,3,0
BRDA:202,16,4,0
BRDA:202,16,5,0
BRDA:202,16,6,0
BRDA:202,16,7,0
BRDA:202,16,8,0
BRDA:202,16,9,0
BRDA:202,16,10,0
BRDA:244,17,0,0
BRDA:244,17,1,0
BRDA:247,18,0,0
BRDA:247,18,1,0
BRDA:248,19,0,0
BRDA:248,19,1,0
BRDA:253,20,0,0
BRDA:253,20,1,0
BRDA:265,21,0,0
BRDA:265,21,1,0
BRDA:266,22,0,0
BRDA:266,22,1,0
BRDA:267,23,0,0
BRDA:267,23,1,0
BRDA:268,24,0,0
BRDA:268,24,1,0
BRDA:269,25,0,0
BRDA:269,25,1,0
BRDA:269,26,0,0
BRDA:269,26,1,0
BRDA:270,27,0,0
BRDA:270,27,1,0
BRDA:270,28,0,0
BRDA:270,28,1,0
BRDA:271,29,0,0
BRDA:271,29,1,0
BRDA:271,30,0,0
BRDA:271,30,1,0
BRDA:273,31,0,0
BRDA:273,31,1,0
BRDA:274,32,0,0
BRDA:274,32,1,0
BRDA:275,33,0,0
BRDA:275,33,1,0
BRDA:277,34,0,0
BRDA:277,34,1,0
BRDA:280,35,0,0
BRDA:280,35,1,0
BRDA:287,36,0,0
BRDA:287,36,1,0
BRDA:297,37,0,0
BRDA:297,37,1,0
BRDA:298,38,0,0
BRDA:298,38,1,0
BRDA:299,39,0,0
BRDA:299,39,1,0
BRDA:300,40,0,0
BRDA:300,40,1,0
BRDA:301,41,0,0
BRDA:301,41,1,0
BRDA:309,42,0,0
BRDA:309,42,1,0
BRDA:317,43,0,0
BRDA:317,43,1,0
BRDA:322,44,0,0
BRDA:322,44,1,0
BRDA:324,45,0,0
BRDA:324,45,1,0
BRDA:327,46,0,0
BRDA:327,46,1,0
BRDA:327,47,0,0
BRDA:327,47,1,0
BRDA:332,48,0,0
BRDA:332,48,1,0
BRDA:334,49,0,0
BRDA:334,49,1,0
BRDA:334,50,0,0
BRDA:334,50,1,0
BRDA:342,51,0,0
BRDA:342,51,1,0
BRDA:342,52,0,0
BRDA:342,52,1,0
BRDA:347,53,0,0
BRDA:347,53,1,0
BRDA:349,54,0,0
BRDA:349,54,1,0
BRDA:349,55,0,0
BRDA:349,55,1,0
BRDA:358,56,0,0
BRDA:358,56,1,0
BRDA:366,57,0,0
BRDA:366,57,1,0
BRDA:366,58,0,0
BRDA:366,58,1,0
BRDA:371,59,0,0
BRDA:371,59,1,0
BRDA:373,60,0,0
BRDA:373,60,1,0
BRDA:373,61,0,0
BRDA:373,61,1,0
BRDA:379,62,0,0
BRDA:379,62,1,0
BRDA:379,62,2,0
BRDA:379,62,3,0
BRDA:379,62,4,0
BRDA:379,62,5,0
BRDA:379,62,6,0
BRDA:386,63,0,0
BRDA:386,63,1,0
BRDA:403,64,0,0
BRDA:403,64,1,0
BRDA:403,65,0,0
BRDA:403,65,1,0
BRDA:404,66,0,0
BRDA:404,66,1,0
BRDA:404,67,0,0
BRDA:404,67,1,0
BRDA:405,68,0,0
BRDA:405,68,1,0
BRDA:406,69,0,0
BRDA:406,69,1,0
BRDA:408,70,0,0
BRDA:408,70,1,0
BRDA:410,71,0,0
BRDA:410,71,1,0
BRDA:412,72,0,0
BRDA:412,72,1,0
BRDA:414,73,0,0
BRDA:414,73,1,0
BRDA:416,74,0,0
BRDA:416,74,1,0
BRDA:418,75,0,0
BRDA:418,75,1,0
BRDA:425,76,0,0
BRDA:425,76,1,0
BRDA:443,77,0,0
BRDA:443,77,1,0
BRDA:443,78,0,0
BRDA:443,78,1,0
BRDA:447,79,0,0
BRDA:447,79,1,0
BRDA:447,80,0,0
BRDA:447,80,1,0
BRDA:447,80,2,0
BRDA:452,81,0,0
BRDA:452,81,1,0
BRDA:453,82,0,0
BRDA:453,82,1,0
BRDA:454,83,0,0
BRDA:454,83,1,0
BRDA:455,84,0,0
BRDA:455,84,1,0
BRDA:458,85,0,0
BRDA:458,85,1,0
BRDA:461,86,0,0
BRDA:461,86,1,0
BRDA:464,87,0,0
BRDA:464,87,1,0
BRDA:470,88,0,0
BRDA:470,88,1,0
BRDA:474,89,0,0
BRDA:474,89,1,0
BRDA:474,90,0,0
BRDA:474,90,1,0
BRDA:484,91,0,0
BRDA:484,91,1,0
BRDA:488,92,0,0
BRDA:488,92,1,0
BRDA:490,93,0,0
BRDA:490,93,1,0
BRF:201
BRH:0
end_of_record
TN:
SF:/Volumes/Dev/GitHub/homebridge-plugin-wrapper/hap-nodejs/lib/util/once.js
FN:7,once
FN:10,(anonymous_2)
FNF:2
FNH:0
FNDA:0,once
FNDA:0,(anonymous_2)
DA:3,1
DA:7,1
DA:8,0
DA:10,0
DA:11,0
DA:12,0
DA:15,0
DA:16,0
LF:8
LH:2
BRDA:11,1,0,0
BRDA:11,1,1,0
BRF:2
BRH:0
end_of_record
TN:
SF:/Volumes/Dev/GitHub/homebridge-plugin-wrapper/hap-nodejs/lib/gen/HomeKitTypes.js
FN:12,(anonymous_1)
FN:29,(anonymous_2)
FN:53,(anonymous_3)
FN:70,(anonymous_4)
FN:90,(anonymous_5)
FN:114,(anonymous_6)
FN:142,(anonymous_7)
FN:159,(anonymous_8)
FN:180,(anonymous_9)
FN:201,(anonymous_10)
FN:225,(anonymous_11)
FN:244,(anonymous_12)
FN:263,(anonymous_13)
FN:287,(anonymous_14)
FN:306,(anonymous_15)
FN:325,(anonymous_16)
FN:350,(anonymous_17)
FN:370,(anonymous_18)
FN:394,(anonymous_19)
FN:415,(anonymous_20)
FN:440,(anonymous_21)
FN:460,(anonymous_22)
FN:487,(anonymous_23)
FN:512,(anonymous_24)
FN:538,(anonymous_25)
FN:563,(anonymous_26)
FN:584,(anonymous_27)
FN:610,(anonymous_28)
FN:631,(anonymous_29)
FN:652,(anonymous_30)
FN:677,(anonymous_31)
FN:698,(anonymous_32)
FN:719,(anonymous_33)
FN:740,(anonymous_34)
FN:757,(anonymous_35)
FN:781,(anonymous_36)
FN:800,(anonymous_37)
FN:817,(anonymous_38)
FN:834,(anonymous_39)
FN:855,(anonymous_40)
FN:872,(anonymous_41)
FN:893,(anonymous_42)
FN:910,(anonymous_43)
FN:927,(anonymous_44)
FN:948,(anonymous_45)
FN:972,(anonymous_46)
FN:996,(anonymous_47)
FN:1020,(anonymous_48)
FN:1037,(anonymous_49)
FN:1063,(anonymous_50)
FN:1094,(anonymous_51)
FN:1112,(anonymous_52)
FN:1136,(anonymous_53)
FN:1160,(anonymous_54)
FN:1177,(anonymous_55)
FN:1194,(anonymous_56)
FN:1211,(anonymous_57)
FN:1228,(anonymous_58)
FN:1245,(anonymous_59)
FN:1262,(anonymous_60)
FN:1279,(anonymous_61)
FN:1299,(anonymous_62)
FN:1316,(anonymous_63)
FN:1340,(anonymous_64)
FN:1357,(anonymous_65)
FN:1374,(anonymous_66)
FN:1391,(anonymous_67)
FN:1411,(anonymous_68)
FN:1428,(anonymous_69)
FN:1445,(anonymous_70)
FN:1462,(anonymous_71)
FN:1479,(anonymous_72)
FN:1499,(anonymous_73)
FN:1519,(anonymous_74)
FN:1544,(anonymous_75)
FN:1569,(anonymous_76)
FN:1595,(anonymous_77)
FN:1615,(anonymous_78)
FN:1636,(anonymous_79)
FN:1656,(anonymous_80)
FN:1676,(anonymous_81)
FN:1700,(anonymous_82)
FN:1721,(anonymous_83)
FN:1742,(anonymous_84)
FN:1762,(anonymous_85)
FN:1789,(anonymous_86)
FN:1815,(anonymous_87)
FN:1832,(anonymous_88)
FN:1849,(anonymous_89)
FN:1869,(anonymous_90)
FN:1893,(anonymous_91)
FN:1913,(anonymous_92)
FN:1930,(anonymous_93)
FN:1954,(anonymous_94)
FN:1978,(anonymous_95)
FN:1995,(anonymous_96)
FN:2019,(anonymous_97)
FN:2043,(anonymous_98)
FN:2067,(anonymous_99)
FN:2091,(anonymous_100)
FN:2108,(anonymous_101)
FN:2128,(anonymous_102)
FN:2145,(anonymous_103)
FN:2162,(anonymous_104)
FN:2179,(anonymous_105)
FN:2203,(anonymous_106)
FN:2227,(anonymous_107)
FN:2252,(anonymous_108)
FN:2276,(anonymous_109)
FN:2300,(anonymous_110)
FN:2325,(anonymous_111)
FN:2351,(anonymous_112)
FN:2372,(anonymous_113)
FN:2397,(anonymous_114)
FN:2418,(anonymous_115)
FN:2439,(anonymous_116)
FN:2463,(anonymous_117)
FN:2484,(anonymous_118)
FN:2505,(anonymous_119)
FN:2526,(anonymous_120)
FN:2550,(anonymous_121)
FN:2576,(anonymous_122)
FN:2593,(anonymous_123)
FN:2613,(anonymous_124)
FN:2634,(anonymous_125)
FN:2653,(anonymous_126)
FN:2677,(anonymous_127)
FN:2700,(anonymous_128)
FN:2730,(anonymous_129)
FN:2750,(anonymous_130)
FN:2773,(anonymous_131)
FN:2797,(anonymous_132)
FN:2821,(anonymous_133)
FN:2843,(anonymous_134)
FN:2865,(anonymous_135)
FN:2885,(anonymous_136)
FN:2905,(anonymous_137)
FN:2929,(anonymous_138)
FN:2949,(anonymous_139)
FN:2968,(anonymous_140)
FN:2990,(anonymous_141)
FN:3017,(anonymous_142)
FN:3044,(anonymous_143)
FN:3066,(anonymous_144)
FN:3088,(anonymous_145)
FN:3110,(anonymous_146)
FN:3132,(anonymous_147)
FN:3154,(anonymous_148)
FN:3180,(anonymous_149)
FN:3199,(anonymous_150)
FN:3218,(anonymous_151)
FN:3240,(anonymous_152)
FN:3262,(anonymous_153)
FN:3281,(anonymous_154)
FN:3303,(anonymous_155)
FN:3321,(anonymous_156)
FN:3343,(anonymous_157)
FN:3365,(anonymous_158)
FN:3384,(anonymous_159)
FN:3403,(anonymous_160)
FN:3421,(anonymous_161)
FN:3443,(anonymous_162)
FN:3469,(anonymous_163)
FN:3494,(anonymous_164)
FN:3516,(anonymous_165)
FNF:165
FNH:0
FNDA:0,(anonymous_1)
FNDA:0,(anonymous_2)
FNDA:0,(anonymous_3)
FNDA:0,(anonymous_4)
FNDA:0,(anonymous_5)
FNDA:0,(anonymous_6)
FNDA:0,(anonymous_7)
FNDA:0,(anonymous_8)
FNDA:0,(anonymous_9)
FNDA:0,(anonymous_10)
FNDA:0,(anonymous_11)
FNDA:0,(anonymous_12)
FNDA:0,(anonymous_13)
FNDA:0,(anonymous_14)
FNDA:0,(anonymous_15)
FNDA:0,(anonymous_16)
FNDA:0,(anonymous_17)
FNDA:0,(anonymous_18)
FNDA:0,(anonymous_19)
FNDA:0,(anonymous_20)
FNDA:0,(anonymous_21)
FNDA:0,(anonymous_22)
FNDA:0,(anonymous_23)
FNDA:0,(anonymous_24)
FNDA:0,(anonymous_25)
FNDA:0,(anonymous_26)
FNDA:0,(anonymous_27)
FNDA:0,(anonymous_28)
FNDA:0,(anonymous_29)
FNDA:0,(anonymous_30)
FNDA:0,(anonymous_31)
FNDA:0,(anonymous_32)
FNDA:0,(anonymous_33)
FNDA:0,(anonymous_34)
FNDA:0,(anonymous_35)
FNDA:0,(anonymous_36)
FNDA:0,(anonymous_37)
FNDA:0,(anonymous_38)
FNDA:0,(anonymous_39)
FNDA:0,(anonymous_40)
FNDA:0,(anonymous_41)
FNDA:0,(anonymous_42)
FNDA:0,(anonymous_43)
FNDA:0,(anonymous_44)
FNDA:0,(anonymous_45)
FNDA:0,(anonymous_46)
FNDA:0,(anonymous_47)
FNDA:0,(anonymous_48)
FNDA:0,(anonymous_49)
FNDA:0,(anonymous_50)
FNDA:0,(anonymous_51)
FNDA:0,(anonymous_52)
FNDA:0,(anonymous_53)
FNDA:0,(anonymous_54)
FNDA:0,(anonymous_55)
FNDA:0,(anonymous_56)
FNDA:0,(anonymous_57)
FNDA:0,(anonymous_58)
FNDA:0,(anonymous_59)
FNDA:0,(anonymous_60)
FNDA:0,(anonymous_61)
FNDA:0,(anonymous_62)
FNDA:0,(anonymous_63)
FNDA:0,(anonymous_64)
FNDA:0,(anonymous_65)
FNDA:0,(anonymous_66)
FNDA:0,(anonymous_67)
FNDA:0,(anonymous_68)
FNDA:0,(anonymous_69)
FNDA:0,(anonymous_70)
FNDA:0,(anonymous_71)
FNDA:0,(anonymous_72)
FNDA:0,(anonymous_73)
FNDA:0,(anonymous_74)
FNDA:0,(anonymous_75)
FNDA:0,(anonymous_76)
FNDA:0,(anonymous_77)
FNDA:0,(anonymous_78)
FNDA:0,(anonymous_79)
FNDA:0,(anonymous_80)
FNDA:0,(anonymous_81)
FNDA:0,(anonymous_82)
FNDA:0,(anonymous_83)
FNDA:0,(anonymous_84)
FNDA:0,(anonymous_85)
FNDA:0,(anonymous_86)
FNDA:0,(anonymous_87)
FNDA:0,(anonymous_88)
FNDA:0,(anonymous_89)
FNDA:0,(anonymous_90)
FNDA:0,(anonymous_91)
FNDA:0,(anonymous_92)
FNDA:0,(anonymous_93)
FNDA:0,(anonymous_94)
FNDA:0,(anonymous_95)
FNDA:0,(anonymous_96)
FNDA:0,(anonymous_97)
FNDA:0,(anonymous_98)
FNDA:0,(anonymous_99)
FNDA:0,(anonymous_100)
FNDA:0,(anonymous_101)
FNDA:0,(anonymous_102)
FNDA:0,(anonymous_103)
FNDA:0,(anonymous_104)
FNDA:0,(anonymous_105)
FNDA:0,(anonymous_106)
FNDA:0,(anonymous_107)
FNDA:0,(anonymous_108)
FNDA:0,(anonymous_109)
FNDA:0,(anonymous_110)
FNDA:0,(anonymous_111)
FNDA:0,(anonymous_112)
FNDA:0,(anonymous_113)
FNDA:0,(anonymous_114)
FNDA:0,(anonymous_115)
FNDA:0,(anonymous_116)
FNDA:0,(anonymous_117)
FNDA:0,(anonymous_118)
FNDA:0,(anonymous_119)
FNDA:0,(anonymous_120)
FNDA:0,(anonymous_121)
FNDA:0,(anonymous_122)
FNDA:0,(anonymous_123)
FNDA:0,(anonymous_124)
FNDA:0,(anonymous_125)
FNDA:0,(anonymous_126)
FNDA:0,(anonymous_127)
FNDA:0,(anonymous_128)
FNDA:0,(anonymous_129)
FNDA:0,(anonymous_130)
FNDA:0,(anonymous_131)
FNDA:0,(anonymous_132)
FNDA:0,(anonymous_133)
FNDA:0,(anonymous_134)
FNDA:0,(anonymous_135)
FNDA:0,(anonymous_136)
FNDA:0,(anonymous_137)
FNDA:0,(anonymous_138)
FNDA:0,(anonymous_139)
FNDA:0,(anonymous_140)
FNDA:0,(anonymous_141)
FNDA:0,(anonymous_142)
FNDA:0,(anonymous_143)
FNDA:0,(anonymous_144)
FNDA:0,(anonymous_145)
FNDA:0,(anonymous_146)
FNDA:0,(anonymous_147)
FNDA:0,(anonymous_148)
FNDA:0,(anonymous_149)
FNDA:0,(anonymous_150)
FNDA:0,(anonymous_151)
FNDA:0,(anonymous_152)
FNDA:0,(anonymous_153)
FNDA:0,(anonymous_154)
FNDA:0,(anonymous_155)
FNDA:0,(anonymous_156)
FNDA:0,(anonymous_157)
FNDA:0,(anonymous_158)
FNDA:0,(anonymous_159)
FNDA:0,(anonymous_160)
FNDA:0,(anonymous_161)
FNDA:0,(anonymous_162)
FNDA:0,(anonymous_163)
FNDA:0,(anonymous_164)
FNDA:0,(anonymous_165)
DA:4,1
DA:5,1
DA:6,1
DA:12,1
DA:13,0
DA:14,0
DA:18,0
DA:21,1
DA:23,1
DA:29,1
DA:30,0
DA:31,0
DA:38,0
DA:41,1
DA:43,1
DA:46,1
DA:47,1
DA:53,1
DA:54,0
DA:55,0
DA:59,0
DA:62,1
DA:64,1
DA:70,1
DA:71,0
DA:72,0
DA:79,0
DA:82,1
DA:84,1
DA:90,1
DA:91,0
DA:92,0
DA:99,0
DA:102,1
DA:104,1
DA:107,1
DA:108,1
DA:114,1
DA:115,0
DA:116,0
DA:123,0
DA:126,1
DA:128,1
DA:131,1
DA:132,1
DA:133,1
DA:134,1
DA:135,1
DA:136,1
DA:142,1
DA:143,0
DA:144,0
DA:148,0
DA:151,1
DA:153,1
DA:159,1
DA:160,0
DA:161,0
DA:169,0
DA:172,1
DA:174,1
DA:180,1
DA:181,0
DA:182,0
DA:190,0
DA:193,1
DA:195,1
DA:201,1
DA:202,0
DA:203,0
DA:210,0
DA:213,1
DA:215,1
DA:218,1
DA:219,1
DA:225,1
DA:226,0
DA:227,0
DA:233,0
DA:236,1
DA:238,1
DA:244,1
DA:245,0
DA:246,0
DA:252,0
DA:255,1
DA:257,1
DA:263,1
DA:264,0
DA:265,0
DA:272,0
DA:275,1
DA:277,1
DA:280,1
DA:281,1
DA:287,1
DA:288,0
DA:289,0
DA:295,0
DA:298,1
DA:300,1
DA:306,1
DA:307,0
DA:308,0
DA:314,0
DA:317,1
DA:319,1
DA:325,1
DA:326,0
DA:327,0
DA:334,0
DA:337,1
DA:339,1
DA:342,1
DA:343,1
DA:344,1
DA:350,1
DA:351,0
DA:352,0
DA:359,0
DA:362,1
DA:364,1
DA:370,1
DA:371,0
DA:372,0
DA:379,0
DA:382,1
DA:384,1
DA:387,1
DA:388,1
DA:394,1
DA:395,0
DA:396,0
DA:404,0
DA:407,1
DA:409,1
DA:415,1
DA:416,0
DA:417,0
DA:424,0
DA:427,1
DA:429,1
DA:432,1
DA:433,1
DA:434,1
DA:440,1
DA:441,0
DA:442,0
DA:449,0
DA:452,1
DA:454,1
DA:460,1
DA:461,0
DA:462,0
DA:469,0
DA:472,1
DA:474,1
DA:477,1
DA:478,1
DA:479,1
DA:480,1
DA:481,1
DA:487,1
DA:488,0
DA:489,0
DA:496,0
DA:499,1
DA:501,1
DA:504,1
DA:505,1
DA:506,1
DA:512,1
DA:513,0
DA:514,0
DA:521,0
DA:524,1
DA:526,1
DA:529,1
DA:530,1
DA:531,1
DA:532,1
DA:538,1
DA:539,0
DA:540,0
DA:547,0
DA:550,1
DA:552,1
DA:555,1
DA:556,1
DA:557,1
DA:563,1
DA:564,0
DA:565,0
DA:573,0
DA:576,1
DA:578,1
DA:584,1
DA:585,0
DA:586,0
DA:593,0
DA:596,1
DA:598,1
DA:601,1
DA:602,1
DA:603,1
DA:604,1
DA:610,1
DA:611,0
DA:612,0
DA:620,0
DA:623,1
DA:625,1
DA:631,1
DA:632,0
DA:633,0
DA:641,0
DA:644,1
DA:646,1
DA:652,1
DA:653,0
DA:654,0
DA:661,0
DA:664,1
DA:666,1
DA:669,1
DA:670,1
DA:671,1
DA:677,1
DA:678,0
DA:679,0
DA:687,0
DA:690,1
DA:692,1
DA:698,1
DA:699,0
DA:700,0
DA:708,0
DA:711,1
DA:713,1
DA:719,1
DA:720,0
DA:721,0
DA:729,0
DA:732,1
DA:734,1
DA:740,1
DA:741,0
DA:742,0
DA:746,0
DA:749,1
DA:751,1
DA:757,1
DA:758,0
DA:759,0
DA:766,0
DA:769,1
DA:771,1
DA:774,1
DA:775,1
DA:781,1
DA:782,0
DA:783,0
DA:789,0
DA:792,1
DA:794,1
DA:800,1
DA:801,0
DA:802,0
DA:806,0
DA:809,1
DA:811,1
DA:817,1
DA:818,0
DA:819,0
DA:823,0
DA:826,1
DA:828,1
DA:834,1
DA:835,0
DA:836,0
DA:844,0
DA:847,1
DA:849,1
DA:855,1
DA:856,0
DA:857,0
DA:861,0
DA:864,1
DA:866,1
DA:872,1
DA:873,0
DA:874,0
DA:882,0
DA:885,1
DA:887,1
DA:893,1
DA:894,0
DA:895,0
DA:899,0
DA:902,1
DA:904,1
DA:910,1
DA:911,0
DA:912,0
DA:916,0
DA:919,1
DA:921,1
DA:927,1
DA:928,0
DA:929,0
DA:937,0
DA:940,1
DA:942,1
DA:948,1
DA:949,0
DA:950,0
DA:957,0
DA:960,1
DA:962,1
DA:965,1
DA:966,1
DA:972,1
DA:973,0
DA:974,0
DA:981,0
DA:984,1
DA:986,1
DA:989,1
DA:990,1
DA:996,1
DA:997,0
DA:998,0
DA:1005,0
DA:1008,1
DA:1010,1
DA:1013,1
DA:1014,1
DA:1020,1
DA:1021,0
DA:1022,0
DA:1026,0
DA:1029,1
DA:1031,1
DA:1037,1
DA:1038,0
DA:1039,0
DA:1046,0
DA:1049,1
DA:1051,1
DA:1054,1
DA:1055,1
DA:1056,1
DA:1057,1
DA:1063,1
DA:1064,0
DA:1065,0
DA:1072,0
DA:1075,1
DA:1077,1
DA:1080,1
DA:1081,1
DA:1082,1
DA:1083,1
DA:1084,1
DA:1085,1
DA:1086,1
DA:1087,1
DA:1088,1
DA:1094,1
DA:1095,0
DA:1096,0
DA:1101,0
DA:1104,1
DA:1106,1
DA:1112,1
DA:1113,0
DA:1114,0
DA:1121,0
DA:1124,1
DA:1126,1
DA:1129,1
DA:1130,1
DA:1136,1
DA:1137,0
DA:1138,0
DA:1145,0
DA:1148,1
DA:1150,1
DA:1153,1
DA:1154,1
DA:1160,1
DA:1161,0
DA:1162,0
DA:1166,0
DA:1169,1
DA:1171,1
DA:1177,1
DA:1178,0
DA:1179,0
DA:1183,0
DA:1186,1
DA:1188,1
DA:1194,1
DA:1195,0
DA:1196,0
DA:1200,0
DA:1203,1
DA:1205,1
DA:1211,1
DA:1212,0
DA:1213,0
DA:1217,0
DA:1220,1
DA:1222,1
DA:1228,1
DA:1229,0
DA:1230,0
DA:1234,0
DA:1237,1
DA:1239,1
DA:1245,1
DA:1246,0
DA:1247,0
DA:1251,0
DA:1254,1
DA:1256,1
DA:1262,1
DA:1263,0
DA:1264,0
DA:1268,0
DA:1271,1
DA:1273,1
DA:1279,1
DA:1280,0
DA:1281,0
DA:1288,0
DA:1291,1
DA:1293,1
DA:1299,1
DA:1300,0
DA:1301,0
DA:1305,0
DA:1308,1
DA:1310,1
DA:1316,1
DA:1317,0
DA:1318,0
DA:1325,0
DA:1328,1
DA:1330,1
DA:1333,1
DA:1334,1
DA:1340,1
DA:1341,0
DA:1342,0
DA:1346,0
DA:1349,1
DA:1351,1
DA:1357,1
DA:1358,0
DA:1359,0
DA:1363,0
DA:1366,1
DA:1368,1
DA:1374,1
DA:1375,0
DA:1376,0
DA:1380,0
DA:1383,1
DA:1385,1
DA:1391,1
DA:1392,0
DA:1393,0
DA:1400,0
DA:1403,1
DA:1405,1
DA:1411,1
DA:1412,0
DA:1413,0
DA:1417,0
DA:1420,1
DA:1422,1
DA:1428,1
DA:1429,0
DA:1430,0
DA:1434,0
DA:1437,1
DA:1439,1
DA:1445,1
DA:1446,0
DA:1447,0
DA:1451,0
DA:1454,1
DA:1456,1
DA:1462,1
DA:1463,0
DA:1464,0
DA:1468,0
DA:1471,1
DA:1473,1
DA:1479,1
DA:1480,0
DA:1481,0
DA:1488,0
DA:1491,1
DA:1493,1
DA:1499,1
DA:1500,0
DA:1501,0
DA:1508,0
DA:1511,1
DA:1513,1
DA:1519,1
DA:1520,0
DA:1521,0
DA:1528,0
DA:1531,1
DA:1533,1
DA:1536,1
DA:1537,1
DA:1538,1
DA:1544,1
DA:1545,0
DA:1546,0
DA:1553,0
DA:1556,1
DA:1558,1
DA:1561,1
DA:1562,1
DA:1563,1
DA:1569,1
DA:1570,0
DA:1571,0
DA:1578,0
DA:1579,0
DA:1582,1
DA:1584,1
DA:1587,1
DA:1588,1
DA:1589,1
DA:1595,1
DA:1596,0
DA:1597,0
DA:1604,0
DA:1607,1
DA:1609,1
DA:1615,1
DA:1616,0
DA:1617,0
DA:1625,0
DA:1628,1
DA:1630,1
DA:1636,1
DA:1637,0
DA:1638,0
DA:1645,0
DA:1648,1
DA:1650,1
DA:1656,1
DA:1657,0
DA:1658,0
DA:1665,0
DA:1668,1
DA:1670,1
DA:1676,1
DA:1677,0
DA:1678,0
DA:1685,0
DA:1688,1
DA:1690,1
DA:1693,1
DA:1694,1
DA:1700,1
DA:1701,0
DA:1702,0
DA:1710,0
DA:1713,1
DA:1715,1
DA:1721,1
DA:1722,0
DA:1723,0
DA:1731,0
DA:1734,1
DA:1736,1
DA:1742,1
DA:1743,0
DA:1744,0
DA:1751,0
DA:1754,1
DA:1756,1
DA:1762,1
DA:1763,0
DA:1764,0
DA:1771,0
DA:1774,1
DA:1776,1
DA:1779,1
DA:1780,1
DA:1781,1
DA:1782,1
DA:1783,1
DA:1789,1
DA:1790,0
DA:1791,0
DA:1798,0
DA:1801,1
DA:1803,1
DA:1806,1
DA:1807,1
DA:1808,1
DA:1809,1
DA:1815,1
DA:1816,0
DA:1817,0
DA:1821,0
DA:1824,1
DA:1826,1
DA:1832,1
DA:1833,0
DA:1834,0
DA:1838,0
DA:1841,1
DA:1843,1
DA:1849,1
DA:1850,0
DA:1851,0
DA:1858,0
DA:1861,1
DA:1863,1
DA:1869,1
DA:1870,0
DA:1871,0
DA:1878,0
DA:1881,1
DA:1883,1
DA:1886,1
DA:1887,1
DA:1893,1
DA:1894,0
DA:1895,0
DA:1902,0
DA:1905,1
DA:1907,1
DA:1913,1
DA:1914,0
DA:1915,0
DA:1919,0
DA:1922,1
DA:1924,1
DA:1930,1
DA:1931,0
DA:1932,0
DA:1939,0
DA:1942,1
DA:1944,1
DA:1947,1
DA:1948,1
DA:1954,1
DA:1955,0
DA:1956,0
DA:1963,0
DA:1966,1
DA:1968,1
DA:1971,1
DA:1972,1
DA:1978,1
DA:1979,0
DA:1980,0
DA:1984,0
DA:1987,1
DA:1989,1
DA:1995,1
DA:1996,0
DA:1997,0
DA:2004,0
DA:2007,1
DA:2009,1
DA:2012,1
DA:2013,1
DA:2019,1
DA:2020,0
DA:2021,0
DA:2028,0
DA:2031,1
DA:2033,1
DA:2036,1
DA:2037,1
DA:2043,1
DA:2044,0
DA:2045,0
DA:2052,0
DA:2055,1
DA:2057,1
DA:2060,1
DA:2061,1
DA:2067,1
DA:2068,0
DA:2069,0
DA:2076,0
DA:2079,1
DA:2081,1
DA:2084,1
DA:2085,1
DA:2091,1
DA:2092,0
DA:2093,0
DA:2097,0
DA:2100,1
DA:2102,1
DA:2108,1
DA:2109,0
DA:2110,0
DA:2117,0
DA:2120,1
DA:2122,1
DA:2128,1
DA:2129,0
DA:2130,0
DA:2134,0
DA:2137,1
DA:2139,1
DA:2145,1
DA:2146,0
DA:2147,0
DA:2151,0
DA:2154,1
DA:2156,1
DA:2162,1
DA:2163,0
DA:2164,0
DA:2168,0
DA:2171,1
DA:2173,1
DA:2179,1
DA:2180,0
DA:2181,0
DA:2188,0
DA:2191,1
DA:2193,1
DA:2196,1
DA:2197,1
DA:2203,1
DA:2204,0
DA:2205,0
DA:2212,0
DA:2215,1
DA:2217,1
DA:2220,1
DA:2221,1
DA:2227,1
DA:2228,0
DA:2229,0
DA:2236,0
DA:2239,1
DA:2241,1
DA:2244,1
DA:2245,1
DA:2246,1
DA:2252,1
DA:2253,0
DA:2254,0
DA:2261,0
DA:2264,1
DA:2266,1
DA:2269,1
DA:2270,1
DA:2276,1
DA:2277,0
DA:2278,0
DA:2285,0
DA:2288,1
DA:2290,1
DA:2293,1
DA:2294,1
DA:2300,1
DA:2301,0
DA:2302,0
DA:2309,0
DA:2312,1
DA:2314,1
DA:2317,1
DA:2318,1
DA:2319,1
DA:2325,1
DA:2326,0
DA:2327,0
DA:2334,0
DA:2337,1
DA:2339,1
DA:2342,1
DA:2343,1
DA:2344,1
DA:2345,1
DA:2351,1
DA:2352,0
DA:2353,0
DA:2361,0
DA:2364,1
DA:2366,1
DA:2372,1
DA:2373,0
DA:2374,0
DA:2381,0
DA:2384,1
DA:2386,1
DA:2389,1
DA:2390,1
DA:2391,1
DA:2397,1
DA:2398,0
DA:2399,0
DA:2407,0
DA:2410,1
DA:2412,1
DA:2418,1
DA:2419,0
DA:2420,0
DA:2428,0
DA:2431,1
DA:2433,1
DA:2439,1
DA:2440,0
DA:2441,0
DA:2448,0
DA:2451,1
DA:2453,1
DA:2456,1
DA:2457,1
DA:2463,1
DA:2464,0
DA:2465,0
DA:2473,0
DA:2476,1
DA:2478,1
DA:2484,1
DA:2485,0
DA:2486,0
DA:2494,0
DA:2497,1
DA:2499,1
DA:2505,1
DA:2506,0
DA:2507,0
DA:2515,0
DA:2518,1
DA:2520,1
DA:2526,1
DA:2527,0
DA:2528,0
DA:2535,0
DA:2538,1
DA:2540,1
DA:2543,1
DA:2544,1
DA:2550,1
DA:2551,0
DA:2552,0
DA:2559,0
DA:2562,1
DA:2564,1
DA:2567,1
DA:2568,1
DA:2569,1
DA:2570,1
DA:2576,1
DA:2577,0
DA:2578,0
DA:2582,0
DA:2585,1
DA:2587,1
DA:2593,1
DA:2594,0
DA:2595,0
DA:2602,0
DA:2605,1
DA:2607,1
DA:2613,1
DA:2614,0
DA:2615,0
DA:2623,0
DA:2626,1
DA:2628,1
DA:2634,1
DA:2635,0
DA:2636,0
DA:2642,0
DA:2645,1
DA:2647,1
DA:2653,1
DA:2654,0
DA:2657,0
DA:2658,0
DA:2659,0
DA:2660,0
DA:2661,0
DA:2662,0
DA:2665,0
DA:2666,0
DA:2669,1
DA:2671,1
DA:2677,1
DA:2678,0
DA:2681,0
DA:2682,0
DA:2683,0
DA:2686,0
DA:2687,0
DA:2688,0
DA:2689,0
DA:2692,1
DA:2694,1
DA:2700,1
DA:2701,0
DA:2704,0
DA:2707,0
DA:2708,0
DA:2709,0
DA:2710,0
DA:2711,0
DA:2712,0
DA:2713,0
DA:2714,0
DA:2715,0
DA:2716,0
DA:2717,0
DA:2718,0
DA:2719,0
DA:2722,1
DA:2724,1
DA:2730,1
DA:2731,0
DA:2734,0
DA:2735,0
DA:2736,0
DA:2739,0
DA:2742,1
DA:2744,1
DA:2750,1
DA:2751,0
DA:2754,0
DA:2755,0
DA:2756,0
DA:2757,0
DA:2758,0
DA:2759,0
DA:2762,0
DA:2765,1
DA:2767,1
DA:2773,1
DA:2774,0
DA:2777,0
DA:2780,0
DA:2781,0
DA:2782,0
DA:2783,0
DA:2784,0
DA:2785,0
DA:2786,0
DA:2789,1
DA:2791,1
DA:2797,1
DA:2798,0
DA:2801,0
DA:2804,0
DA:2805,0
DA:2806,0
DA:2807,0
DA:2808,0
DA:2809,0
DA:2810,0
DA:2813,1
DA:2815,1
DA:2821,1
DA:2822,0
DA:2825,0
DA:2828,0
DA:2829,0
DA:2830,0
DA:2831,0
DA:2832,0
DA:2835,1
DA:2837,1
DA:2843,1
DA:2844,0
DA:2847,0
DA:2848,0
DA:2849,0
DA:2852,0
DA:2853,0
DA:2854,0
DA:2857,1
DA:2859,1
DA:2865,1
DA:2866,0
DA:2869,0
DA:2872,0
DA:2873,0
DA:2874,0
DA:2877,1
DA:2879,1
DA:2885,1
DA:2886,0
DA:2889,0
DA:2892,0
DA:2893,0
DA:2894,0
DA:2897,1
DA:2899,1
DA:2905,1
DA:2906,0
DA:2909,0
DA:2912,0
DA:2913,0
DA:2914,0
DA:2915,0
DA:2916,0
DA:2917,0
DA:2918,0
DA:2921,1
DA:2923,1
DA:2929,1
DA:2930,0
DA:2933,0
DA:2936,0
DA:2937,0
DA:2938,0
DA:2941,1
DA:2943,1
DA:2949,1
DA:2950,0
DA:2953,0
DA:2956,0
DA:2957,0
DA:2960,1
DA:2962,1
DA:2968,1
DA:2969,0
DA:2972,0
DA:2973,0
DA:2974,0
DA:2977,0
DA:2978,0
DA:2979,0
DA:2982,1
DA:2984,1
DA:2990,1
DA:2991,0
DA:2994,0
DA:2995,0
DA:2996,0
DA:2997,0
DA:3000,0
DA:3001,0
DA:3002,0
DA:3003,0
DA:3004,0
DA:3005,0
DA:3006,0
DA:3009,1
DA:3011,1
DA:3017,1
DA:3018,0
DA:3021,0
DA:3022,0
DA:3023,0
DA:3024,0
DA:3027,0
DA:3028,0
DA:3029,0
DA:3030,0
DA:3031,0
DA:3032,0
DA:3033,0
DA:3036,1
DA:3038,1
DA:3044,1
DA:3045,0
DA:3048,0
DA:3051,0
DA:3052,0
DA:3053,0
DA:3054,0
DA:3055,0
DA:3058,1
DA:3060,1
DA:3066,1
DA:3067,0
DA:3070,0
DA:3071,0
DA:3072,0
DA:3075,0
DA:3076,0
DA:3077,0
DA:3080,1
DA:3082,1
DA:3088,1
DA:3089,0
DA:3092,0
DA:3095,0
DA:3096,0
DA:3097,0
DA:3098,0
DA:3099,0
DA:3102,1
DA:3104,1
DA:3110,1
DA:3111,0
DA:3114,0
DA:3117,0
DA:3118,0
DA:3119,0
DA:3120,0
DA:3121,0
DA:3124,1
DA:3126,1
DA:3132,1
DA:3133,0
DA:3136,0
DA:3139,0
DA:3140,0
DA:3141,0
DA:3142,0
DA:3143,0
DA:3146,1
DA:3148,1
DA:3154,1
DA:3155,0
DA:3158,0
DA:3159,0
DA:3162,0
DA:3163,0
DA:3164,0
DA:3165,0
DA:3166,0
DA:3167,0
DA:3168,0
DA:3169,0
DA:3172,1
DA:3174,1
DA:3180,1
DA:3181,0
DA:3184,0
DA:3185,0
DA:3188,0
DA:3191,1
DA:3193,1
DA:3199,1
DA:3200,0
DA:3203,0
DA:3206,0
DA:3207,0
DA:3210,1
DA:3212,1
DA:3218,1
DA:3219,0
DA:3222,0
DA:3225,0
DA:3226,0
DA:3227,0
DA:3228,0
DA:3229,0
DA:3232,1
DA:3234,1
DA:3240,1
DA:3241,0
DA:3244,0
DA:3247,0
DA:3248,0
DA:3249,0
DA:3250,0
DA:3251,0
DA:3254,1
DA:3256,1
DA:3262,1
DA:3263,0
DA:3266,0
DA:3267,0
DA:3270,0
DA:3273,1
DA:3275,1
DA:3281,1
DA:3282,0
DA:3285,0
DA:3286,0
DA:3289,0
DA:3290,0
DA:3291,0
DA:3292,0
DA:3295,1
DA:3297,1
DA:3303,1
DA:3304,0
DA:3307,0
DA:3310,0
DA:3313,1
DA:3315,1
DA:3321,1
DA:3322,0
DA:3325,0
DA:3326,0
DA:3329,0
DA:3330,0
DA:3331,0
DA:3332,0
DA:3335,1
DA:3337,1
DA:3343,1
DA:3344,0
DA:3347,0
DA:3350,0
DA:3351,0
DA:3352,0
DA:3353,0
DA:3354,0
DA:3357,1
DA:3359,1
DA:3365,1
DA:3366,0
DA:3369,0
DA:3372,0
DA:3373,0
DA:3376,1
DA:3378,1
DA:3384,1
DA:3385,0
DA:3388,0
DA:3391,0
DA:3392,0
DA:3395,1
DA:3397,1
DA:3403,1
DA:3404,0
DA:3407,0
DA:3410,0
DA:3413,1
DA:3415,1
DA:3421,1
DA:3422,0
DA:3425,0
DA:3428,0
DA:3429,0
DA:3430,0
DA:3431,0
DA:3432,0
DA:3435,1
DA:3437,1
DA:3443,1
DA:3444,0
DA:3447,0
DA:3448,0
DA:3449,0
DA:3450,0
DA:3451,0
DA:3454,0
DA:3455,0
DA:3456,0
DA:3457,0
DA:3458,0
DA:3461,1
DA:3463,1
DA:3469,1
DA:3470,0
DA:3473,0
DA:3474,0
DA:3475,0
DA:3478,0
DA:3479,0
DA:3480,0
DA:3481,0
DA:3482,0
DA:3483,0
DA:3486,1
DA:3488,1
DA:3494,1
DA:3495,0
DA:3498,0
DA:3499,0
DA:3500,0
DA:3503,0
DA:3504,0
DA:3505,0
DA:3508,1
DA:3510,1
DA:3516,1
DA:3517,0
DA:3520,0
DA:3521,0
DA:3522,0
DA:3525,0
DA:3526,0
DA:3527,0
DA:3528,0
DA:3529,0
DA:3530,0
DA:3531,0
DA:3534,1
DA:3536,1
DA:3538,1
LF:1298
LH:633
BRF:0
BRH:0
end_of_record
TN:
SF:/Volumes/Dev/GitHub/homebridge-plugin-wrapper/hap-nodejs/lib/gen/HomeKitTypes-Bridge.js
FN:18,(anonymous_1)
FN:35,(anonymous_2)
FN:55,(anonymous_3)
FN:72,(anonymous_4)
FN:99,(anonymous_5)
FN:140,(anonymous_6)
FN:157,(anonymous_7)
FN:177,(anonymous_8)
FN:194,(anonymous_9)
FN:211,(anonymous_10)
FN:228,(anonymous_11)
FN:248,(anonymous_12)
FN:269,(anonymous_13)
FN:286,(anonymous_14)
FN:306,(anonymous_15)
FN:323,(anonymous_16)
FN:340,(anonymous_17)
FN:357,(anonymous_18)
FN:375,(anonymous_19)
FN:392,(anonymous_20)
FN:409,(anonymous_21)
FN:426,(anonymous_22)
FN:443,(anonymous_23)
FN:460,(anonymous_24)
FN:477,(anonymous_25)
FN:498,(anonymous_26)
FN:519,(anonymous_27)
FN:539,(anonymous_28)
FN:556,(anonymous_29)
FN:575,(anonymous_30)
FN:595,(anonymous_31)
FNF:31
FNH:0
FNDA:0,(anonymous_1)
FNDA:0,(anonymous_2)
FNDA:0,(anonymous_3)
FNDA:0,(anonymous_4)
FNDA:0,(anonymous_5)
FNDA:0,(anonymous_6)
FNDA:0,(anonymous_7)
FNDA:0,(anonymous_8)
FNDA:0,(anonymous_9)
FNDA:0,(anonymous_10)
FNDA:0,(anonymous_11)
FNDA:0,(anonymous_12)
FNDA:0,(anonymous_13)
FNDA:0,(anonymous_14)
FNDA:0,(anonymous_15)
FNDA:0,(anonymous_16)
FNDA:0,(anonymous_17)
FNDA:0,(anonymous_18)
FNDA:0,(anonymous_19)
FNDA:0,(anonymous_20)
FNDA:0,(anonymous_21)
FNDA:0,(anonymous_22)
FNDA:0,(anonymous_23)
FNDA:0,(anonymous_24)
FNDA:0,(anonymous_25)
FNDA:0,(anonymous_26)
FNDA:0,(anonymous_27)
FNDA:0,(anonymous_28)
FNDA:0,(anonymous_29)
FNDA:0,(anonymous_30)
FNDA:0,(anonymous_31)
DA:4,1
DA:5,1
DA:6,1
DA:18,1
DA:19,0
DA:20,0
DA:24,0
DA:27,1
DA:29,1
DA:35,1
DA:36,0
DA:37,0
DA:44,0
DA:47,1
DA:49,1
DA:55,1
DA:56,0
DA:57,0
DA:61,0
DA:64,1
DA:66,1
DA:72,1
DA:73,0
DA:76,0
DA:79,0
DA:80,0
DA:81,0
DA:82,0
DA:83,0
DA:84,0
DA:85,0
DA:86,0
DA:87,0
DA:88,0
DA:91,1
DA:93,1
DA:99,1
DA:100,0
DA:103,0
DA:104,0
DA:107,0
DA:110,1
DA:112,1
DA:116,1
DA:117,1
DA:118,1
DA:119,1
DA:122,1
DA:140,1
DA:141,0
DA:142,0
DA:146,0
DA:149,1
DA:151,1
DA:157,1
DA:158,0
DA:159,0
DA:166,0
DA:169,1
DA:171,1
DA:177,1
DA:178,0
DA:179,0
DA:183,0
DA:186,1
DA:188,1
DA:194,1
DA:195,0
DA:196,0
DA:200,0
DA:203,1
DA:205,1
DA:211,1
DA:212,0
DA:213,0
DA:217,0
DA:220,1
DA:222,1
DA:228,1
DA:229,0
DA:230,0
DA:237,0
DA:240,1
DA:242,1
DA:248,1
DA:249,0
DA:250,0
DA:254,0
DA:257,1
DA:259,1
DA:262,1
DA:263,1
DA:269,1
DA:270,0
DA:271,0
DA:275,0
DA:278,1
DA:280,1
DA:286,1
DA:287,0
DA:288,0
DA:295,0
DA:298,1
DA:300,1
DA:306,1
DA:307,0
DA:308,0
DA:312,0
DA:315,1
DA:317,1
DA:323,1
DA:324,0
DA:325,0
DA:329,0
DA:332,1
DA:334,1
DA:340,1
DA:341,0
DA:342,0
DA:346,0
DA:349,1
DA:351,1
DA:357,1
DA:358,0
DA:359,0
DA:363,0
DA:366,1
DA:368,1
DA:375,1
DA:376,0
DA:377,0
DA:381,0
DA:384,1
DA:386,1
DA:392,1
DA:393,0
DA:394,0
DA:398,0
DA:401,1
DA:403,1
DA:409,1
DA:410,0
DA:411,0
DA:415,0
DA:418,1
DA:420,1
DA:426,1
DA:427,0
DA:428,0
DA:432,0
DA:435,1
DA:437,1
DA:443,1
DA:444,0
DA:445,0
DA:449,0
DA:452,1
DA:454,1
DA:460,1
DA:461,0
DA:462,0
DA:466,0
DA:469,1
DA:471,1
DA:477,1
DA:478,0
DA:481,0
DA:482,0
DA:483,0
DA:484,0
DA:487,0
DA:490,1
DA:492,1
DA:498,1
DA:499,0
DA:502,0
DA:503,0
DA:504,0
DA:505,0
DA:508,0
DA:511,1
DA:513,1
DA:519,1
DA:520,0
DA:523,0
DA:524,0
DA:525,0
DA:526,0
DA:531,1
DA:533,1
DA:539,1
DA:540,0
DA:543,0
DA:548,1
DA:550,1
DA:556,1
DA:557,0
DA:560,0
DA:561,0
DA:562,0
DA:567,1
DA:569,1
DA:575,1
DA:576,0
DA:579,0
DA:580,0
DA:581,0
DA:584,0
DA:587,1
DA:589,1
DA:595,1
DA:596,0
DA:599,0
DA:600,0
DA:601,0
DA:602,0
DA:603,0
DA:604,0
DA:609,1
DA:611,1
LF:220
LH:103
BRF:0
BRH:0
end_of_record
TN:
SF:/Volumes/Dev/GitHub/homebridge-plugin-wrapper/hap-nodejs/lib/Advertiser.js
FN:19,Advertiser
FN:26,(anonymous_2)
FN:30,(anonymous_3)
FN:34,(anonymous_4)
FN:37,(anonymous_5)
FN:41,(anonymous_6)
FNF:6
FNH:0
FNDA:0,Advertiser
FNDA:0,(anonymous_2)
FNDA:0,(anonymous_3)
FNDA:0,(anonymous_4)
FNDA:0,(anonymous_5)
FNDA:0,(anonymous_6)
DA:3,1
DA:5,1
DA:19,1
DA:20,0
DA:21,0
DA:23,0
DA:26,1
DA:27,0
DA:30,1
DA:31,0
DA:34,1
DA:37,1
DA:38,0
DA:41,1
DA:42,0
DA:43,0
DA:44,0
DA:45,0
DA:47,0
LF:19
LH:8
BRF:0
BRH:0
end_of_record
TN:
SF:/Volumes/Dev/GitHub/homebridge-plugin-wrapper/hap-nodejs/lib/HAPServer.js
FN:70,HAPServer
FN:78,(anonymous_2)
FN:81,(anonymous_3)
FN:84,(anonymous_4)
FNF:4
FNH:0
FNDA:0,HAPServer
FNDA:0,(anonymous_2)
FNDA:0,(anonymous_3)
FNDA:0,(anonymous_4)
DA:3,1
DA:4,1
DA:6,1
DA:70,1
DA:71,0
DA:72,0
DA:75,1
DA:78,1
DA:81,1
DA:84,1
LF:10
LH:8
BRF:0
BRH:0
end_of_record
TN:
SF:/Volumes/Dev/GitHub/homebridge-plugin-wrapper/hap-nodejs/lib/model/AccessoryInfo.js
FN:18,AccessoryInfo
FN:40,(anonymous_2)
FN:45,(anonymous_3)
FN:59,(anonymous_4)
FN:64,(anonymous_5)
FN:68,(anonymous_6)
FN:72,(anonymous_7)
FN:76,(anonymous_8)
FN:80,(anonymous_9)
FN:85,(anonymous_10)
FN:89,(anonymous_11)
FN:102,(anonymous_12)
FN:139,(anonymous_13)
FN:169,(anonymous_14)
FNF:14
FNH:0
FNDA:0,AccessoryInfo
FNDA:0,(anonymous_2)
FNDA:0,(anonymous_3)
FNDA:0,(anonymous_4)
FNDA:0,(anonymous_5)
FNDA:0,(anonymous_6)
FNDA:0,(anonymous_7)
FNDA:0,(anonymous_8)
FNDA:0,(anonymous_9)
FNDA:0,(anonymous_10)
FNDA:0,(anonymous_11)
FNDA:0,(anonymous_12)
FNDA:0,(anonymous_13)
FNDA:0,(anonymous_14)
DA:3,1
DA:4,1
DA:5,1
DA:6,1
DA:7,1
DA:9,1
DA:18,1
DA:19,0
DA:20,0
DA:21,0
DA:22,0
DA:23,0
DA:24,0
DA:25,0
DA:26,0
DA:27,0
DA:29,0
DA:31,0
DA:32,0
DA:33,0
DA:34,0
DA:35,0
DA:36,0
DA:40,1
DA:41,0
DA:45,1
DA:46,0
DA:48,0
DA:49,0
DA:50,0
DA:51,0
DA:52,0
DA:53,0
DA:54,0
DA:59,1
DA:60,0
DA:64,1
DA:65,0
DA:68,1
DA:69,0
DA:72,1
DA:73,0
DA:76,1
DA:77,0
DA:80,1
DA:81,0
DA:85,1
DA:86,0
DA:89,1
DA:90,0
DA:93,0
DA:94,0
DA:96,0
DA:97,0
DA:99,0
DA:102,1
DA:103,0
DA:104,0
DA:106,0
DA:107,0
DA:108,0
DA:109,0
DA:110,0
DA:111,0
DA:112,0
DA:114,0
DA:115,0
DA:116,0
DA:117,0
DA:120,0
DA:121,0
DA:123,0
DA:125,0
DA:126,0
DA:127,0
DA:128,0
DA:129,0
DA:130,0
DA:132,0
DA:135,0
DA:139,1
DA:140,0
DA:158,0
DA:159,0
DA:160,0
DA:163,0
DA:165,0
DA:166,0
DA:169,1
DA:170,0
DA:172,0
LF:91
LH:20
BRDA:48,1,0,0
BRDA:48,1,1,0
BRDA:106,2,0,0
BRDA:106,2,1,0
BRDA:108,3,0,0
BRDA:108,3,1,0
BRDA:109,4,0,0
BRDA:109,4,1,0
BRDA:110,5,0,0
BRDA:110,5,1,0
BRDA:111,6,0,0
BRDA:111,6,1,0
BRDA:112,7,0,0
BRDA:112,7,1,0
BRDA:115,8,0,0
BRDA:115,8,1,0
BRDA:120,9,0,0
BRDA:120,9,1,0
BRDA:121,10,0,0
BRDA:121,10,1,0
BRDA:123,11,0,0
BRDA:123,11,1,0
BRDA:125,12,0,0
BRDA:125,12,1,0
BRDA:126,13,0,0
BRDA:126,13,1,0
BRDA:127,14,0,0
BRDA:127,14,1,0
BRDA:128,15,0,0
BRDA:128,15,1,0
BRDA:129,16,0,0
BRDA:129,16,1,0
BRDA:130,17,0,0
BRDA:130,17,1,0
BRF:34
BRH:0
end_of_record
TN:
SF:/Volumes/Dev/GitHub/homebridge-plugin-wrapper/hap-nodejs/lib/model/IdentifierCache.js
FN:21,IdentifierCache
FN:28,(anonymous_2)
FN:32,(anonymous_3)
FN:38,(anonymous_4)
FN:48,(anonymous_5)
FN:58,(anonymous_6)
FN:67,(anonymous_7)
FN:80,(anonymous_8)
FN:87,(anonymous_9)
FN:99,(anonymous_10)
FN:103,(anonymous_11)
FN:118,(anonymous_12)
FN:133,(anonymous_13)
FNF:13
FNH:0
FNDA:0,IdentifierCache
FNDA:0,(anonymous_2)
FNDA:0,(anonymous_3)
FNDA:0,(anonymous_4)
FNDA:0,(anonymous_5)
FNDA:0,(anonymous_6)
FNDA:0,(anonymous_7)
FNDA:0,(anonymous_8)
FNDA:0,(anonymous_9)
FNDA:0,(anonymous_10)
FNDA:0,(anonymous_11)
FNDA:0,(anonymous_12)
FNDA:0,(anonymous_13)
DA:3,1
DA:4,1
DA:5,1
DA:7,1
DA:21,1
DA:22,0
DA:23,0
DA:24,0
DA:25,0
DA:28,1
DA:29,0
DA:32,1
DA:34,0
DA:35,0
DA:38,1
DA:39,0
DA:42,0
DA:43,0
DA:45,0
DA:48,1
DA:49,0
DA:52,0
DA:53,0
DA:55,0
DA:58,1
DA:59,0
DA:62,0
DA:64,0
DA:67,1
DA:69,0
DA:75,0
DA:77,0
DA:80,1
DA:81,0
DA:82,0
DA:83,0
DA:84,0
DA:87,1
DA:88,0
DA:89,0
DA:90,0
DA:91,0
DA:99,1
DA:100,0
DA:103,1
DA:104,0
DA:105,0
DA:107,0
DA:108,0
DA:109,0
DA:110,0
DA:111,0
DA:114,0
DA:118,1
DA:119,0
DA:120,0
DA:121,0
DA:125,0
DA:127,0
DA:128,0
DA:129,0
DA:133,1
DA:134,0
DA:136,0
LF:64
LH:17
BRDA:42,1,0,0
BRDA:42,1,1,0
BRDA:42,2,0,0
BRDA:42,2,1,0
BRDA:52,3,0,0
BRDA:52,3,1,0
BRDA:64,4,0,0
BRDA:64,4,1,0
BRDA:71,5,0,0
BRDA:71,5,1,0
BRDA:72,6,0,0
BRDA:72,6,1,0
BRDA:77,7,0,0
BRDA:77,7,1,0
BRDA:82,8,0,0
BRDA:82,8,1,0
BRDA:89,9,0,0
BRDA:89,9,1,0
BRDA:107,10,0,0
BRDA:107,10,1,0
BRDA:120,11,0,0
BRDA:120,11,1,0
BRF:22
BRH:0
end_of_record
TN:
SF:/Volumes/Dev/GitHub/homebridge-plugin-wrapper/hap-nodejs/lib/Bridge.js
FN:16,Bridge
FNF:1
FNH:0
FNDA:0,Bridge
DA:3,1
DA:4,1
DA:6,1
DA:16,1
DA:17,0
DA:18,0
DA:21,1
LF:7
LH:5
BRF:0
BRH:0
end_of_record
TN:
SF:/Volumes/Dev/GitHub/homebridge-plugin-wrapper/hap-nodejs/lib/Camera.js
FN:22,Camera
FN:71,(anonymous_2)
FN:79,(anonymous_3)
FN:80,(anonymous_4)
FN:85,(anonymous_5)
FN:164,(anonymous_6)
FN:214,(anonymous_7)
FN:224,(anonymous_8)
FNF:8
FNH:0
FNDA:0,Camera
FNDA:0,(anonymous_2)
FNDA:0,(anonymous_3)
FNDA:0,(anonymous_4)
FNDA:0,(anonymous_5)
FNDA:0,(anonymous_6)
FNDA:0,(anonymous_7)
FNDA:0,(anonymous_8)
DA:3,1
DA:4,1
DA:5,1
DA:6,1
DA:7,1
DA:8,1
DA:9,1
DA:10,1
DA:11,0
DA:13,0
DA:14,0
DA:15,0
DA:16,0
DA:18,0
DA:22,1
DA:23,0
DA:24,0
DA:26,0
DA:27,0
DA:29,0
DA:67,0
DA:68,0
DA:71,0
DA:75,0
DA:76,0
DA:79,0
DA:80,0
DA:81,0
DA:85,0
DA:88,0
DA:90,0
DA:91,0
DA:93,0
DA:95,0
DA:97,0
DA:98,0
DA:99,0
DA:100,0
DA:101,0
DA:104,0
DA:105,0
DA:106,0
DA:108,0
DA:115,0
DA:117,0
DA:118,0
DA:119,0
DA:122,0
DA:123,0
DA:124,0
DA:125,0
DA:126,0
DA:129,0
DA:130,0
DA:131,0
DA:133,0
DA:140,0
DA:142,0
DA:143,0
DA:144,0
DA:147,0
DA:148,0
DA:152,0
DA:153,0
DA:155,0
DA:158,0
DA:159,0
DA:161,0
DA:164,0
DA:166,0
DA:167,0
DA:168,0
DA:169,0
DA:171,0
DA:172,0
DA:173,0
DA:174,0
DA:175,0
DA:176,0
DA:177,0
DA:179,0
DA:180,0
DA:181,0
DA:182,0
DA:184,0
DA:185,0
DA:186,0
DA:189,0
DA:192,0
DA:193,0
DA:194,0
DA:195,0
DA:197,0
DA:198,0
DA:199,0
DA:202,0
DA:203,0
DA:204,0
DA:205,0
DA:206,0
DA:209,0
DA:214,0
DA:215,0
DA:219,0
DA:224,0
DA:225,0
DA:227,0
DA:228,0
DA:230,0
DA:231,0
LF:110
LH:9
BRDA:98,1,0,0
BRDA:98,1,1,0
BRDA:123,2,0,0
BRDA:123,2,1,0
BRDA:152,3,0,0
BRDA:152,3,1,0
BRDA:168,4,0,0
BRDA:168,4,1,0
BRDA:171,5,0,0
BRDA:171,5,1,0
BRDA:173,6,0,0
BRDA:173,6,1,0
BRDA:180,7,0,0
BRDA:180,7,1,0
BRDA:185,8,0,0
BRDA:185,8,1,0
BRDA:203,9,0,0
BRDA:203,9,1,0
BRDA:205,10,0,0
BRDA:205,10,1,0
BRF:20
BRH:0
end_of_record
TN:
SF:/Volumes/Dev/GitHub/homebridge-plugin-wrapper/hap-nodejs/lib/StreamController.js
FN:22,StreamController
FN:68,(anonymous_2)
FN:73,(anonymous_3)
FN:225,(anonymous_4)
FN:231,(anonymous_5)
FN:238,(anonymous_6)
FN:244,(anonymous_7)
FN:250,(anonymous_8)
FN:256,(anonymous_9)
FN:260,(anonymous_10)
FN:267,(anonymous_11)
FN:270,(anonymous_12)
FN:277,(anonymous_13)
FN:319,(anonymous_14)
FN:443,(anonymous_15)
FN:472,(anonymous_16)
FN:540,(anonymous_17)
FN:573,(anonymous_18)
FN:585,(anonymous_19)
FN:592,(anonymous_20)
FN:716,(anonymous_21)
FN:726,(anonymous_22)
FN:731,(anonymous_23)
FN:744,(anonymous_24)
FN:757,(anonymous_25)
FN:763,(anonymous_26)
FN:774,(anonymous_27)
FN:805,(anonymous_28)
FN:824,(anonymous_29)
FNF:29
FNH:0
FNDA:0,StreamController
FNDA:0,(anonymous_2)
FNDA:0,(anonymous_3)
FNDA:0,(anonymous_4)
FNDA:0,(anonymous_5)
FNDA:0,(anonymous_6)
FNDA:0,(anonymous_7)
FNDA:0,(anonymous_8)
FNDA:0,(anonymous_9)
FNDA:0,(anonymous_10)
FNDA:0,(anonymous_11)
FNDA:0,(anonymous_12)
FNDA:0,(anonymous_13)
FNDA:0,(anonymous_14)
FNDA:0,(anonymous_15)
FNDA:0,(anonymous_16)
FNDA:0,(anonymous_17)
FNDA:0,(anonymous_18)
FNDA:0,(anonymous_19)
FNDA:0,(anonymous_20)
FNDA:0,(anonymous_21)
FNDA:0,(anonymous_22)
FNDA:0,(anonymous_23)
FNDA:0,(anonymous_24)
FNDA:0,(anonymous_25)
FNDA:0,(anonymous_26)
FNDA:0,(anonymous_27)
FNDA:0,(anonymous_28)
FNDA:0,(anonymous_29)
DA:3,1
DA:4,1
DA:5,1
DA:6,1
DA:7,1
DA:8,1
DA:9,1
DA:10,1
DA:11,1
DA:13,1
DA:14,1
DA:15,1
DA:16,0
DA:18,0
DA:22,1
DA:23,0
DA:24,0
DA:27,0
DA:28,0
DA:31,0
DA:32,0
DA:35,0
DA:36,0
DA:37,0
DA:39,0
DA:40,0
DA:42,0
DA:44,0
DA:46,0
DA:47,0
DA:48,0
DA:51,0
DA:53,0
DA:54,0
DA:55,0
DA:58,0
DA:60,0
DA:61,0
DA:62,0
DA:63,0
DA:65,0
DA:68,0
DA:69,0
DA:70,0
DA:73,0
DA:74,0
DA:75,0
DA:76,0
DA:80,0
DA:90,0
DA:96,0
DA:101,0
DA:108,0
DA:114,0
DA:120,0
DA:124,0
DA:130,0
DA:137,0
DA:141,0
DA:149,0
DA:154,0
DA:160,0
DA:166,0
DA:170,0
DA:176,0
DA:182,0
DA:191,0
DA:198,0
DA:205,0
DA:212,0
DA:217,0
DA:225,0
DA:226,0
DA:227,0
DA:229,0
DA:232,0
DA:233,0
DA:236,0
DA:239,0
DA:242,0
DA:245,0
DA:248,0
DA:251,0
DA:254,0
DA:257,0
DA:258,0
DA:261,0
DA:262,0
DA:265,0
DA:268,0
DA:271,0
DA:274,0
DA:277,0
DA:278,0
DA:279,0
DA:281,0
DA:282,0
DA:284,0
DA:286,0
DA:287,0
DA:288,0
DA:290,0
DA:291,0
DA:292,0
DA:293,0
DA:295,0
DA:298,0
DA:299,0
DA:300,0
DA:301,0
DA:303,0
DA:306,0
DA:307,0
DA:308,0
DA:310,0
DA:311,0
DA:314,0
DA:315,0
DA:319,0
DA:320,0
DA:322,0
DA:327,0
DA:328,0
DA:330,0
DA:331,0
DA:333,0
DA:334,0
DA:336,0
DA:337,0
DA:338,0
DA:339,0
DA:342,0
DA:343,0
DA:345,0
DA:346,0
DA:347,0
DA:350,0
DA:351,0
DA:353,0
DA:354,0
DA:357,0
DA:358,0
DA:359,0
DA:362,0
DA:363,0
DA:366,0
DA:367,0
DA:370,0
DA:371,0
DA:375,0
DA:378,0
DA:379,0
DA:381,0
DA:383,0
DA:384,0
DA:385,0
DA:386,0
DA:388,0
DA:389,0
DA:390,0
DA:391,0
DA:392,0
DA:393,0
DA:395,0
DA:396,0
DA:400,0
DA:401,0
DA:403,0
DA:404,0
DA:405,0
DA:406,0
DA:407,0
DA:408,0
DA:409,0
DA:410,0
DA:412,0
DA:416,0
DA:418,0
DA:419,0
DA:421,0
DA:422,0
DA:423,0
DA:424,0
DA:425,0
DA:427,0
DA:430,0
DA:431,0
DA:432,0
DA:433,0
DA:437,0
DA:439,0
DA:440,0
DA:443,0
DA:444,0
DA:446,0
DA:451,0
DA:452,0
DA:455,0
DA:456,0
DA:457,0
DA:458,0
DA:461,0
DA:462,0
DA:465,0
DA:467,0
DA:468,0
DA:472,0
DA:473,0
DA:475,0
DA:476,0
DA:478,0
DA:481,0
DA:482,0
DA:483,0
DA:484,0
DA:485,0
DA:486,0
DA:489,0
DA:490,0
DA:491,0
DA:492,0
DA:493,0
DA:496,0
DA:497,0
DA:498,0
DA:499,0
DA:500,0
DA:502,0
DA:515,0
DA:519,0
DA:521,0
DA:523,0
DA:524,0
DA:525,0
DA:527,0
DA:528,0
DA:531,0
DA:532,0
DA:534,0
DA:535,0
DA:537,0
DA:538,0
DA:540,0
DA:541,0
DA:544,0
DA:545,0
DA:547,0
DA:548,0
DA:555,0
DA:557,0
DA:558,0
DA:560,0
DA:567,0
DA:569,0
DA:570,0
DA:573,0
DA:574,0
DA:575,0
DA:577,0
DA:578,0
DA:579,0
DA:582,0
DA:583,0
DA:585,0
DA:586,0
DA:592,0
DA:593,0
DA:595,0
DA:596,0
DA:597,0
DA:598,0
DA:600,0
DA:601,0
DA:603,0
DA:604,0
DA:606,0
DA:607,0
DA:609,0
DA:611,0
DA:612,0
DA:615,0
DA:616,0
DA:618,0
DA:619,0
DA:622,0
DA:624,0
DA:625,0
DA:626,0
DA:627,0
DA:629,0
DA:630,0
DA:631,0
DA:632,0
DA:634,0
DA:636,0
DA:638,0
DA:639,0
DA:640,0
DA:641,0
DA:642,0
DA:644,0
DA:645,0
DA:646,0
DA:647,0
DA:649,0
DA:651,0
DA:652,0
DA:656,0
DA:658,0
DA:659,0
DA:661,0
DA:664,0
DA:666,0
DA:667,0
DA:668,0
DA:670,0
DA:671,0
DA:672,0
DA:674,0
DA:675,0
DA:676,0
DA:678,0
DA:679,0
DA:681,0
DA:687,0
DA:695,0
DA:702,0
DA:712,0
DA:713,0
DA:716,0
DA:717,0
DA:719,0
DA:721,0
DA:726,0
DA:727,0
DA:728,0
DA:731,0
DA:732,0
DA:734,0
DA:735,0
DA:736,0
DA:739,0
DA:744,0
DA:745,0
DA:747,0
DA:748,0
DA:749,0
DA:752,0
DA:756,0
DA:757,0
DA:758,0
DA:759,0
DA:762,0
DA:763,0
DA:764,0
DA:765,0
DA:768,0
DA:769,0
DA:770,0
DA:773,0
DA:774,0
DA:775,0
DA:776,0
DA:779,0
DA:780,0
DA:781,0
DA:782,0
DA:783,0
DA:784,0
DA:786,0
DA:791,0
DA:792,0
DA:795,0
DA:800,0
DA:805,0
DA:809,0
DA:810,0
DA:812,0
DA:813,0
DA:816,0
DA:817,0
DA:818,0
DA:821,0
DA:822,0
DA:824,0
DA:825,0
DA:826,0
DA:827,0
DA:829,0
DA:830,0
DA:832,0
DA:833,0
DA:834,0
DA:835,0
DA:836,0
DA:837,0
DA:838,0
DA:840,0
DA:841,0
DA:844,0
DA:845,0
DA:846,0
DA:847,0
DA:848,0
DA:849,0
DA:851,0
DA:852,0
DA:855,0
DA:861,0
DA:866,0
DA:870,0
DA:871,0
DA:873,0
DA:874,0
DA:875,0
DA:877,0
DA:884,0
DA:889,0
DA:891,0
DA:894,0
LF:420
LH:13
BRDA:23,1,0,0
BRDA:23,1,1,0
BRDA:27,2,0,0
BRDA:27,2,1,0
BRDA:31,3,0,0
BRDA:31,3,1,0
BRDA:39,4,0,0
BRDA:39,4,1,0
BRDA:40,5,0,0
BRDA:40,5,1,0
BRDA:42,6,0,0
BRDA:42,6,1,0
BRDA:47,7,0,0
BRDA:47,7,1,0
BRDA:54,8,0,0
BRDA:54,8,1,0
BRDA:74,9,0,0
BRDA:74,9,1,0
BRDA:74,10,0,0
BRDA:74,10,1,0
BRDA:286,11,0,0
BRDA:286,11,1,0
BRDA:291,12,0,0
BRDA:291,12,1,0
BRDA:292,13,0,0
BRDA:292,13,1,0
BRDA:292,14,0,0
BRDA:292,14,1,0
BRDA:299,15,0,0
BRDA:299,15,1,0
BRDA:300,16,0,0
BRDA:300,16,1,0
BRDA:300,17,0,0
BRDA:300,17,1,0
BRDA:307,18,0,0
BRDA:307,18,1,0
BRDA:324,19,0,0
BRDA:324,19,1,0
BRDA:330,20,0,0
BRDA:330,20,1,0
BRDA:336,21,0,0
BRDA:336,21,1,0
BRDA:342,22,0,0
BRDA:342,22,1,0
BRDA:350,23,0,0
BRDA:350,23,1,0
BRDA:353,24,0,0
BRDA:353,24,1,0
BRDA:357,25,0,0
BRDA:357,25,1,0
BRDA:362,26,0,0
BRDA:362,26,1,0
BRDA:366,27,0,0
BRDA:366,27,1,0
BRDA:370,28,0,0
BRDA:370,28,1,0
BRDA:378,29,0,0
BRDA:378,29,1,0
BRDA:389,30,0,0
BRDA:389,30,1,0
BRDA:390,31,0,0
BRDA:390,31,1,0
BRDA:392,32,0,0
BRDA:392,32,1,0
BRDA:404,33,0,0
BRDA:404,33,1,0
BRDA:405,34,0,0
BRDA:405,34,1,0
BRDA:407,35,0,0
BRDA:407,35,1,0
BRDA:409,36,0,0
BRDA:409,36,1,0
BRDA:430,37,0,0
BRDA:430,37,1,0
BRDA:430,38,0,0
BRDA:430,38,1,0
BRDA:432,39,0,0
BRDA:432,39,1,0
BRDA:451,40,0,0
BRDA:451,40,1,0
BRDA:455,41,0,0
BRDA:455,41,1,0
BRDA:457,42,0,0
BRDA:457,42,1,0
BRDA:467,43,0,0
BRDA:467,43,1,0
BRDA:523,44,0,0
BRDA:523,44,1,0
BRDA:531,45,0,0
BRDA:531,45,1,0
BRDA:557,46,0,0
BRDA:557,46,1,0
BRDA:577,47,0,0
BRDA:577,47,1,0
BRDA:606,48,0,0
BRDA:606,48,1,0
BRDA:611,49,0,0
BRDA:611,49,1,0
BRDA:618,50,0,0
BRDA:618,50,1,0
BRDA:638,51,0,0
BRDA:638,51,1,0
BRDA:658,52,0,0
BRDA:658,52,1,0
BRDA:674,53,0,0
BRDA:674,53,1,0
BRDA:734,54,0,0
BRDA:734,54,1,0
BRDA:748,55,0,0
BRDA:748,55,1,0
BRDA:769,56,0,0
BRDA:769,56,1,0
BRDA:775,57,0,0
BRDA:775,57,1,0
BRDA:812,58,0,0
BRDA:812,58,1,0
BRDA:817,59,0,0
BRDA:817,59,1,0
BRDA:832,60,0,0
BRDA:832,60,1,0
BRDA:835,61,0,0
BRDA:835,61,1,0
BRDA:844,62,0,0
BRDA:844,62,1,0
BRDA:846,63,0,0
BRDA:846,63,1,0
BRDA:848,64,0,0
BRDA:848,64,1,0
BRDA:870,65,0,0
BRDA:870,65,1,0
BRF:130
BRH:0
end_of_record
TN:
SF:/Volumes/Dev/GitHub/homebridge-plugin-wrapper/hap-nodejs/lib/util/tlv.js
FN:15,encode
FN:60,decode
FNF:2
FNH:0
FNDA:0,encode
FNDA:0,decode
DA:3,1
DA:10,1
DA:15,1
DA:17,0
DA:20,0
DA:21,0
DA:22,0
DA:23,0
DA:25,0
DA:26,0
DA:28,0
DA:29,0
DA:30,0
DA:32,0
DA:33,0
DA:34,0
DA:35,0
DA:36,0
DA:38,0
DA:39,0
DA:43,0
DA:47,0
DA:50,0
DA:51,0
DA:54,0
DA:57,0
DA:60,1
DA:62,0
DA:64,0
DA:65,0
DA:67,0
DA:68,0
DA:69,0
DA:70,0
DA:71,0
DA:73,0
DA:75,0
DA:76,0
DA:78,0
DA:81,0
DA:82,0
DA:85,0
LF:42
LH:4
BRDA:20,1,0,0
BRDA:20,1,1,0
BRDA:22,2,0,0
BRDA:22,2,1,0
BRDA:25,3,0,0
BRDA:25,3,1,0
BRDA:33,4,0,0
BRDA:33,4,1,0
BRDA:47,5,0,0
BRDA:47,5,1,0
BRDA:75,6,0,0
BRDA:75,6,1,0
BRF:12
BRH:0
end_of_record
TN:
SF:/Volumes/Dev/GitHub/homebridge-plugin-wrapper/hap-nodejs/lib/camera/RTPProxy.js
FN:7,(anonymous_1)
FN:25,(anonymous_2)
FN:28,(anonymous_3)
FN:33,(anonymous_4)
FN:39,(anonymous_5)
FN:54,(anonymous_6)
FN:59,(anonymous_7)
FN:64,(anonymous_8)
FN:69,(anonymous_9)
FN:74,(anonymous_10)
FN:79,(anonymous_11)
FN:84,(anonymous_12)
FN:89,(anonymous_13)
FN:94,(anonymous_14)
FN:103,(anonymous_15)
FN:112,(anonymous_16)
FN:117,(anonymous_17)
FN:121,(anonymous_18)
FN:125,(anonymous_19)
FN:130,(anonymous_20)
FN:153,(anonymous_21)
FN:178,(anonymous_22)
FN:181,(anonymous_23)
FN:195,(anonymous_24)
FN:198,(anonymous_25)
FN:212,(anonymous_26)
FN:214,(anonymous_27)
FN:215,(anonymous_28)
FN:218,(anonymous_29)
FN:230,(anonymous_30)
FN:241,(anonymous_31)
FN:243,(anonymous_32)
FN:244,(anonymous_33)
FN:249,(anonymous_34)
FN:269,(anonymous_35)
FN:274,(anonymous_36)
FN:279,(anonymous_37)
FN:284,(anonymous_38)
FNF:38
FNH:0
FNDA:0,(anonymous_1)
FNDA:0,(anonymous_2)
FNDA:0,(anonymous_3)
FNDA:0,(anonymous_4)
FNDA:0,(anonymous_5)
FNDA:0,(anonymous_6)
FNDA:0,(anonymous_7)
FNDA:0,(anonymous_8)
FNDA:0,(anonymous_9)
FNDA:0,(anonymous_10)
FNDA:0,(anonymous_11)
FNDA:0,(anonymous_12)
FNDA:0,(anonymous_13)
FNDA:0,(anonymous_14)
FNDA:0,(anonymous_15)
FNDA:0,(anonymous_16)
FNDA:0,(anonymous_17)
FNDA:0,(anonymous_18)
FNDA:0,(anonymous_19)
FNDA:0,(anonymous_20)
FNDA:0,(anonymous_21)
FNDA:0,(anonymous_22)
FNDA:0,(anonymous_23)
FNDA:0,(anonymous_24)
FNDA:0,(anonymous_25)
FNDA:0,(anonymous_26)
FNDA:0,(anonymous_27)
FNDA:0,(anonymous_28)
FNDA:0,(anonymous_29)
FNDA:0,(anonymous_30)
FNDA:0,(anonymous_31)
FNDA:0,(anonymous_32)
FNDA:0,(anonymous_33)
FNDA:0,(anonymous_34)
FNDA:0,(anonymous_35)
FNDA:0,(anonymous_36)
FNDA:0,(anonymous_37)
FNDA:0,(anonymous_38)
DA:3,1
DA:4,1
DA:8,0
DA:10,0
DA:11,0
DA:13,0
DA:14,0
DA:16,0
DA:17,0
DA:18,0
DA:19,0
DA:20,0
DA:21,0
DA:22,0
DA:26,0
DA:27,0
DA:29,0
DA:30,0
DA:32,0
DA:34,0
DA:35,0
DA:40,0
DA:41,0
DA:42,0
DA:45,0
DA:46,0
DA:49,0
DA:50,0
DA:55,0
DA:56,0
DA:60,0
DA:61,0
DA:65,0
DA:66,0
DA:70,0
DA:71,0
DA:75,0
DA:76,0
DA:80,0
DA:81,0
DA:85,0
DA:86,0
DA:90,0
DA:91,0
DA:95,0
DA:97,0
DA:98,0
DA:100,0
DA:104,0
DA:106,0
DA:107,0
DA:109,0
DA:113,0
DA:114,0
DA:115,0
DA:117,0
DA:118,0
DA:121,0
DA:122,0
DA:125,0
DA:126,0
DA:131,0
DA:133,0
DA:135,0
DA:136,0
DA:139,0
DA:140,0
DA:141,0
DA:142,0
DA:143,0
DA:146,0
DA:147,0
DA:149,0
DA:150,0
DA:154,0
DA:155,0
DA:156,0
DA:157,0
DA:158,0
DA:159,0
DA:160,0
DA:161,0
DA:162,0
DA:164,0
DA:166,0
DA:167,0
DA:169,0
DA:172,0
DA:173,0
DA:175,0
DA:179,0
DA:181,0
DA:182,0
DA:183,0
DA:185,0
DA:186,0
DA:187,0
DA:188,0
DA:191,0
DA:192,0
DA:196,0
DA:198,0
DA:199,0
DA:200,0
DA:203,0
DA:204,0
DA:208,0
DA:209,0
DA:213,0
DA:214,0
DA:215,0
DA:216,0
DA:218,0
DA:219,0
DA:220,0
DA:222,0
DA:224,0
DA:225,0
DA:228,0
DA:230,0
DA:231,0
DA:234,0
DA:237,0
DA:242,0
DA:243,0
DA:244,0
DA:245,0
DA:246,0
DA:247,0
DA:249,0
DA:250,0
DA:251,0
DA:253,0
DA:254,0
DA:255,0
DA:258,0
DA:259,0
DA:261,0
DA:263,0
DA:264,0
DA:266,0
DA:269,0
DA:270,0
DA:271,0
DA:274,0
DA:275,0
DA:276,0
DA:279,0
DA:280,0
DA:281,0
DA:284,0
DA:285,0
DA:286,0
DA:289,0
DA:290,0
DA:293,0
DA:298,1
LF:157
LH:3
BRDA:11,1,0,0
BRDA:11,1,1,0
BRDA:41,2,0,0
BRDA:41,2,1,0
BRDA:45,3,0,0
BRDA:45,3,1,0
BRDA:49,4,0,0
BRDA:49,4,1,0
BRDA:97,5,0,0
BRDA:97,5,1,0
BRDA:97,6,0,0
BRDA:97,6,1,0
BRDA:106,7,0,0
BRDA:106,7,1,0
BRDA:106,8,0,0
BRDA:106,8,1,0
BRDA:114,9,0,0
BRDA:114,9,1,0
BRDA:133,10,0,0
BRDA:133,10,1,0
BRDA:141,11,0,0
BRDA:141,11,1,0
BRDA:146,12,0,0
BRDA:146,12,1,0
BRDA:160,13,0,0
BRDA:160,13,1,0
BRDA:166,14,0,0
BRDA:166,14,1,0
BRDA:172,15,0,0
BRDA:172,15,1,0
BRDA:182,16,0,0
BRDA:182,16,1,0
BRDA:182,17,0,0
BRDA:182,17,1,0
BRDA:185,18,0,0
BRDA:185,18,1,0
BRDA:191,19,0,0
BRDA:191,19,1,0
BRDA:199,20,0,0
BRDA:199,20,1,0
BRDA:199,21,0,0
BRDA:199,21,1,0
BRDA:208,22,0,0
BRDA:208,22,1,0
BRDA:219,23,0,0
BRDA:219,23,1,0
BRDA:250,24,0,0
BRDA:250,24,1,0
BRDA:250,25,0,0
BRDA:250,25,1,0
BRDA:253,26,0,0
BRDA:253,26,1,0
BRDA:253,27,0,0
BRDA:253,27,1,0
BRDA:258,28,0,0
BRDA:258,28,1,0
BRF:56
BRH:0
end_of_record
